

================================================================
== Vivado HLS Report for 'streamv'
================================================================
* Date:           Wed Jul  6 14:15:31 2022

* Version:        2019.2.1 (Build 2724168 on Thu Dec 05 05:19:09 MST 2019)
* Project:        proj
* Solution:       solution
* Product family: virtexuplus
* Target device:  xcvu9p-flga2104-2L-e


================================================================
== Performance Estimates
================================================================
+ Timing: 
    * Summary: 
    +--------+---------+----------+------------+
    |  Clock |  Target | Estimated| Uncertainty|
    +--------+---------+----------+------------+
    |ap_clk  | 2.78 ns | 2.154 ns |   0.35 ns  |
    +--------+---------+----------+------------+

+ Latency: 
    * Summary: 
    +---------+---------+----------+----------+-----+-----+----------+
    |  Latency (cycles) |  Latency (absolute) |  Interval | Pipeline |
    |   min   |   max   |    min   |    max   | min | max |   Type   |
    +---------+---------+----------+----------+-----+-----+----------+
    |        3|        3| 8.334 ns | 8.334 ns |    1|    1| function |
    +---------+---------+----------+----------+-----+-----+----------+

    + Detail: 
        * Instance: 
        N/A

        * Loop: 
        N/A



================================================================
== Utilization Estimates
================================================================
* Summary: 
+---------------------+---------+-------+---------+---------+-----+
|         Name        | BRAM_18K| DSP48E|    FF   |   LUT   | URAM|
+---------------------+---------+-------+---------+---------+-----+
|DSP                  |        -|      -|        -|        -|    -|
|Expression           |        -|      -|        0|      761|    -|
|FIFO                 |        -|      -|        -|        -|    -|
|Instance             |        -|      -|        0|       17|    -|
|Memory               |        8|      -|        0|        0|    0|
|Multiplexer          |        -|      -|        -|      189|    -|
|Register             |        -|      -|      345|        -|    -|
+---------------------+---------+-------+---------+---------+-----+
|Total                |        8|      0|      345|      967|    0|
+---------------------+---------+-------+---------+---------+-----+
|Available SLR        |     1440|   2280|   788160|   394080|  320|
+---------------------+---------+-------+---------+---------+-----+
|Utilization SLR (%)  |    ~0   |      0|    ~0   |    ~0   |    0|
+---------------------+---------+-------+---------+---------+-----+
|Available            |     4320|   6840|  2364480|  1182240|  960|
+---------------------+---------+-------+---------+---------+-----+
|Utilization (%)      |    ~0   |      0|    ~0   |    ~0   |    0|
+---------------------+---------+-------+---------+---------+-----+

+ Detail: 
    * Instance: 
    +-------------------------+----------------------+---------+-------+---+----+-----+
    |         Instance        |        Module        | BRAM_18K| DSP48E| FF| LUT| URAM|
    +-------------------------+----------------------+---------+-------+---+----+-----+
    |streamv_mux_42_67bkb_U1  |streamv_mux_42_67bkb  |        0|      0|  0|  17|    0|
    +-------------------------+----------------------+---------+-------+---+----+-----+
    |Total                    |                      |        0|      0|  0|  17|    0|
    +-------------------------+----------------------+---------+-------+---+----+-----+

    * DSP48E: 
    N/A

    * Memory: 
    +-------------+-------------------+---------+---+----+-----+------+-----+------+-------------+
    |    Memory   |       Module      | BRAM_18K| FF| LUT| URAM| Words| Bits| Banks| W*Bits*Banks|
    +-------------+-------------------+---------+---+----+-----+------+-----+------+-------------+
    |brams_V_0_U  |streamv_brams_V_0  |        2|  0|   0|    0|   512|   67|     1|        34304|
    |brams_V_1_U  |streamv_brams_V_0  |        2|  0|   0|    0|   512|   67|     1|        34304|
    |brams_V_2_U  |streamv_brams_V_0  |        2|  0|   0|    0|   512|   67|     1|        34304|
    |brams_V_3_U  |streamv_brams_V_0  |        2|  0|   0|    0|   512|   67|     1|        34304|
    +-------------+-------------------+---------+---+----+-----+------+-----+------+-------------+
    |Total        |                   |        8|  0|   0|    0|  2048|  268|     4|       137216|
    +-------------+-------------------+---------+---+----+-----+------+-----+------+-------------+

    * FIFO: 
    N/A

    * Expression: 
    +---------------------------+----------+-------+---+----+------------+------------+
    |       Variable Name       | Operation| DSP48E| FF| LUT| Bitwidth P0| Bitwidth P1|
    +---------------------------+----------+-------+---+----+------------+------------+
    |add_ln214_fu_777_p2        |     +    |      0|  0|   3|           2|           1|
    |add_ln700_1_fu_677_p2      |     +    |      0|  0|   9|           9|           1|
    |add_ln700_2_fu_712_p2      |     +    |      0|  0|   9|           9|           1|
    |add_ln700_fu_645_p2        |     +    |      0|  0|   9|           9|           1|
    |add_ln701_fu_724_p2        |     +    |      0|  0|   9|           9|           2|
    |and_ln791_1_fu_555_p2      |    and   |      0|  0|   2|           1|           1|
    |and_ln791_2_fu_585_p2      |    and   |      0|  0|   2|           1|           1|
    |and_ln791_3_fu_590_p2      |    and   |      0|  0|   2|           1|           1|
    |and_ln791_4_fu_594_p2      |    and   |      0|  0|   2|           1|           1|
    |and_ln791_fu_527_p2        |    and   |      0|  0|   2|           1|           1|
    |ap_block_pp0_stage0_01001  |    and   |      0|  0|   2|           1|           1|
    |icmp_ln791_1_fu_379_p2     |   icmp   |      0|  0|  29|          64|           1|
    |icmp_ln791_fu_367_p2       |   icmp   |      0|  0|  29|          64|           1|
    |icmp_ln879_1_fu_706_p2     |   icmp   |      0|  0|   8|           2|           2|
    |icmp_ln879_2_fu_343_p2     |   icmp   |      0|  0|  29|          64|           1|
    |icmp_ln879_3_fu_349_p2     |   icmp   |      0|  0|  29|          64|           1|
    |icmp_ln879_4_fu_355_p2     |   icmp   |      0|  0|  29|          64|           1|
    |icmp_ln879_fu_337_p2       |   icmp   |      0|  0|  29|          64|           1|
    |icmp_ln895_fu_684_p2       |   icmp   |      0|  0|  13|           9|           1|
    |or_ln27_fu_389_p2          |    or    |      0|  0|   2|           1|           1|
    |or_ln54_fu_657_p2          |    or    |      0|  0|   2|           1|           1|
    |or_ln791_1_fu_373_p2       |    or    |      0|  0|  64|          64|          64|
    |or_ln791_fu_361_p2         |    or    |      0|  0|  64|          64|          64|
    |brams_V_0_d0               |  select  |      0|  0|  75|           1|          67|
    |brams_V_1_d0               |  select  |      0|  0|  75|           1|          67|
    |brams_V_2_d0               |  select  |      0|  0|  75|           1|          67|
    |brams_V_3_d0               |  select  |      0|  0|  75|           1|          67|
    |select_ln791_fu_600_p3     |  select  |      0|  0|  75|           1|          67|
    |ap_enable_pp0              |    xor   |      0|  0|   2|           1|           2|
    |xor_ln54_fu_661_p2         |    xor   |      0|  0|   2|           1|           2|
    |xor_ln791_1_fu_550_p2      |    xor   |      0|  0|   2|           1|           2|
    |xor_ln791_fu_522_p2        |    xor   |      0|  0|   2|           1|           2|
    +---------------------------+----------+-------+---+----+------------+------------+
    |Total                      |          |      0|  0| 761|         578|         494|
    +---------------------------+----------+-------+---+----+------------+------------+

    * Multiplexer: 
    +----------------------------------------------+----+-----------+-----+-----------+
    |                     Name                     | LUT| Input Size| Bits| Total Bits|
    +----------------------------------------------+----+-----------+-----+-----------+
    |ap_phi_mux_p_0197_phi_fu_330_p4               |  15|          3|    1|          3|
    |ap_phi_mux_ptrsep_V_flag_1_phi_fu_287_p4      |   9|          2|    1|          2|
    |ap_phi_mux_ptrsep_V_flag_2_phi_fu_308_p4      |  15|          3|    1|          3|
    |ap_phi_mux_ptrsep_V_new_1_phi_fu_298_p4       |   9|          2|    9|         18|
    |ap_phi_mux_ptrsep_V_new_2_phi_fu_319_p4       |  15|          3|    9|         27|
    |ap_phi_mux_t_V_3_phi_fu_263_p4                |  15|          3|    9|         27|
    |ap_phi_reg_pp0_iter3_ptrsep_V_flag_0_reg_270  |  15|          3|    1|          3|
    |ap_phi_reg_pp0_iter3_ptrsep_V_flag_1_reg_283  |   9|          2|    1|          2|
    |ap_phi_reg_pp0_iter3_ptrsep_V_new_1_reg_295   |   9|          2|    9|         18|
    |ap_sig_allocacmp_readidx_V_load               |   9|          2|    2|          4|
    |ap_sig_allocacmp_t_V_1                        |   9|          2|    9|         18|
    |candout_V                                     |  15|          3|   64|        192|
    |first                                         |  15|          3|    1|          3|
    |last                                          |  15|          3|    1|          3|
    |t_V_3_reg_260                                 |  15|          3|    9|         27|
    +----------------------------------------------+----+-----------+-----+-----------+
    |Total                                         | 189|         39|  127|        350|
    +----------------------------------------------+----+-----------+-----+-----------+

    * Register: 
    +----------------------------------------------+----+----+-----+-----------+
    |                     Name                     | FF | LUT| Bits| Const Bits|
    +----------------------------------------------+----+----+-----+-----------+
    |ap_CS_fsm                                     |   1|   0|    1|          0|
    |ap_enable_reg_pp0_iter1                       |   1|   0|    1|          0|
    |ap_enable_reg_pp0_iter2                       |   1|   0|    1|          0|
    |ap_enable_reg_pp0_iter3                       |   1|   0|    1|          0|
    |ap_phi_reg_pp0_iter1_ptrsep_V_flag_0_reg_270  |   1|   0|    1|          0|
    |ap_phi_reg_pp0_iter1_ptrsep_V_flag_1_reg_283  |   1|   0|    1|          0|
    |ap_phi_reg_pp0_iter1_ptrsep_V_new_1_reg_295   |   9|   0|    9|          0|
    |ap_phi_reg_pp0_iter2_ptrsep_V_flag_0_reg_270  |   1|   0|    1|          0|
    |ap_phi_reg_pp0_iter2_ptrsep_V_flag_1_reg_283  |   1|   0|    1|          0|
    |ap_phi_reg_pp0_iter2_ptrsep_V_new_1_reg_295   |   9|   0|    9|          0|
    |ap_phi_reg_pp0_iter3_ptrsep_V_flag_0_reg_270  |   1|   0|    1|          0|
    |ap_phi_reg_pp0_iter3_ptrsep_V_flag_1_reg_283  |   1|   0|    1|          0|
    |ap_phi_reg_pp0_iter3_ptrsep_V_new_1_reg_295   |   9|   0|    9|          0|
    |candin_0_V_read_reg_813                       |  64|   0|   64|          0|
    |candin_1_V_read_reg_826                       |  64|   0|   64|          0|
    |candin_2_V_read_reg_841                       |  64|   0|   64|          0|
    |candin_3_V_read_reg_854                       |  64|   0|   64|          0|
    |eventstart_read_reg_805                       |   1|   0|    1|          0|
    |icmp_ln791_1_reg_874                          |   1|   0|    1|          0|
    |icmp_ln791_reg_868                            |   1|   0|    1|          0|
    |icmp_ln879_1_reg_917                          |   1|   0|    1|          0|
    |icmp_ln879_2_reg_833                          |   1|   0|    1|          0|
    |icmp_ln879_3_reg_847                          |   1|   0|    1|          0|
    |icmp_ln879_4_reg_860                          |   1|   0|    1|          0|
    |icmp_ln879_reg_819                            |   1|   0|    1|          0|
    |icmp_ln895_reg_887                            |   1|   0|    1|          0|
    |lastvalid_read_reg_794                        |   1|   0|    1|          0|
    |or_ln27_reg_879                               |   1|   0|    1|          0|
    |ptrsep_V                                      |   9|   0|    9|          0|
    |rdptr_V                                       |   9|   0|    9|          0|
    |readidx_V                                     |   2|   0|    2|          0|
    |readidx_V_load_reg_891                        |   2|   0|    2|          0|
    |t_V_3_reg_260                                 |   9|   0|    9|          0|
    |write_r                                       |   1|   0|    1|          0|
    |wrptr_V                                       |   9|   0|    9|          0|
    +----------------------------------------------+----+----+-----+-----------+
    |Total                                         | 345|   0|  345|          0|
    +----------------------------------------------+----+----+-----+-----------+



================================================================
== Interface
================================================================
* Summary: 
+------------------+-----+-----+------------+--------------+--------------+
|     RTL Ports    | Dir | Bits|  Protocol  | Source Object|    C Type    |
+------------------+-----+-----+------------+--------------+--------------+
|ap_clk            |  in |    1| ap_ctrl_hs |    streamv   | return value |
|ap_rst            |  in |    1| ap_ctrl_hs |    streamv   | return value |
|ap_start          |  in |    1| ap_ctrl_hs |    streamv   | return value |
|ap_done           | out |    1| ap_ctrl_hs |    streamv   | return value |
|ap_idle           | out |    1| ap_ctrl_hs |    streamv   | return value |
|ap_ready          | out |    1| ap_ctrl_hs |    streamv   | return value |
|ap_return         | out |    1| ap_ctrl_hs |    streamv   | return value |
|candin_0_V        |  in |   64|   ap_none  |  candin_0_V  |    pointer   |
|candin_1_V        |  in |   64|   ap_none  |  candin_1_V  |    pointer   |
|candin_2_V        |  in |   64|   ap_none  |  candin_2_V  |    pointer   |
|candin_3_V        |  in |   64|   ap_none  |  candin_3_V  |    pointer   |
|candout_V         | out |   64|   ap_vld   |   candout_V  |    pointer   |
|candout_V_ap_vld  | out |    1|   ap_vld   |   candout_V  |    pointer   |
|eventstart        |  in |    1|   ap_none  |  eventstart  |    scalar    |
|lastvalid         |  in |    1|   ap_none  |   lastvalid  |    scalar    |
|first             | out |    1|   ap_vld   |     first    |    pointer   |
|first_ap_vld      | out |    1|   ap_vld   |     first    |    pointer   |
|last              | out |    1|   ap_vld   |     last     |    pointer   |
|last_ap_vld       | out |    1|   ap_vld   |     last     |    pointer   |
+------------------+-----+-----+------------+--------------+--------------+

