#
# An unexpected error has occurred (6)
#
Stack:
/lib64/libc.so.6(+0x36400) [0x7f6e02830400]
/lib64/libc.so.6(gsignal+0x37) [0x7f6e02830387]
/lib64/libc.so.6(abort+0x148) [0x7f6e02831a78]
/data1/Xilinx/Vivado/2019.2/lib/lnx64.o/Default/libstdc++.so.6(_ZN9__gnu_cxx27__verbose_terminate_handlerEv+0x15d) [0x7f6e02e6e33d]
/data1/Xilinx/Vivado/2019.2/lib/lnx64.o/Default/libstdc++.so.6(+0x8e316) [0x7f6e02e6c316]
/data1/Xilinx/Vivado/2019.2/lib/lnx64.o/Default/libstdc++.so.6(+0x8e361) [0x7f6e02e6c361]
/data1/Xilinx/Vivado/2019.2/lib/lnx64.o/Default/libstdc++.so.6(__cxa_rethrow+0x46) [0x7f6e02e6c5c6]
/data1/Xilinx/Vivado/2019.2/lib/lnx64.o/Default/libstdc++.so.6(_ZNSo5writeEPKcl+0x13d) [0x7f6e02ee9fcd]
/data1/Xilinx/Vivado/2019.2/lib/lnx64.o/librdi_simbridge_kernel.so(+0x51ded) [0x7f6db666cded]
/data1/Xilinx/Vivado/2019.2/lib/lnx64.o/librdi_simbridge_kernel.so(SimBridge::WdbEventBlock::addBlock(SimBridge::WdbIBlockManager&, unsigned int&) const+0xf2) [0x7f6db6672cf2]
/data1/Xilinx/Vivado/2019.2/lib/lnx64.o/librdi_simbridge_kernel.so(SimBridge::WdbMultipleBucketEventDatabase::saveEvent(SimBridge::WdbAppendingBlockList<SimBridge::WdbEventBlock, 100>*, long long, long long, unsigned int, unsigned char const*)+0x1d1) [0x7f6db668a591]
/data1/Xilinx/Vivado/2019.2/lib/lnx64.o/librdi_simbridge_kernel.so(SimBridge::WdbMultipleBucketEventDatabase::writeEvent(long long, long long, unsigned int, unsigned char const*)+0xe0) [0x7f6db668a830]
/data1/Xilinx/Vivado/2019.2/lib/lnx64.o/librdi_simbridge_kernel.so(SimBridge::WdbSharedMemReader::runReadThread(SimBridge::WdbIEventBlockDatabase*)+0x95) [0x7f6db6692d35]
/data1/Xilinx/Vivado/2019.2/lib/lnx64.o/libboost_thread.so(+0xfa0d) [0x7f6e00d59a0d]
/lib64/libpthread.so.0(+0x7ea5) [0x7f6e025e5ea5]
/lib64/libc.so.6(clone+0x6d) [0x7f6e028f89fd]
