INFO: [SIM 2] *************** CSIM start ***************
INFO: [SIM 4] CSIM will launch GCC as the compiler.
   Compiling ../../../../testbench.cc in debug mode
   Generating csim.exe
Test #0: npuppi = 256 
Test #1: npuppi = 152 
Test #2: npuppi = 76 
Test #3: npuppi = 124 
Test #4: npuppi = 99 
Test #5: npuppi = 116 
Test #6: npuppi = 38 
Test #7: npuppi = 69 
Test #8: npuppi = 15 
Test #9: npuppi = 256 
Test #10: npuppi = 256 
Test #11: npuppi = 23 
Test #12: npuppi = 176 
Test #13: npuppi = 179 
Test #14: npuppi = 256 
Test #15: npuppi = 93 
Test #16: npuppi = 86 
Test #17: npuppi = 2 
Test #18: npuppi = 59 
Test #19: npuppi = 256 
Test #20: npuppi = 111 
Test #21: npuppi = 51 
Test #22: npuppi = 30 
Test #23: npuppi = 21 
Test #24: npuppi = 256 
Test #25: npuppi = 25 
Test #26: npuppi = 113 
Test #27: npuppi = 1 
Test #28: npuppi = 2 
Test #29: npuppi = 127 
Test #30: npuppi = 2 
Test #31: npuppi = 160 
Test #32: npuppi = 93 
Test #33: npuppi = 139 
Test #34: npuppi = 198 
Test #35: npuppi = 14 
Test #36: npuppi = 168 
Test #37: npuppi = 159 
Test #38: npuppi = 17 
Test #39: npuppi = 45 
Test #40: npuppi = 152 
Test #41: npuppi = 186 
Test #42: npuppi = 62 
Test #43: npuppi = 16 
Test #44: npuppi = 139 
Test #45: npuppi = 96 
Test #46: npuppi = 100 
Test #47: npuppi = 198 
Test #48: npuppi = 256 
Test #49: npuppi = 35 
Test #50: npuppi = 81 
Test #51: npuppi = 87 
Test #52: npuppi = 81 
Test #53: npuppi = 129 
Test #54: npuppi = 137 
Test #55: npuppi = 256 
Test #56: npuppi = 80 
Test #57: npuppi = 2 
Test #58: npuppi = 186 
Test #59: npuppi = 67 
Test #60: npuppi = 256 
Test #61: npuppi = 140 
Test #62: npuppi = 71 
Test #63: npuppi = 256 
Test #64: npuppi = 94 
Test #65: npuppi = 71 
Test #66: npuppi = 200 
Test #67: npuppi = 132 
Test #68: npuppi = 7 
Test #69: npuppi = 256 
Test #70: npuppi = 87 
Test #71: npuppi = 43 
Test #72: npuppi = 73 
Test #73: npuppi = 256 
Test #74: npuppi = 189 
Test #75: npuppi = 50 
Test #76: npuppi = 256 
Test #77: npuppi = 171 
Test #78: npuppi = 256 
Test #79: npuppi = 182 
Test #80: npuppi = 129 
Test #81: npuppi = 43 
Test #82: npuppi = 80 
Test #83: npuppi = 192 
Test #84: npuppi = 176 
Test #85: npuppi = 162 
Test #86: npuppi = 256 
Test #87: npuppi = 70 
Test #88: npuppi = 256 
Test #89: npuppi = 256 
Test #90: npuppi = 256 
Test #91: npuppi = 106 
Test #92: npuppi = 256 
Test #93: npuppi = 84 
Test #94: npuppi = 93 
Test #95: npuppi = 256 
Test #96: npuppi = 15 
Test #97: npuppi = 7 
Test #98: npuppi = 170 
Test #99: npuppi = 154 
Test #100: npuppi = 177 
Test #101: npuppi = 256 
Test #102: npuppi = 167 
Test #103: npuppi = 40 
Test #104: npuppi = 122 
Test #105: npuppi = 256 
Test #106: npuppi = 165 
Test #107: npuppi = 256 
Test #108: npuppi = 11 
Test #109: npuppi = 69 
Test #110: npuppi = 172 
Test #111: npuppi = 115 
Test #112: npuppi = 256 
Test #113: npuppi = 132 
Test #114: npuppi = 256 
Test #115: npuppi = 256 
Test #116: npuppi = 192 
Test #117: npuppi = 189 
Test #118: npuppi = 256 
Test #119: npuppi = 256 
Test #120: npuppi = 71 
Test #121: npuppi = 120 
Test #122: npuppi = 256 
Test #123: npuppi = 40 
Test #124: npuppi = 167 
Test #125: npuppi = 113 
Test #126: npuppi = 54 
Test #127: npuppi = 165 
Test #128: npuppi = 147 
Test #129: npuppi = 69 
Test #130: npuppi = 166 
Test #131: npuppi = 176 
Test #132: npuppi = 256 
Test #133: npuppi = 91 
Test #134: npuppi = 54 
Test #135: npuppi = 147 
Test #136: npuppi = 32 
Test #137: npuppi = 69 
Test #138: npuppi = 156 
Test #139: npuppi = 256 
Test #140: npuppi = 132 
Test #141: npuppi = 130 
Test #142: npuppi = 103 
Test #143: npuppi = 15 
Test #144: npuppi = 37 
Test #145: npuppi = 256 
Test #146: npuppi = 115 
Test #147: npuppi = 106 
Test #148: npuppi = 186 
Test #149: npuppi = 71 
Test #150: npuppi = 50 
Test #151: npuppi = 108 
Test #152: npuppi = 31 
Test #153: npuppi = 49 
Test #154: npuppi = 194 
Test #155: npuppi = 12 
Test #156: npuppi = 256 
Test #157: npuppi = 23 
Test #158: npuppi = 83 
Test #159: npuppi = 256 
Test #160: npuppi = 86 
Test #161: npuppi = 1 
Test #162: npuppi = 106 
Test #163: npuppi = 17 
Test #164: npuppi = 256 
Test #165: npuppi = 56 
Test #166: npuppi = 256 
Test #167: npuppi = 43 
Test #168: npuppi = 164 
Test #169: npuppi = 177 
Test #170: npuppi = 127 
Test #171: npuppi = 134 
Test #172: npuppi = 12 
Test #173: npuppi = 2 
Test #174: npuppi = 256 
Test #175: npuppi = 130 
Test #176: npuppi = 256 
Test #177: npuppi = 75 
Test #178: npuppi = 100 
Test #179: npuppi = 177 
Test #180: npuppi = 176 
Test #181: npuppi = 17 
Test #182: npuppi = 256 
Test #183: npuppi = 131 
Test #184: npuppi = 256 
Test #185: npuppi = 256 
Test #186: npuppi = 183 
Test #187: npuppi = 190 
Test #188: npuppi = 125 
Test #189: npuppi = 14 
Test #190: npuppi = 46 
Test #191: npuppi = 45 
Test #192: npuppi = 256 
Test #193: npuppi = 15 
Test #194: npuppi = 188 
Test #195: npuppi = 28 
Test #196: npuppi = 42 
Test #197: npuppi = 117 
Test #198: npuppi = 112 
Test #199: npuppi = 256 
Test #200: npuppi = 112 
Test #201: npuppi = 52 
Test #202: npuppi = 256 
Test #203: npuppi = 115 
Test #204: npuppi = 136 
Test #205: npuppi = 112 
Test #206: npuppi = 7 
Test #207: npuppi = 15 
Test #208: npuppi = 256 
Test #209: npuppi = 23 
Test #210: npuppi = 197 
Test #211: npuppi = 132 
Test #212: npuppi = 40 
Test #213: npuppi = 256 
Test #214: npuppi = 84 
Test #215: npuppi = 84 
Test #216: npuppi = 173 
Test #217: npuppi = 90 
Test #218: npuppi = 57 
Test #219: npuppi = 256 
Test #220: npuppi = 49 
Test #221: npuppi = 256 
Test #222: npuppi = 157 
Test #223: npuppi = 66 
Test #224: npuppi = 145 
Test #225: npuppi = 134 
Test #226: npuppi = 112 
Test #227: npuppi = 54 
Test #228: npuppi = 162 
Test #229: npuppi = 256 
Test #230: npuppi = 27 
Test #231: npuppi = 145 
Test #232: npuppi = 23 
Test #233: npuppi = 65 
Test #234: npuppi = 256 
Test #235: npuppi = 88 
Test #236: npuppi = 128 
Test #237: npuppi = 256 
Test #238: npuppi = 29 
Test #239: npuppi = 83 
Test #240: npuppi = 91 
Test #241: npuppi = 165 
Test #242: npuppi = 9 
Test #243: npuppi = 69 
Test #244: npuppi = 148 
Test #245: npuppi = 256 
Test #246: npuppi = 256 
Test #247: npuppi = 256 
Test #248: npuppi = 6 
Test #249: npuppi = 113 
Test #250: npuppi = 192 
Test #251: npuppi = 149 
Test #252: npuppi = 43 
Test #253: npuppi = 126 
Test #254: npuppi = 18 
Test #255: npuppi = 64 
Test #256: npuppi = 167 
Test #257: npuppi = 256 
Test #258: npuppi = 49 
Test #259: npuppi = 158 
Test #260: npuppi = 99 
Test #261: npuppi = 184 
Test #262: npuppi = 130 
Test #263: npuppi = 125 
Test #264: npuppi = 19 
Test #265: npuppi = 68 
Test #266: npuppi = 23 
Test #267: npuppi = 127 
Test #268: npuppi = 76 
Test #269: npuppi = 256 
Test #270: npuppi = 256 
Test #271: npuppi = 164 
Test #272: npuppi = 126 
Test #273: npuppi = 58 
Test #274: npuppi = 47 
Test #275: npuppi = 256 
Test #276: npuppi = 256 
Test #277: npuppi = 178 
Test #278: npuppi = 140 
Test #279: npuppi = 170 
Test #280: npuppi = 256 
Test #281: npuppi = 136 
Test #282: npuppi = 9 
Test #283: npuppi = 256 
Test #284: npuppi = 142 
Test #285: npuppi = 256 
Test #286: npuppi = 100 
Test #287: npuppi = 83 
Test #288: npuppi = 101 
Test #289: npuppi = 31 
Test #290: npuppi = 77 
Test #291: npuppi = 188 
Test #292: npuppi = 179 
Test #293: npuppi = 44 
Test #294: npuppi = 20 
Test #295: npuppi = 46 
Test #296: npuppi = 71 
Test #297: npuppi = 82 
Test #298: npuppi = 256 
Test #299: npuppi = 256 
Test #300: npuppi = 256 
Test #301: npuppi = 153 
Test #302: npuppi = 7 
Test #303: npuppi = 190 
Test #304: npuppi = 22 
Test #305: npuppi = 135 
Test #306: npuppi = 3 
Test #307: npuppi = 7 
Test #308: npuppi = 39 
Test #309: npuppi = 163 
Test #310: npuppi = 112 
Test #311: npuppi = 66 
Test #312: npuppi = 121 
Test #313: npuppi = 32 
Test #314: npuppi = 172 
Test #315: npuppi = 88 
Test #316: npuppi = 256 
Test #317: npuppi = 197 
Test #318: npuppi = 16 
Test #319: npuppi = 155 
Test #320: npuppi = 173 
Test #321: npuppi = 160 
Test #322: npuppi = 32 
Test #323: npuppi = 108 
Test #324: npuppi = 256 
Test #325: npuppi = 256 
Test #326: npuppi = 151 
Test #327: npuppi = 101 
Test #328: npuppi = 112 
Test #329: npuppi = 122 
Test #330: npuppi = 90 
Test #331: npuppi = 193 
Test #332: npuppi = 26 
Test #333: npuppi = 123 
Test #334: npuppi = 190 
Test #335: npuppi = 256 
Test #336: npuppi = 256 
Test #337: npuppi = 144 
Test #338: npuppi = 54 
Test #339: npuppi = 113 
Test #340: npuppi = 120 
Test #341: npuppi = 256 
Test #342: npuppi = 163 
Test #343: npuppi = 134 
Test #344: npuppi = 13 
Test #345: npuppi = 3 
Test #346: npuppi = 42 
Test #347: npuppi = 28 
Test #348: npuppi = 165 
Test #349: npuppi = 256 
Test #350: npuppi = 29 
Test #351: npuppi = 34 
Test #352: npuppi = 256 
Test #353: npuppi = 123 
Test #354: npuppi = 150 
Test #355: npuppi = 171 
Test #356: npuppi = 49 
Test #357: npuppi = 256 
Test #358: npuppi = 9 
Test #359: npuppi = 125 
Test #360: npuppi = 256 
Test #361: npuppi = 139 
Test #362: npuppi = 256 
Test #363: npuppi = 256 
Test #364: npuppi = 256 
Test #365: npuppi = 64 
Test #366: npuppi = 48 
Test #367: npuppi = 256 
Test #368: npuppi = 193 
Test #369: npuppi = 134 
Test #370: npuppi = 11 
Test #371: npuppi = 140 
Test #372: npuppi = 63 
Test #373: npuppi = 30 
Test #374: npuppi = 72 
Test #375: npuppi = 68 
Test #376: npuppi = 137 
Test #377: npuppi = 83 
Test #378: npuppi = 81 
Test #379: npuppi = 141 
Test #380: npuppi = 25 
Test #381: npuppi = 256 
Test #382: npuppi = 84 
Test #383: npuppi = 56 
Test #384: npuppi = 20 
Test #385: npuppi = 168 
Test #386: npuppi = 116 
Test #387: npuppi = 48 
Test #388: npuppi = 109 
Test #389: npuppi = 34 
Test #390: npuppi = 256 
Test #391: npuppi = 128 
Test #392: npuppi = 147 
Test #393: npuppi = 256 
Test #394: npuppi = 256 
Test #395: npuppi = 183 
Test #396: npuppi = 256 
Test #397: npuppi = 173 
Test #398: npuppi = 256 
Test #399: npuppi = 88 
Test #400: npuppi = 183 
Test #401: npuppi = 80 
Test #402: npuppi = 167 
Test #403: npuppi = 256 
Test #404: npuppi = 171 
Test #405: npuppi = 23 
Test #406: npuppi = 124 
Test #407: npuppi = 39 
Test #408: npuppi = 68 
Test #409: npuppi = 123 
Test #410: npuppi = 84 
Test #411: npuppi = 256 
Test #412: npuppi = 256 
Test #413: npuppi = 256 
Test #414: npuppi = 129 
Test #415: npuppi = 256 
Test #416: npuppi = 50 
Test #417: npuppi = 162 
Test #418: npuppi = 256 
Test #419: npuppi = 256 
Test #420: npuppi = 40 
Test #421: npuppi = 170 
Test #422: npuppi = 126 
Test #423: npuppi = 176 
Test #424: npuppi = 256 
Test #425: npuppi = 256 
Test #426: npuppi = 151 
Test #427: npuppi = 256 
Test #428: npuppi = 256 
Test #429: npuppi = 68 
Test #430: npuppi = 2 
Test #431: npuppi = 137 
Test #432: npuppi = 76 
Test #433: npuppi = 67 
Test #434: npuppi = 31 
Test #435: npuppi = 141 
Test #436: npuppi = 23 
Test #437: npuppi = 71 
Test #438: npuppi = 178 
Test #439: npuppi = 256 
Test #440: npuppi = 129 
Test #441: npuppi = 24 
Test #442: npuppi = 176 
Test #443: npuppi = 77 
Test #444: npuppi = 147 
Test #445: npuppi = 185 
Test #446: npuppi = 22 
Test #447: npuppi = 1 
Test #448: npuppi = 76 
Test #449: npuppi = 24 
Test #450: npuppi = 189 
Test #451: npuppi = 76 
Test #452: npuppi = 48 
Test #453: npuppi = 176 
Test #454: npuppi = 256 
Test #455: npuppi = 13 
Test #456: npuppi = 181 
Test #457: npuppi = 256 
Test #458: npuppi = 109 
Test #459: npuppi = 85 
Test #460: npuppi = 196 
Test #461: npuppi = 24 
Test #462: npuppi = 134 
Test #463: npuppi = 256 
Test #464: npuppi = 148 
Test #465: npuppi = 13 
Test #466: npuppi = 51 
Test #467: npuppi = 145 
Test #468: npuppi = 5 
Test #469: npuppi = 24 
Test #470: npuppi = 34 
Test #471: npuppi = 119 
Test #472: npuppi = 141 
Test #473: npuppi = 84 
Test #474: npuppi = 27 
Test #475: npuppi = 178 
Test #476: npuppi = 187 
Test #477: npuppi = 62 
Test #478: npuppi = 256 
Test #479: npuppi = 33 
Test #480: npuppi = 31 
Test #481: npuppi = 104 
Test #482: npuppi = 80 
Test #483: npuppi = 139 
Test #484: npuppi = 121 
Test #485: npuppi = 10 
Test #486: npuppi = 71 
Test #487: npuppi = 256 
Test #488: npuppi = 173 
Test #489: npuppi = 129 
Test #490: npuppi = 120 
Test #491: npuppi = 90 
Test #492: npuppi = 256 
Test #493: npuppi = 85 
Test #494: npuppi = 152 
Test #495: npuppi = 139 
Test #496: npuppi = 50 
Test #497: npuppi = 4 
Test #498: npuppi = 256 
Test #499: npuppi = 109 
INFO: [SIM 1] CSim done with 0 errors.
INFO: [SIM 3] *************** CSIM finish ***************
