INFO: [SIM 2] *************** CSIM start ***************
INFO: [SIM 4] CSIM will launch GCC as the compiler.
   Compiling ../../../../src/algo.cpp in debug mode
   Generating csim.exe
INFO from test 1
 Algo result     : 58
 Reference result: 58
INFO from test 2
 Algo result     : 56
 Reference result: 56
INFO from test 3
 Algo result     : 61
 Reference result: 61
INFO from test 4
 Algo result     : 48
 Reference result: 48
INFO from test 5
 Algo result     : 58
 Reference result: 58
INFO from test 6
 Algo result     : 47
 Reference result: 47
INFO from test 7
 Algo result     : 56
 Reference result: 56
INFO from test 8
 Algo result     : 58
 Reference result: 58
INFO from test 9
 Algo result     : 59
 Reference result: 59
INFO from test 10
 Algo result     : 65
 Reference result: 65
INFO from test 11
 Algo result     : 54
 Reference result: 54
INFO from test 12
 Algo result     : 55
 Reference result: 55
INFO from test 13
 Algo result     : 60
 Reference result: 60
INFO from test 14
 Algo result     : 56
 Reference result: 56
INFO from test 15
 Algo result     : 59
 Reference result: 59
INFO from test 16
 Algo result     : 56
 Reference result: 56
INFO from test 17
 Algo result     : 60
 Reference result: 60
INFO from test 18
 Algo result     : 54
 Reference result: 54
INFO from test 19
 Algo result     : 40
 Reference result: 40
INFO from test 20
 Algo result     : 54
 Reference result: 54
INFO from test 21
 Algo result     : 61
 Reference result: 61
INFO from test 22
 Algo result     : 64
 Reference result: 64
INFO from test 23
 Algo result     : 56
 Reference result: 56
INFO from test 24
 Algo result     : 51
 Reference result: 51
INFO from test 25
 Algo result     : 53
 Reference result: 53
INFO from test 26
 Algo result     : 52
 Reference result: 52
INFO from test 27
 Algo result     : 51
 Reference result: 51
INFO from test 28
 Algo result     : 53
 Reference result: 53
INFO from test 29
 Algo result     : 53
 Reference result: 53
INFO from test 30
 Algo result     : 66
 Reference result: 66
INFO from test 31
 Algo result     : 57
 Reference result: 57
INFO from test 32
 Algo result     : 81
 Reference result: 81
INFO from test 33
 Algo result     : 53
 Reference result: 53
INFO from test 34
 Algo result     : 44
 Reference result: 44
INFO from test 35
 Algo result     : 44
 Reference result: 44
INFO from test 36
 Algo result     : 55
 Reference result: 55
INFO from test 37
 Algo result     : 65
 Reference result: 65
INFO from test 38
 Algo result     : 56
 Reference result: 56
INFO from test 39
 Algo result     : 65
 Reference result: 65
INFO from test 40
 Algo result     : 63
 Reference result: 63
INFO from test 41
 Algo result     : 53
 Reference result: 53
INFO from test 42
 Algo result     : 42
 Reference result: 42
INFO from test 43
 Algo result     : 56
 Reference result: 56
INFO from test 44
 Algo result     : 68
 Reference result: 68
INFO from test 45
 Algo result     : 49
 Reference result: 49
INFO from test 46
 Algo result     : 58
 Reference result: 58
INFO from test 47
 Algo result     : 78
 Reference result: 78
INFO from test 48
 Algo result     : 58
 Reference result: 58
INFO from test 49
 Algo result     : 59
 Reference result: 59
INFO from test 50
 Algo result     : 53
 Reference result: 53
INFO from test 51
 Algo result     : 71
 Reference result: 71
INFO from test 52
 Algo result     : 63
 Reference result: 63
INFO from test 53
 Algo result     : 47
 Reference result: 47
INFO from test 54
 Algo result     : 56
 Reference result: 56
INFO from test 55
 Algo result     : 58
 Reference result: 58
INFO from test 56
 Algo result     : 49
 Reference result: 49
INFO from test 57
 Algo result     : 53
 Reference result: 53
INFO from test 58
 Algo result     : 54
 Reference result: 54
INFO from test 59
 Algo result     : 62
 Reference result: 62
INFO from test 60
 Algo result     : 56
 Reference result: 56
INFO from test 61
 Algo result     : 53
 Reference result: 53
INFO from test 62
 Algo result     : 59
 Reference result: 59
INFO from test 63
 Algo result     : 60
 Reference result: 60
INFO from test 64
 Algo result     : 54
 Reference result: 54
INFO from test 65
 Algo result     : 51
 Reference result: 51
INFO from test 66
 Algo result     : 57
 Reference result: 57
INFO from test 67
 Algo result     : 57
 Reference result: 57
INFO from test 68
 Algo result     : 63
 Reference result: 63
INFO from test 69
 Algo result     : 65
 Reference result: 65
INFO from test 70
 Algo result     : 66
 Reference result: 66
INFO from test 71
 Algo result     : 54
 Reference result: 54
INFO from test 72
 Algo result     : 68
 Reference result: 68
INFO from test 73
 Algo result     : 61
 Reference result: 61
INFO from test 74
 Algo result     : 72
 Reference result: 72
INFO from test 75
 Algo result     : 51
 Reference result: 51
INFO from test 76
 Algo result     : 56
 Reference result: 56
INFO from test 77
 Algo result     : 60
 Reference result: 60
INFO from test 78
 Algo result     : 54
 Reference result: 54
INFO from test 79
 Algo result     : 60
 Reference result: 60
INFO from test 80
 Algo result     : 61
 Reference result: 61
INFO from test 81
 Algo result     : 47
 Reference result: 47
INFO from test 82
 Algo result     : 66
 Reference result: 66
INFO from test 83
 Algo result     : 46
 Reference result: 46
INFO from test 84
 Algo result     : 58
 Reference result: 58
INFO from test 85
 Algo result     : 66
 Reference result: 66
INFO from test 86
 Algo result     : 57
 Reference result: 57
INFO from test 87
 Algo result     : 56
 Reference result: 56
INFO from test 88
 Algo result     : 71
 Reference result: 71
INFO from test 89
 Algo result     : 65
 Reference result: 65
INFO from test 90
 Algo result     : 57
 Reference result: 57
INFO from test 91
 Algo result     : 50
 Reference result: 50
INFO from test 92
 Algo result     : 60
 Reference result: 60
INFO from test 93
 Algo result     : 64
 Reference result: 64
INFO from test 94
 Algo result     : 56
 Reference result: 56
INFO from test 95
 Algo result     : 52
 Reference result: 52
INFO from test 96
 Algo result     : 57
 Reference result: 57
INFO from test 97
 Algo result     : 54
 Reference result: 54
INFO from test 98
 Algo result     : 59
 Reference result: 59
INFO from test 99
 Algo result     : 55
 Reference result: 55
INFO from test 100
 Algo result     : 58
 Reference result: 58
INFO: [SIM 1] CSim done with 0 errors.
INFO: [SIM 3] *************** CSIM finish ***************
