

================================================================
== Vivado HLS Report for 'count'
================================================================
* Date:           Thu Jun  2 17:08:20 2022

* Version:        2019.2.1 (Build 2724168 on Thu Dec 05 05:19:09 MST 2019)
* Project:        proj
* Solution:       solution
* Product family: virtexuplus
* Target device:  xcvu9p-flga2104-2L-e


================================================================
== Performance Estimates
================================================================
+ Timing: 
    * Summary: 
    +--------+---------+----------+------------+
    |  Clock |  Target | Estimated| Uncertainty|
    +--------+---------+----------+------------+
    |ap_clk  | 2.78 ns | 2.278 ns |   0.35 ns  |
    +--------+---------+----------+------------+

+ Latency: 
    * Summary: 
    +---------+---------+----------+----------+-----+-----+----------+
    |  Latency (cycles) |  Latency (absolute) |  Interval | Pipeline |
    |   min   |   max   |    min   |    max   | min | max |   Type   |
    +---------+---------+----------+----------+-----+-----+----------+
    |        2|        2| 5.556 ns | 5.556 ns |    1|    1| function |
    +---------+---------+----------+----------+-----+-----+----------+

    + Detail: 
        * Instance: 
        N/A

        * Loop: 
        N/A



================================================================
== Utilization Estimates
================================================================
* Summary: 
+---------------------+---------+-------+---------+---------+-----+
|         Name        | BRAM_18K| DSP48E|    FF   |   LUT   | URAM|
+---------------------+---------+-------+---------+---------+-----+
|DSP                  |        -|      -|        -|        -|    -|
|Expression           |        -|      -|        0|      108|    -|
|FIFO                 |        -|      -|        -|        -|    -|
|Instance             |        -|      -|        -|        -|    -|
|Memory               |        -|      -|        -|        -|    -|
|Multiplexer          |        -|      -|        -|     2592|    -|
|Register             |        -|      -|    20206|        -|    -|
+---------------------+---------+-------+---------+---------+-----+
|Total                |        0|      0|    20206|     2700|    0|
+---------------------+---------+-------+---------+---------+-----+
|Available SLR        |     1440|   2280|   788160|   394080|  320|
+---------------------+---------+-------+---------+---------+-----+
|Utilization SLR (%)  |        0|      0|        2|    ~0   |    0|
+---------------------+---------+-------+---------+---------+-----+
|Available            |     4320|   6840|  2364480|  1182240|  960|
+---------------------+---------+-------+---------+---------+-----+
|Utilization (%)      |        0|      0|    ~0   |    ~0   |    0|
+---------------------+---------+-------+---------+---------+-----+

+ Detail: 
    * Instance: 
    N/A

    * DSP48E: 
    N/A

    * Memory: 
    N/A

    * FIFO: 
    N/A

    * Expression: 
    +---------------------------+----------+-------+---+----+------------+------------+
    |       Variable Name       | Operation| DSP48E| FF| LUT| Bitwidth P0| Bitwidth P1|
    +---------------------------+----------+-------+---+----+------------+------------+
    |add_ln214_fu_4407_p2       |     +    |      0|  0|  12|          12|           2|
    |add_ln700_1_fu_4384_p2     |     +    |      0|  0|   8|           8|           1|
    |add_ln700_2_fu_4400_p2     |     +    |      0|  0|   6|           5|           1|
    |add_ln700_3_fu_5949_p2     |     +    |      0|  0|   8|           8|           1|
    |add_ln700_4_fu_8346_p2     |     +    |      0|  0|   8|           8|           1|
    |add_ln700_5_fu_7000_p2     |     +    |      0|  0|   8|           8|           1|
    |add_ln700_fu_4377_p2       |     +    |      0|  0|  12|          12|           1|
    |add_ln701_fu_8358_p2       |     +    |      0|  0|   6|           5|           2|
    |and_ln20_fu_2805_p2        |    and   |      0|  0|   2|           1|           1|
    |ap_block_pp0_stage0_01001  |    and   |      0|  0|   2|           1|           1|
    |ap_condition_2166          |    and   |      0|  0|   2|           1|           1|
    |icmp_ln895_fu_5960_p2      |   icmp   |      0|  0|  11|           5|           1|
    |or_ln16_fu_2799_p2         |    or    |      0|  0|   2|           1|           1|
    |or_ln44_fu_8364_p2         |    or    |      0|  0|   2|           1|           1|
    |select_ln44_fu_8371_p3     |  select  |      0|  0|   5|           1|           5|
    |t_V_fu_4369_p3             |  select  |      0|  0|  12|           1|           1|
    |ap_enable_pp0              |    xor   |      0|  0|   2|           1|           2|
    +---------------------------+----------+-------+---+----+------------+------------+
    |Total                      |          |      0|  0| 108|          79|          24|
    +---------------------------+----------+-------+---+----+------------+------------+

    * Multiplexer: 
    +----------------------------------------------------+------+-----------+-----+-----------+
    |                        Name                        |  LUT | Input Size| Bits| Total Bits|
    +----------------------------------------------------+------+-----------+-----+-----------+
    |ap_phi_mux_UnifiedRetVal_i257_phi_fu_2261_p512      |  1173|        257|   12|       3084|
    |ap_phi_mux_eventsready_V_flag_2_phi_fu_2778_p4      |    15|          3|    1|          3|
    |ap_phi_mux_eventsready_V_new_2_phi_fu_2788_p4       |    15|          3|    5|         15|
    |ap_phi_mux_npuppi_V_loc_1_phi_fu_1669_p4            |    15|          3|   12|         36|
    |ap_phi_mux_t_V_4_phi_fu_1699_p4                     |    15|          3|    5|         15|
    |ap_phi_mux_write_flag_1_phi_fu_1678_p4              |    15|          3|    1|          3|
    |ap_phi_mux_write_new_1_phi_fu_1688_p4               |    15|          3|    1|          3|
    |ap_phi_reg_pp0_iter2_eventsready_V_flag_0_reg_1728  |    15|          3|    1|          3|
    |ap_phi_reg_pp0_iter2_npuppi_V_flag_1_reg_1706       |    15|          3|    1|          3|
    |ap_phi_reg_pp0_iter2_npuppi_V_new_1_reg_1717        |    15|          3|   12|         36|
    |ap_phi_reg_pp0_iter2_p_Val2_s_reg_1741              |  1173|        257|   66|      16962|
    |ap_sig_allocacmp_npuppi_V_load                      |     9|          2|   12|         24|
    |ap_sig_allocacmp_t_V_1                              |     9|          2|    8|         16|
    |ap_sig_allocacmp_t_V_2                              |     9|          2|    5|         10|
    |ap_sig_allocacmp_t_V_3                              |     9|          2|    8|         16|
    |ap_sig_allocacmp_write_load                         |     9|          2|    1|          2|
    |candout_V                                           |    21|          4|   64|        256|
    |firstout                                            |    15|          3|    1|          3|
    |lastout                                             |    15|          3|    1|          3|
    |t_V_4_reg_1696                                      |    15|          3|    5|         15|
    +----------------------------------------------------+------+-----------+-----+-----------+
    |Total                                               |  2592|        564|  222|      20508|
    +----------------------------------------------------+------+-----------+-----+-----------+

    * Register: 
    +----------------------------------------------------+-----+----+-----+-----------+
    |                        Name                        |  FF | LUT| Bits| Const Bits|
    +----------------------------------------------------+-----+----+-----+-----------+
    |and_ln20_reg_8397                                   |    1|   0|    1|          0|
    |ap_CS_fsm                                           |    1|   0|    1|          0|
    |ap_enable_reg_pp0_iter1                             |    1|   0|    1|          0|
    |ap_enable_reg_pp0_iter2                             |    1|   0|    1|          0|
    |ap_phi_reg_pp0_iter1_eventsready_V_flag_0_reg_1728  |    1|   0|    1|          0|
    |ap_phi_reg_pp0_iter1_npuppi_V_flag_1_reg_1706       |    1|   0|    1|          0|
    |ap_phi_reg_pp0_iter1_npuppi_V_new_1_reg_1717        |   12|   0|   12|          0|
    |ap_phi_reg_pp0_iter1_p_Val2_s_reg_1741              |   66|   0|   66|          0|
    |ap_phi_reg_pp0_iter2_eventsready_V_flag_0_reg_1728  |    1|   0|    1|          0|
    |ap_phi_reg_pp0_iter2_npuppi_V_flag_1_reg_1706       |    1|   0|    1|          0|
    |ap_phi_reg_pp0_iter2_npuppi_V_new_1_reg_1717        |   12|   0|   12|          0|
    |ap_phi_reg_pp0_iter2_p_Val2_s_reg_1741              |   66|   0|   66|          0|
    |buffer_V_0                                          |   66|   0|   66|          0|
    |buffer_V_1                                          |   66|   0|   66|          0|
    |buffer_V_10                                         |   66|   0|   66|          0|
    |buffer_V_100                                        |   66|   0|   66|          0|
    |buffer_V_101                                        |   66|   0|   66|          0|
    |buffer_V_102                                        |   66|   0|   66|          0|
    |buffer_V_103                                        |   66|   0|   66|          0|
    |buffer_V_104                                        |   66|   0|   66|          0|
    |buffer_V_105                                        |   66|   0|   66|          0|
    |buffer_V_106                                        |   66|   0|   66|          0|
    |buffer_V_107                                        |   66|   0|   66|          0|
    |buffer_V_108                                        |   66|   0|   66|          0|
    |buffer_V_109                                        |   66|   0|   66|          0|
    |buffer_V_11                                         |   66|   0|   66|          0|
    |buffer_V_110                                        |   66|   0|   66|          0|
    |buffer_V_111                                        |   66|   0|   66|          0|
    |buffer_V_112                                        |   66|   0|   66|          0|
    |buffer_V_113                                        |   66|   0|   66|          0|
    |buffer_V_114                                        |   66|   0|   66|          0|
    |buffer_V_115                                        |   66|   0|   66|          0|
    |buffer_V_116                                        |   66|   0|   66|          0|
    |buffer_V_117                                        |   66|   0|   66|          0|
    |buffer_V_118                                        |   66|   0|   66|          0|
    |buffer_V_119                                        |   66|   0|   66|          0|
    |buffer_V_12                                         |   66|   0|   66|          0|
    |buffer_V_120                                        |   66|   0|   66|          0|
    |buffer_V_121                                        |   66|   0|   66|          0|
    |buffer_V_122                                        |   66|   0|   66|          0|
    |buffer_V_123                                        |   66|   0|   66|          0|
    |buffer_V_124                                        |   66|   0|   66|          0|
    |buffer_V_125                                        |   66|   0|   66|          0|
    |buffer_V_126                                        |   66|   0|   66|          0|
    |buffer_V_127                                        |   66|   0|   66|          0|
    |buffer_V_128                                        |   66|   0|   66|          0|
    |buffer_V_129                                        |   66|   0|   66|          0|
    |buffer_V_13                                         |   66|   0|   66|          0|
    |buffer_V_130                                        |   66|   0|   66|          0|
    |buffer_V_131                                        |   66|   0|   66|          0|
    |buffer_V_132                                        |   66|   0|   66|          0|
    |buffer_V_133                                        |   66|   0|   66|          0|
    |buffer_V_134                                        |   66|   0|   66|          0|
    |buffer_V_135                                        |   66|   0|   66|          0|
    |buffer_V_136                                        |   66|   0|   66|          0|
    |buffer_V_137                                        |   66|   0|   66|          0|
    |buffer_V_138                                        |   66|   0|   66|          0|
    |buffer_V_139                                        |   66|   0|   66|          0|
    |buffer_V_14                                         |   66|   0|   66|          0|
    |buffer_V_140                                        |   66|   0|   66|          0|
    |buffer_V_141                                        |   66|   0|   66|          0|
    |buffer_V_142                                        |   66|   0|   66|          0|
    |buffer_V_143                                        |   66|   0|   66|          0|
    |buffer_V_144                                        |   66|   0|   66|          0|
    |buffer_V_145                                        |   66|   0|   66|          0|
    |buffer_V_146                                        |   66|   0|   66|          0|
    |buffer_V_147                                        |   66|   0|   66|          0|
    |buffer_V_148                                        |   66|   0|   66|          0|
    |buffer_V_149                                        |   66|   0|   66|          0|
    |buffer_V_15                                         |   66|   0|   66|          0|
    |buffer_V_150                                        |   66|   0|   66|          0|
    |buffer_V_151                                        |   66|   0|   66|          0|
    |buffer_V_152                                        |   66|   0|   66|          0|
    |buffer_V_153                                        |   66|   0|   66|          0|
    |buffer_V_154                                        |   66|   0|   66|          0|
    |buffer_V_155                                        |   66|   0|   66|          0|
    |buffer_V_156                                        |   66|   0|   66|          0|
    |buffer_V_157                                        |   66|   0|   66|          0|
    |buffer_V_158                                        |   66|   0|   66|          0|
    |buffer_V_159                                        |   66|   0|   66|          0|
    |buffer_V_16                                         |   66|   0|   66|          0|
    |buffer_V_160                                        |   66|   0|   66|          0|
    |buffer_V_161                                        |   66|   0|   66|          0|
    |buffer_V_162                                        |   66|   0|   66|          0|
    |buffer_V_163                                        |   66|   0|   66|          0|
    |buffer_V_164                                        |   66|   0|   66|          0|
    |buffer_V_165                                        |   66|   0|   66|          0|
    |buffer_V_166                                        |   66|   0|   66|          0|
    |buffer_V_167                                        |   66|   0|   66|          0|
    |buffer_V_168                                        |   66|   0|   66|          0|
    |buffer_V_169                                        |   66|   0|   66|          0|
    |buffer_V_17                                         |   66|   0|   66|          0|
    |buffer_V_170                                        |   66|   0|   66|          0|
    |buffer_V_171                                        |   66|   0|   66|          0|
    |buffer_V_172                                        |   66|   0|   66|          0|
    |buffer_V_173                                        |   66|   0|   66|          0|
    |buffer_V_174                                        |   66|   0|   66|          0|
    |buffer_V_175                                        |   66|   0|   66|          0|
    |buffer_V_176                                        |   66|   0|   66|          0|
    |buffer_V_177                                        |   66|   0|   66|          0|
    |buffer_V_178                                        |   66|   0|   66|          0|
    |buffer_V_179                                        |   66|   0|   66|          0|
    |buffer_V_18                                         |   66|   0|   66|          0|
    |buffer_V_180                                        |   66|   0|   66|          0|
    |buffer_V_181                                        |   66|   0|   66|          0|
    |buffer_V_182                                        |   66|   0|   66|          0|
    |buffer_V_183                                        |   66|   0|   66|          0|
    |buffer_V_184                                        |   66|   0|   66|          0|
    |buffer_V_185                                        |   66|   0|   66|          0|
    |buffer_V_186                                        |   66|   0|   66|          0|
    |buffer_V_187                                        |   66|   0|   66|          0|
    |buffer_V_188                                        |   66|   0|   66|          0|
    |buffer_V_189                                        |   66|   0|   66|          0|
    |buffer_V_19                                         |   66|   0|   66|          0|
    |buffer_V_190                                        |   66|   0|   66|          0|
    |buffer_V_191                                        |   66|   0|   66|          0|
    |buffer_V_192                                        |   66|   0|   66|          0|
    |buffer_V_193                                        |   66|   0|   66|          0|
    |buffer_V_194                                        |   66|   0|   66|          0|
    |buffer_V_195                                        |   66|   0|   66|          0|
    |buffer_V_196                                        |   66|   0|   66|          0|
    |buffer_V_197                                        |   66|   0|   66|          0|
    |buffer_V_198                                        |   66|   0|   66|          0|
    |buffer_V_199                                        |   66|   0|   66|          0|
    |buffer_V_2                                          |   66|   0|   66|          0|
    |buffer_V_20                                         |   66|   0|   66|          0|
    |buffer_V_200                                        |   66|   0|   66|          0|
    |buffer_V_201                                        |   66|   0|   66|          0|
    |buffer_V_202                                        |   66|   0|   66|          0|
    |buffer_V_203                                        |   66|   0|   66|          0|
    |buffer_V_204                                        |   66|   0|   66|          0|
    |buffer_V_205                                        |   66|   0|   66|          0|
    |buffer_V_206                                        |   66|   0|   66|          0|
    |buffer_V_207                                        |   66|   0|   66|          0|
    |buffer_V_208                                        |   66|   0|   66|          0|
    |buffer_V_209                                        |   66|   0|   66|          0|
    |buffer_V_21                                         |   66|   0|   66|          0|
    |buffer_V_210                                        |   66|   0|   66|          0|
    |buffer_V_211                                        |   66|   0|   66|          0|
    |buffer_V_212                                        |   66|   0|   66|          0|
    |buffer_V_213                                        |   66|   0|   66|          0|
    |buffer_V_214                                        |   66|   0|   66|          0|
    |buffer_V_215                                        |   66|   0|   66|          0|
    |buffer_V_216                                        |   66|   0|   66|          0|
    |buffer_V_217                                        |   66|   0|   66|          0|
    |buffer_V_218                                        |   66|   0|   66|          0|
    |buffer_V_219                                        |   66|   0|   66|          0|
    |buffer_V_22                                         |   66|   0|   66|          0|
    |buffer_V_220                                        |   66|   0|   66|          0|
    |buffer_V_221                                        |   66|   0|   66|          0|
    |buffer_V_222                                        |   66|   0|   66|          0|
    |buffer_V_223                                        |   66|   0|   66|          0|
    |buffer_V_224                                        |   66|   0|   66|          0|
    |buffer_V_225                                        |   66|   0|   66|          0|
    |buffer_V_226                                        |   66|   0|   66|          0|
    |buffer_V_227                                        |   66|   0|   66|          0|
    |buffer_V_228                                        |   66|   0|   66|          0|
    |buffer_V_229                                        |   66|   0|   66|          0|
    |buffer_V_23                                         |   66|   0|   66|          0|
    |buffer_V_230                                        |   66|   0|   66|          0|
    |buffer_V_231                                        |   66|   0|   66|          0|
    |buffer_V_232                                        |   66|   0|   66|          0|
    |buffer_V_233                                        |   66|   0|   66|          0|
    |buffer_V_234                                        |   66|   0|   66|          0|
    |buffer_V_235                                        |   66|   0|   66|          0|
    |buffer_V_236                                        |   66|   0|   66|          0|
    |buffer_V_237                                        |   66|   0|   66|          0|
    |buffer_V_238                                        |   66|   0|   66|          0|
    |buffer_V_239                                        |   66|   0|   66|          0|
    |buffer_V_24                                         |   66|   0|   66|          0|
    |buffer_V_240                                        |   66|   0|   66|          0|
    |buffer_V_241                                        |   66|   0|   66|          0|
    |buffer_V_242                                        |   66|   0|   66|          0|
    |buffer_V_243                                        |   66|   0|   66|          0|
    |buffer_V_244                                        |   66|   0|   66|          0|
    |buffer_V_245                                        |   66|   0|   66|          0|
    |buffer_V_246                                        |   66|   0|   66|          0|
    |buffer_V_247                                        |   66|   0|   66|          0|
    |buffer_V_248                                        |   66|   0|   66|          0|
    |buffer_V_249                                        |   66|   0|   66|          0|
    |buffer_V_25                                         |   66|   0|   66|          0|
    |buffer_V_250                                        |   66|   0|   66|          0|
    |buffer_V_251                                        |   66|   0|   66|          0|
    |buffer_V_252                                        |   66|   0|   66|          0|
    |buffer_V_253                                        |   66|   0|   66|          0|
    |buffer_V_254                                        |   66|   0|   66|          0|
    |buffer_V_255                                        |   66|   0|   66|          0|
    |buffer_V_26                                         |   66|   0|   66|          0|
    |buffer_V_27                                         |   66|   0|   66|          0|
    |buffer_V_28                                         |   66|   0|   66|          0|
    |buffer_V_29                                         |   66|   0|   66|          0|
    |buffer_V_3                                          |   66|   0|   66|          0|
    |buffer_V_30                                         |   66|   0|   66|          0|
    |buffer_V_31                                         |   66|   0|   66|          0|
    |buffer_V_32                                         |   66|   0|   66|          0|
    |buffer_V_33                                         |   66|   0|   66|          0|
    |buffer_V_34                                         |   66|   0|   66|          0|
    |buffer_V_35                                         |   66|   0|   66|          0|
    |buffer_V_36                                         |   66|   0|   66|          0|
    |buffer_V_37                                         |   66|   0|   66|          0|
    |buffer_V_38                                         |   66|   0|   66|          0|
    |buffer_V_39                                         |   66|   0|   66|          0|
    |buffer_V_4                                          |   66|   0|   66|          0|
    |buffer_V_40                                         |   66|   0|   66|          0|
    |buffer_V_41                                         |   66|   0|   66|          0|
    |buffer_V_42                                         |   66|   0|   66|          0|
    |buffer_V_43                                         |   66|   0|   66|          0|
    |buffer_V_44                                         |   66|   0|   66|          0|
    |buffer_V_45                                         |   66|   0|   66|          0|
    |buffer_V_46                                         |   66|   0|   66|          0|
    |buffer_V_47                                         |   66|   0|   66|          0|
    |buffer_V_48                                         |   66|   0|   66|          0|
    |buffer_V_49                                         |   66|   0|   66|          0|
    |buffer_V_5                                          |   66|   0|   66|          0|
    |buffer_V_50                                         |   66|   0|   66|          0|
    |buffer_V_51                                         |   66|   0|   66|          0|
    |buffer_V_52                                         |   66|   0|   66|          0|
    |buffer_V_53                                         |   66|   0|   66|          0|
    |buffer_V_54                                         |   66|   0|   66|          0|
    |buffer_V_55                                         |   66|   0|   66|          0|
    |buffer_V_56                                         |   66|   0|   66|          0|
    |buffer_V_57                                         |   66|   0|   66|          0|
    |buffer_V_58                                         |   66|   0|   66|          0|
    |buffer_V_59                                         |   66|   0|   66|          0|
    |buffer_V_6                                          |   66|   0|   66|          0|
    |buffer_V_60                                         |   66|   0|   66|          0|
    |buffer_V_61                                         |   66|   0|   66|          0|
    |buffer_V_62                                         |   66|   0|   66|          0|
    |buffer_V_63                                         |   66|   0|   66|          0|
    |buffer_V_64                                         |   66|   0|   66|          0|
    |buffer_V_65                                         |   66|   0|   66|          0|
    |buffer_V_66                                         |   66|   0|   66|          0|
    |buffer_V_67                                         |   66|   0|   66|          0|
    |buffer_V_68                                         |   66|   0|   66|          0|
    |buffer_V_69                                         |   66|   0|   66|          0|
    |buffer_V_7                                          |   66|   0|   66|          0|
    |buffer_V_70                                         |   66|   0|   66|          0|
    |buffer_V_71                                         |   66|   0|   66|          0|
    |buffer_V_72                                         |   66|   0|   66|          0|
    |buffer_V_73                                         |   66|   0|   66|          0|
    |buffer_V_74                                         |   66|   0|   66|          0|
    |buffer_V_75                                         |   66|   0|   66|          0|
    |buffer_V_76                                         |   66|   0|   66|          0|
    |buffer_V_77                                         |   66|   0|   66|          0|
    |buffer_V_78                                         |   66|   0|   66|          0|
    |buffer_V_79                                         |   66|   0|   66|          0|
    |buffer_V_8                                          |   66|   0|   66|          0|
    |buffer_V_80                                         |   66|   0|   66|          0|
    |buffer_V_81                                         |   66|   0|   66|          0|
    |buffer_V_82                                         |   66|   0|   66|          0|
    |buffer_V_83                                         |   66|   0|   66|          0|
    |buffer_V_84                                         |   66|   0|   66|          0|
    |buffer_V_85                                         |   66|   0|   66|          0|
    |buffer_V_86                                         |   66|   0|   66|          0|
    |buffer_V_87                                         |   66|   0|   66|          0|
    |buffer_V_88                                         |   66|   0|   66|          0|
    |buffer_V_89                                         |   66|   0|   66|          0|
    |buffer_V_9                                          |   66|   0|   66|          0|
    |buffer_V_90                                         |   66|   0|   66|          0|
    |buffer_V_91                                         |   66|   0|   66|          0|
    |buffer_V_92                                         |   66|   0|   66|          0|
    |buffer_V_93                                         |   66|   0|   66|          0|
    |buffer_V_94                                         |   66|   0|   66|          0|
    |buffer_V_95                                         |   66|   0|   66|          0|
    |buffer_V_96                                         |   66|   0|   66|          0|
    |buffer_V_97                                         |   66|   0|   66|          0|
    |buffer_V_98                                         |   66|   0|   66|          0|
    |buffer_V_99                                         |   66|   0|   66|          0|
    |eventsready_V                                       |    5|   0|    5|          0|
    |firstin_read_reg_8390                               |    1|   0|    1|          0|
    |icmp_ln895_reg_8416                                 |    1|   0|    1|          0|
    |lastin_read_reg_8386                                |    1|   0|    1|          0|
    |npbuffer_V_0                                        |   12|   0|   12|          0|
    |npbuffer_V_1                                        |   12|   0|   12|          0|
    |npbuffer_V_10                                       |   12|   0|   12|          0|
    |npbuffer_V_100                                      |   12|   0|   12|          0|
    |npbuffer_V_101                                      |   12|   0|   12|          0|
    |npbuffer_V_102                                      |   12|   0|   12|          0|
    |npbuffer_V_103                                      |   12|   0|   12|          0|
    |npbuffer_V_104                                      |   12|   0|   12|          0|
    |npbuffer_V_105                                      |   12|   0|   12|          0|
    |npbuffer_V_106                                      |   12|   0|   12|          0|
    |npbuffer_V_107                                      |   12|   0|   12|          0|
    |npbuffer_V_108                                      |   12|   0|   12|          0|
    |npbuffer_V_109                                      |   12|   0|   12|          0|
    |npbuffer_V_11                                       |   12|   0|   12|          0|
    |npbuffer_V_110                                      |   12|   0|   12|          0|
    |npbuffer_V_111                                      |   12|   0|   12|          0|
    |npbuffer_V_112                                      |   12|   0|   12|          0|
    |npbuffer_V_113                                      |   12|   0|   12|          0|
    |npbuffer_V_114                                      |   12|   0|   12|          0|
    |npbuffer_V_115                                      |   12|   0|   12|          0|
    |npbuffer_V_116                                      |   12|   0|   12|          0|
    |npbuffer_V_117                                      |   12|   0|   12|          0|
    |npbuffer_V_118                                      |   12|   0|   12|          0|
    |npbuffer_V_119                                      |   12|   0|   12|          0|
    |npbuffer_V_12                                       |   12|   0|   12|          0|
    |npbuffer_V_120                                      |   12|   0|   12|          0|
    |npbuffer_V_121                                      |   12|   0|   12|          0|
    |npbuffer_V_122                                      |   12|   0|   12|          0|
    |npbuffer_V_123                                      |   12|   0|   12|          0|
    |npbuffer_V_124                                      |   12|   0|   12|          0|
    |npbuffer_V_125                                      |   12|   0|   12|          0|
    |npbuffer_V_126                                      |   12|   0|   12|          0|
    |npbuffer_V_127                                      |   12|   0|   12|          0|
    |npbuffer_V_128                                      |   12|   0|   12|          0|
    |npbuffer_V_129                                      |   12|   0|   12|          0|
    |npbuffer_V_13                                       |   12|   0|   12|          0|
    |npbuffer_V_130                                      |   12|   0|   12|          0|
    |npbuffer_V_131                                      |   12|   0|   12|          0|
    |npbuffer_V_132                                      |   12|   0|   12|          0|
    |npbuffer_V_133                                      |   12|   0|   12|          0|
    |npbuffer_V_134                                      |   12|   0|   12|          0|
    |npbuffer_V_135                                      |   12|   0|   12|          0|
    |npbuffer_V_136                                      |   12|   0|   12|          0|
    |npbuffer_V_137                                      |   12|   0|   12|          0|
    |npbuffer_V_138                                      |   12|   0|   12|          0|
    |npbuffer_V_139                                      |   12|   0|   12|          0|
    |npbuffer_V_14                                       |   12|   0|   12|          0|
    |npbuffer_V_140                                      |   12|   0|   12|          0|
    |npbuffer_V_141                                      |   12|   0|   12|          0|
    |npbuffer_V_142                                      |   12|   0|   12|          0|
    |npbuffer_V_143                                      |   12|   0|   12|          0|
    |npbuffer_V_144                                      |   12|   0|   12|          0|
    |npbuffer_V_145                                      |   12|   0|   12|          0|
    |npbuffer_V_146                                      |   12|   0|   12|          0|
    |npbuffer_V_147                                      |   12|   0|   12|          0|
    |npbuffer_V_148                                      |   12|   0|   12|          0|
    |npbuffer_V_149                                      |   12|   0|   12|          0|
    |npbuffer_V_15                                       |   12|   0|   12|          0|
    |npbuffer_V_150                                      |   12|   0|   12|          0|
    |npbuffer_V_151                                      |   12|   0|   12|          0|
    |npbuffer_V_152                                      |   12|   0|   12|          0|
    |npbuffer_V_153                                      |   12|   0|   12|          0|
    |npbuffer_V_154                                      |   12|   0|   12|          0|
    |npbuffer_V_155                                      |   12|   0|   12|          0|
    |npbuffer_V_156                                      |   12|   0|   12|          0|
    |npbuffer_V_157                                      |   12|   0|   12|          0|
    |npbuffer_V_158                                      |   12|   0|   12|          0|
    |npbuffer_V_159                                      |   12|   0|   12|          0|
    |npbuffer_V_16                                       |   12|   0|   12|          0|
    |npbuffer_V_160                                      |   12|   0|   12|          0|
    |npbuffer_V_161                                      |   12|   0|   12|          0|
    |npbuffer_V_162                                      |   12|   0|   12|          0|
    |npbuffer_V_163                                      |   12|   0|   12|          0|
    |npbuffer_V_164                                      |   12|   0|   12|          0|
    |npbuffer_V_165                                      |   12|   0|   12|          0|
    |npbuffer_V_166                                      |   12|   0|   12|          0|
    |npbuffer_V_167                                      |   12|   0|   12|          0|
    |npbuffer_V_168                                      |   12|   0|   12|          0|
    |npbuffer_V_169                                      |   12|   0|   12|          0|
    |npbuffer_V_17                                       |   12|   0|   12|          0|
    |npbuffer_V_170                                      |   12|   0|   12|          0|
    |npbuffer_V_171                                      |   12|   0|   12|          0|
    |npbuffer_V_172                                      |   12|   0|   12|          0|
    |npbuffer_V_173                                      |   12|   0|   12|          0|
    |npbuffer_V_174                                      |   12|   0|   12|          0|
    |npbuffer_V_175                                      |   12|   0|   12|          0|
    |npbuffer_V_176                                      |   12|   0|   12|          0|
    |npbuffer_V_177                                      |   12|   0|   12|          0|
    |npbuffer_V_178                                      |   12|   0|   12|          0|
    |npbuffer_V_179                                      |   12|   0|   12|          0|
    |npbuffer_V_18                                       |   12|   0|   12|          0|
    |npbuffer_V_180                                      |   12|   0|   12|          0|
    |npbuffer_V_181                                      |   12|   0|   12|          0|
    |npbuffer_V_182                                      |   12|   0|   12|          0|
    |npbuffer_V_183                                      |   12|   0|   12|          0|
    |npbuffer_V_184                                      |   12|   0|   12|          0|
    |npbuffer_V_185                                      |   12|   0|   12|          0|
    |npbuffer_V_186                                      |   12|   0|   12|          0|
    |npbuffer_V_187                                      |   12|   0|   12|          0|
    |npbuffer_V_188                                      |   12|   0|   12|          0|
    |npbuffer_V_189                                      |   12|   0|   12|          0|
    |npbuffer_V_19                                       |   12|   0|   12|          0|
    |npbuffer_V_190                                      |   12|   0|   12|          0|
    |npbuffer_V_191                                      |   12|   0|   12|          0|
    |npbuffer_V_192                                      |   12|   0|   12|          0|
    |npbuffer_V_193                                      |   12|   0|   12|          0|
    |npbuffer_V_194                                      |   12|   0|   12|          0|
    |npbuffer_V_195                                      |   12|   0|   12|          0|
    |npbuffer_V_196                                      |   12|   0|   12|          0|
    |npbuffer_V_197                                      |   12|   0|   12|          0|
    |npbuffer_V_198                                      |   12|   0|   12|          0|
    |npbuffer_V_199                                      |   12|   0|   12|          0|
    |npbuffer_V_2                                        |   12|   0|   12|          0|
    |npbuffer_V_20                                       |   12|   0|   12|          0|
    |npbuffer_V_200                                      |   12|   0|   12|          0|
    |npbuffer_V_201                                      |   12|   0|   12|          0|
    |npbuffer_V_202                                      |   12|   0|   12|          0|
    |npbuffer_V_203                                      |   12|   0|   12|          0|
    |npbuffer_V_204                                      |   12|   0|   12|          0|
    |npbuffer_V_205                                      |   12|   0|   12|          0|
    |npbuffer_V_206                                      |   12|   0|   12|          0|
    |npbuffer_V_207                                      |   12|   0|   12|          0|
    |npbuffer_V_208                                      |   12|   0|   12|          0|
    |npbuffer_V_209                                      |   12|   0|   12|          0|
    |npbuffer_V_21                                       |   12|   0|   12|          0|
    |npbuffer_V_210                                      |   12|   0|   12|          0|
    |npbuffer_V_211                                      |   12|   0|   12|          0|
    |npbuffer_V_212                                      |   12|   0|   12|          0|
    |npbuffer_V_213                                      |   12|   0|   12|          0|
    |npbuffer_V_214                                      |   12|   0|   12|          0|
    |npbuffer_V_215                                      |   12|   0|   12|          0|
    |npbuffer_V_216                                      |   12|   0|   12|          0|
    |npbuffer_V_217                                      |   12|   0|   12|          0|
    |npbuffer_V_218                                      |   12|   0|   12|          0|
    |npbuffer_V_219                                      |   12|   0|   12|          0|
    |npbuffer_V_22                                       |   12|   0|   12|          0|
    |npbuffer_V_220                                      |   12|   0|   12|          0|
    |npbuffer_V_221                                      |   12|   0|   12|          0|
    |npbuffer_V_222                                      |   12|   0|   12|          0|
    |npbuffer_V_223                                      |   12|   0|   12|          0|
    |npbuffer_V_224                                      |   12|   0|   12|          0|
    |npbuffer_V_225                                      |   12|   0|   12|          0|
    |npbuffer_V_226                                      |   12|   0|   12|          0|
    |npbuffer_V_227                                      |   12|   0|   12|          0|
    |npbuffer_V_228                                      |   12|   0|   12|          0|
    |npbuffer_V_229                                      |   12|   0|   12|          0|
    |npbuffer_V_23                                       |   12|   0|   12|          0|
    |npbuffer_V_230                                      |   12|   0|   12|          0|
    |npbuffer_V_231                                      |   12|   0|   12|          0|
    |npbuffer_V_232                                      |   12|   0|   12|          0|
    |npbuffer_V_233                                      |   12|   0|   12|          0|
    |npbuffer_V_234                                      |   12|   0|   12|          0|
    |npbuffer_V_235                                      |   12|   0|   12|          0|
    |npbuffer_V_236                                      |   12|   0|   12|          0|
    |npbuffer_V_237                                      |   12|   0|   12|          0|
    |npbuffer_V_238                                      |   12|   0|   12|          0|
    |npbuffer_V_239                                      |   12|   0|   12|          0|
    |npbuffer_V_24                                       |   12|   0|   12|          0|
    |npbuffer_V_240                                      |   12|   0|   12|          0|
    |npbuffer_V_241                                      |   12|   0|   12|          0|
    |npbuffer_V_242                                      |   12|   0|   12|          0|
    |npbuffer_V_243                                      |   12|   0|   12|          0|
    |npbuffer_V_244                                      |   12|   0|   12|          0|
    |npbuffer_V_245                                      |   12|   0|   12|          0|
    |npbuffer_V_246                                      |   12|   0|   12|          0|
    |npbuffer_V_247                                      |   12|   0|   12|          0|
    |npbuffer_V_248                                      |   12|   0|   12|          0|
    |npbuffer_V_249                                      |   12|   0|   12|          0|
    |npbuffer_V_25                                       |   12|   0|   12|          0|
    |npbuffer_V_250                                      |   12|   0|   12|          0|
    |npbuffer_V_251                                      |   12|   0|   12|          0|
    |npbuffer_V_252                                      |   12|   0|   12|          0|
    |npbuffer_V_253                                      |   12|   0|   12|          0|
    |npbuffer_V_254                                      |   12|   0|   12|          0|
    |npbuffer_V_255                                      |   12|   0|   12|          0|
    |npbuffer_V_26                                       |   12|   0|   12|          0|
    |npbuffer_V_27                                       |   12|   0|   12|          0|
    |npbuffer_V_28                                       |   12|   0|   12|          0|
    |npbuffer_V_29                                       |   12|   0|   12|          0|
    |npbuffer_V_3                                        |   12|   0|   12|          0|
    |npbuffer_V_30                                       |   12|   0|   12|          0|
    |npbuffer_V_31                                       |   12|   0|   12|          0|
    |npbuffer_V_32                                       |   12|   0|   12|          0|
    |npbuffer_V_33                                       |   12|   0|   12|          0|
    |npbuffer_V_34                                       |   12|   0|   12|          0|
    |npbuffer_V_35                                       |   12|   0|   12|          0|
    |npbuffer_V_36                                       |   12|   0|   12|          0|
    |npbuffer_V_37                                       |   12|   0|   12|          0|
    |npbuffer_V_38                                       |   12|   0|   12|          0|
    |npbuffer_V_39                                       |   12|   0|   12|          0|
    |npbuffer_V_4                                        |   12|   0|   12|          0|
    |npbuffer_V_40                                       |   12|   0|   12|          0|
    |npbuffer_V_41                                       |   12|   0|   12|          0|
    |npbuffer_V_42                                       |   12|   0|   12|          0|
    |npbuffer_V_43                                       |   12|   0|   12|          0|
    |npbuffer_V_44                                       |   12|   0|   12|          0|
    |npbuffer_V_45                                       |   12|   0|   12|          0|
    |npbuffer_V_46                                       |   12|   0|   12|          0|
    |npbuffer_V_47                                       |   12|   0|   12|          0|
    |npbuffer_V_48                                       |   12|   0|   12|          0|
    |npbuffer_V_49                                       |   12|   0|   12|          0|
    |npbuffer_V_5                                        |   12|   0|   12|          0|
    |npbuffer_V_50                                       |   12|   0|   12|          0|
    |npbuffer_V_51                                       |   12|   0|   12|          0|
    |npbuffer_V_52                                       |   12|   0|   12|          0|
    |npbuffer_V_53                                       |   12|   0|   12|          0|
    |npbuffer_V_54                                       |   12|   0|   12|          0|
    |npbuffer_V_55                                       |   12|   0|   12|          0|
    |npbuffer_V_56                                       |   12|   0|   12|          0|
    |npbuffer_V_57                                       |   12|   0|   12|          0|
    |npbuffer_V_58                                       |   12|   0|   12|          0|
    |npbuffer_V_59                                       |   12|   0|   12|          0|
    |npbuffer_V_6                                        |   12|   0|   12|          0|
    |npbuffer_V_60                                       |   12|   0|   12|          0|
    |npbuffer_V_61                                       |   12|   0|   12|          0|
    |npbuffer_V_62                                       |   12|   0|   12|          0|
    |npbuffer_V_63                                       |   12|   0|   12|          0|
    |npbuffer_V_64                                       |   12|   0|   12|          0|
    |npbuffer_V_65                                       |   12|   0|   12|          0|
    |npbuffer_V_66                                       |   12|   0|   12|          0|
    |npbuffer_V_67                                       |   12|   0|   12|          0|
    |npbuffer_V_68                                       |   12|   0|   12|          0|
    |npbuffer_V_69                                       |   12|   0|   12|          0|
    |npbuffer_V_7                                        |   12|   0|   12|          0|
    |npbuffer_V_70                                       |   12|   0|   12|          0|
    |npbuffer_V_71                                       |   12|   0|   12|          0|
    |npbuffer_V_72                                       |   12|   0|   12|          0|
    |npbuffer_V_73                                       |   12|   0|   12|          0|
    |npbuffer_V_74                                       |   12|   0|   12|          0|
    |npbuffer_V_75                                       |   12|   0|   12|          0|
    |npbuffer_V_76                                       |   12|   0|   12|          0|
    |npbuffer_V_77                                       |   12|   0|   12|          0|
    |npbuffer_V_78                                       |   12|   0|   12|          0|
    |npbuffer_V_79                                       |   12|   0|   12|          0|
    |npbuffer_V_8                                        |   12|   0|   12|          0|
    |npbuffer_V_80                                       |   12|   0|   12|          0|
    |npbuffer_V_81                                       |   12|   0|   12|          0|
    |npbuffer_V_82                                       |   12|   0|   12|          0|
    |npbuffer_V_83                                       |   12|   0|   12|          0|
    |npbuffer_V_84                                       |   12|   0|   12|          0|
    |npbuffer_V_85                                       |   12|   0|   12|          0|
    |npbuffer_V_86                                       |   12|   0|   12|          0|
    |npbuffer_V_87                                       |   12|   0|   12|          0|
    |npbuffer_V_88                                       |   12|   0|   12|          0|
    |npbuffer_V_89                                       |   12|   0|   12|          0|
    |npbuffer_V_9                                        |   12|   0|   12|          0|
    |npbuffer_V_90                                       |   12|   0|   12|          0|
    |npbuffer_V_91                                       |   12|   0|   12|          0|
    |npbuffer_V_92                                       |   12|   0|   12|          0|
    |npbuffer_V_93                                       |   12|   0|   12|          0|
    |npbuffer_V_94                                       |   12|   0|   12|          0|
    |npbuffer_V_95                                       |   12|   0|   12|          0|
    |npbuffer_V_96                                       |   12|   0|   12|          0|
    |npbuffer_V_97                                       |   12|   0|   12|          0|
    |npbuffer_V_98                                       |   12|   0|   12|          0|
    |npbuffer_V_99                                       |   12|   0|   12|          0|
    |npptr_V                                             |    8|   0|    8|          0|
    |nprdptr_V                                           |    8|   0|    8|          0|
    |npuppi_V                                            |   12|   0|   12|          0|
    |rdptr_V                                             |    8|   0|    8|          0|
    |t_V_1_reg_8401                                      |    8|   0|    8|          0|
    |t_V_3_reg_8406                                      |    8|   0|    8|          0|
    |t_V_4_reg_1696                                      |    5|   0|    5|          0|
    |write_r                                             |    1|   0|    1|          0|
    |wrptr_V                                             |    8|   0|    8|          0|
    +----------------------------------------------------+-----+----+-----+-----------+
    |Total                                               |20206|   0|20206|          0|
    +----------------------------------------------------+-----+----+-----+-----------+



================================================================
== Interface
================================================================
* Summary: 
+------------------+-----+-----+------------+--------------+--------------+
|     RTL Ports    | Dir | Bits|  Protocol  | Source Object|    C Type    |
+------------------+-----+-----+------------+--------------+--------------+
|ap_clk            |  in |    1| ap_ctrl_hs |     count    | return value |
|ap_rst            |  in |    1| ap_ctrl_hs |     count    | return value |
|ap_start          |  in |    1| ap_ctrl_hs |     count    | return value |
|ap_done           | out |    1| ap_ctrl_hs |     count    | return value |
|ap_idle           | out |    1| ap_ctrl_hs |     count    | return value |
|ap_ready          | out |    1| ap_ctrl_hs |     count    | return value |
|candin_V          |  in |   64|   ap_none  |   candin_V   |    scalar    |
|candout_V         | out |   64|   ap_vld   |   candout_V  |    pointer   |
|candout_V_ap_vld  | out |    1|   ap_vld   |   candout_V  |    pointer   |
|firstin           |  in |    1|   ap_none  |    firstin   |    scalar    |
|lastin            |  in |    1|   ap_none  |    lastin    |    scalar    |
|valid             |  in |    1|   ap_none  |     valid    |    scalar    |
|firstout          | out |    1|   ap_vld   |   firstout   |    pointer   |
|firstout_ap_vld   | out |    1|   ap_vld   |   firstout   |    pointer   |
|lastout           | out |    1|   ap_vld   |    lastout   |    pointer   |
|lastout_ap_vld    | out |    1|   ap_vld   |    lastout   |    pointer   |
+------------------+-----+-----+------------+--------------+--------------+

