INFO-FLOW: Workspace /afs/cern.ch/user/m/millerca/vivado_hls/send_packets/stream_variable/proj/solution opened at Thu Jun 02 14:30:18 CEST 2022
Execute     config_clock -quiet -name default -period 2.778 -default=false 
INFO: [SYN 201-201] Setting up clock 'default' with a period of 2.778ns.
Execute     open_platform DefaultPlatform 
Execute     import_lib /data1/Xilinx/Vivado/2019.2/common/technology/xilinx/virtexuplus/virtexuplus 
Execute       source /data1/Xilinx/Vivado/2019.2/common/technology/xilinx/common/xilinx.lib 
Execute         source /data1/Xilinx/Vivado/2019.2/common/technology/xilinx/interface/xilinx_interface.lib 
Execute           source /data1/Xilinx/Vivado/2019.2/common/technology/xilinx/interface/plb46.lib 
Execute           source /data1/Xilinx/Vivado/2019.2/common/technology/xilinx/interface/fsl.lib 
Execute           source /data1/Xilinx/Vivado/2019.2/common/technology/xilinx/interface/axi4.lib 
Execute           source /data1/Xilinx/Vivado/2019.2/common/technology/xilinx/interface/maxi.lib 
Execute           source /data1/Xilinx/Vivado/2019.2/common/technology/xilinx/interface/saxilite.lib 
Execute         source /data1/Xilinx/Vivado/2019.2/common/technology/xilinx/common/dsp48.lib 
Execute         source /data1/Xilinx/Vivado/2019.2/common/technology/xilinx/ip/xfft.lib 
Execute         source /data1/Xilinx/Vivado/2019.2/common/technology/xilinx/ip/xfir.lib 
Execute         source /data1/Xilinx/Vivado/2019.2/common/technology/xilinx/ip/dds_compiler.lib 
Execute       source /data1/Xilinx/Vivado/2019.2/common/technology/xilinx/common/xilinx.hlp 
Execute         source /data1/Xilinx/Vivado/2019.2/common/technology/xilinx/common/target_info.tcl 
Execute         source /data1/Xilinx/Vivado/2019.2/common/technology/xilinx/interface/xilinx_interface.hlp 
Execute           source /data1/Xilinx/Vivado/2019.2/common/technology/xilinx/interface/maxi.hlp 
Execute           source /data1/Xilinx/Vivado/2019.2/common/technology/xilinx/interface/saxilite.hlp 
Execute         source /data1/Xilinx/Vivado/2019.2/common/technology/xilinx/common/dsp48.hlp 
Execute       source /data1/Xilinx/Vivado/2019.2/common/technology/xilinx/virtexuplus/dsp48e2.hlp 
Execute       source /data1/Xilinx/Vivado/2019.2/common/technology/xilinx/common/xilinx.hlp 
Execute         source /data1/Xilinx/Vivado/2019.2/common/technology/xilinx/common/target_info.tcl 
Execute         source /data1/Xilinx/Vivado/2019.2/common/technology/xilinx/interface/xilinx_interface.hlp 
Execute           source /data1/Xilinx/Vivado/2019.2/common/technology/xilinx/interface/maxi.hlp 
Execute           source /data1/Xilinx/Vivado/2019.2/common/technology/xilinx/interface/saxilite.hlp 
Execute         source /data1/Xilinx/Vivado/2019.2/common/technology/xilinx/common/dsp48.hlp 
Execute     source /data1/Xilinx/Vivado/2019.2/common/technology/xilinx/virtexuplus/virtexuplus.gen 
Execute       source /data1/Xilinx/Vivado/2019.2/common/technology/xilinx/common/xilinx.gen 
Execute         source /data1/Xilinx/Vivado/2019.2/common/technology/xilinx/interface/plb46.gen 
Execute         source /data1/Xilinx/Vivado/2019.2/common/technology/xilinx/interface/fsl.gen 
Execute         source /data1/Xilinx/Vivado/2019.2/common/technology/xilinx/interface/axi4.gen 
Execute         source /data1/Xilinx/Vivado/2019.2/common/technology/xilinx/interface/nativeAXI4.gen 
Execute           source /data1/Xilinx/Vivado/2019.2/common/technology/xilinx/interface/saxilite.gen 
Execute           source /data1/Xilinx/Vivado/2019.2/common/technology/xilinx/interface/maxi.gen 
Execute         source /data1/Xilinx/Vivado/2019.2/common/technology/xilinx/scripts/xilinxcoregen.gen 
Execute         source /data1/Xilinx/Vivado/2019.2/common/technology/xilinx/interface/XilEDKCoreGen.gen 
Execute         source /data1/Xilinx/Vivado/2019.2/common/technology/xilinx/ip/dds_compiler.gen 
Execute         source /data1/Xilinx/Vivado/2019.2/common/technology/xilinx/ip/util.gen 
Execute         source /data1/Xilinx/Vivado/2019.2/common/technology/xilinx/ip/xfft.gen 
Execute         source /data1/Xilinx/Vivado/2019.2/common/technology/xilinx/ip/xfir.gen 
Execute         source /data1/Xilinx/Vivado/2019.2/common/technology/xilinx/common/dsp48.gen 
Command       ap_source done; 0.14 sec.
Command     ap_source done; 0.14 sec.
Execute     open_platform DefaultPlatform 
Execute     import_lib /data1/Xilinx/Vivado/2019.2/common/technology/xilinx/virtexuplus/virtexuplus_fpv7 
Execute       source /data1/Xilinx/Vivado/2019.2/common/technology/xilinx/common/xilinx_fp.lib 
Execute       source /data1/Xilinx/Vivado/2019.2/common/technology/xilinx/common/xilinx_fp.hlp 
Execute         source /data1/Xilinx/Vivado/2019.2/common/technology/xilinx/common/xilinx.hlp 
Execute           source /data1/Xilinx/Vivado/2019.2/common/technology/xilinx/common/target_info.tcl 
Execute           source /data1/Xilinx/Vivado/2019.2/common/technology/xilinx/interface/xilinx_interface.hlp 
Execute             source /data1/Xilinx/Vivado/2019.2/common/technology/xilinx/interface/maxi.hlp 
Execute             source /data1/Xilinx/Vivado/2019.2/common/technology/xilinx/interface/saxilite.hlp 
Execute           source /data1/Xilinx/Vivado/2019.2/common/technology/xilinx/common/dsp48.hlp 
Execute     source /data1/Xilinx/Vivado/2019.2/common/technology/xilinx/virtexuplus/virtexuplus_fpv7.gen 
Execute       source /data1/Xilinx/Vivado/2019.2/common/technology/xilinx/common/xilinx_fp.gen 
Execute     set_part xcvu9p-flga2104-2L-e 
Execute       ap_part_info -name xcvu9p-flga2104-2L-e -data single -quiet 
Command       ap_part_info done; 1.93 sec.
Execute       ap_part_info -name xcvu9p-flga2104-2L-e -data info 
Execute       add_library xilinx/virtexuplus/virtexuplus:xcvu9p:-flga2104:-2L-e 
Execute         get_default_platform 
Execute         open_platform DefaultPlatform 
Execute         import_lib /data1/Xilinx/Vivado/2019.2/common/technology/xilinx/virtexuplus/virtexuplus 
Execute           source /data1/Xilinx/Vivado/2019.2/common/technology/xilinx/common/xilinx.lib 
Execute             source /data1/Xilinx/Vivado/2019.2/common/technology/xilinx/interface/xilinx_interface.lib 
Execute               source /data1/Xilinx/Vivado/2019.2/common/technology/xilinx/interface/plb46.lib 
Execute               source /data1/Xilinx/Vivado/2019.2/common/technology/xilinx/interface/fsl.lib 
Execute               source /data1/Xilinx/Vivado/2019.2/common/technology/xilinx/interface/axi4.lib 
Execute               source /data1/Xilinx/Vivado/2019.2/common/technology/xilinx/interface/maxi.lib 
Execute               source /data1/Xilinx/Vivado/2019.2/common/technology/xilinx/interface/saxilite.lib 
Execute             source /data1/Xilinx/Vivado/2019.2/common/technology/xilinx/common/dsp48.lib 
Execute             source /data1/Xilinx/Vivado/2019.2/common/technology/xilinx/ip/xfft.lib 
Execute             source /data1/Xilinx/Vivado/2019.2/common/technology/xilinx/ip/xfir.lib 
Execute             source /data1/Xilinx/Vivado/2019.2/common/technology/xilinx/ip/dds_compiler.lib 
Execute           source /data1/Xilinx/Vivado/2019.2/common/technology/xilinx/common/xilinx.hlp 
Execute             source /data1/Xilinx/Vivado/2019.2/common/technology/xilinx/common/target_info.tcl 
Execute             source /data1/Xilinx/Vivado/2019.2/common/technology/xilinx/interface/xilinx_interface.hlp 
Execute               source /data1/Xilinx/Vivado/2019.2/common/technology/xilinx/interface/maxi.hlp 
Execute               source /data1/Xilinx/Vivado/2019.2/common/technology/xilinx/interface/saxilite.hlp 
Execute             source /data1/Xilinx/Vivado/2019.2/common/technology/xilinx/common/dsp48.hlp 
Execute           source /data1/Xilinx/Vivado/2019.2/common/technology/xilinx/virtexuplus/dsp48e2.hlp 
Execute           source /data1/Xilinx/Vivado/2019.2/common/technology/xilinx/common/xilinx.hlp 
Execute             source /data1/Xilinx/Vivado/2019.2/common/technology/xilinx/common/target_info.tcl 
Execute             source /data1/Xilinx/Vivado/2019.2/common/technology/xilinx/interface/xilinx_interface.hlp 
Execute               source /data1/Xilinx/Vivado/2019.2/common/technology/xilinx/interface/maxi.hlp 
Execute               source /data1/Xilinx/Vivado/2019.2/common/technology/xilinx/interface/saxilite.hlp 
Execute             source /data1/Xilinx/Vivado/2019.2/common/technology/xilinx/common/dsp48.hlp 
Execute         source /data1/Xilinx/Vivado/2019.2/common/technology/xilinx/virtexuplus/virtexuplus.gen 
Execute           source /data1/Xilinx/Vivado/2019.2/common/technology/xilinx/common/xilinx.gen 
Execute             source /data1/Xilinx/Vivado/2019.2/common/technology/xilinx/interface/plb46.gen 
Execute             source /data1/Xilinx/Vivado/2019.2/common/technology/xilinx/interface/fsl.gen 
Execute             source /data1/Xilinx/Vivado/2019.2/common/technology/xilinx/interface/axi4.gen 
Execute             source /data1/Xilinx/Vivado/2019.2/common/technology/xilinx/interface/nativeAXI4.gen 
Execute               source /data1/Xilinx/Vivado/2019.2/common/technology/xilinx/interface/saxilite.gen 
Execute               source /data1/Xilinx/Vivado/2019.2/common/technology/xilinx/interface/maxi.gen 
Execute             source /data1/Xilinx/Vivado/2019.2/common/technology/xilinx/scripts/xilinxcoregen.gen 
Execute             source /data1/Xilinx/Vivado/2019.2/common/technology/xilinx/interface/XilEDKCoreGen.gen 
Execute             source /data1/Xilinx/Vivado/2019.2/common/technology/xilinx/ip/dds_compiler.gen 
Execute             source /data1/Xilinx/Vivado/2019.2/common/technology/xilinx/ip/util.gen 
Execute             source /data1/Xilinx/Vivado/2019.2/common/technology/xilinx/ip/xfft.gen 
Execute             source /data1/Xilinx/Vivado/2019.2/common/technology/xilinx/ip/xfir.gen 
Execute             source /data1/Xilinx/Vivado/2019.2/common/technology/xilinx/common/dsp48.gen 
Command           ap_source done; 0.12 sec.
Command         ap_source done; 0.12 sec.
Execute         ap_part_info -data single -name xcvu9p-flga2104-2L-e 
Execute         ap_part_info -name xcvu9p-flga2104-2L-e -data resources 
Execute         ap_part_info -name xcvu9p-flga2104-2L-e -data info 
Execute         ap_part_info -name xcvu9p-flga2104-2L-e -data info 
Execute         config_chip_info -quiet -resource {SLICE 147780} {LUT 1182240} {FF 2364480} {DSP48E 6840} {BRAM 4320} {URAM 960} {SLR 3} 
Execute         ap_part_info -name xcvu9p-flga2104-2L-e -data info 
Execute         config_chip_info -quiet -speed medium 
Command       add_library done; 0.2 sec.
Execute       add_library xilinx/virtexuplus/virtexuplus_fpv7 
Execute         get_default_platform 
Execute         open_platform DefaultPlatform 
Execute         import_lib /data1/Xilinx/Vivado/2019.2/common/technology/xilinx/virtexuplus/virtexuplus_fpv7 
Execute           source /data1/Xilinx/Vivado/2019.2/common/technology/xilinx/common/xilinx_fp.lib 
Execute           source /data1/Xilinx/Vivado/2019.2/common/technology/xilinx/common/xilinx_fp.hlp 
Execute             source /data1/Xilinx/Vivado/2019.2/common/technology/xilinx/common/xilinx.hlp 
Execute               source /data1/Xilinx/Vivado/2019.2/common/technology/xilinx/common/target_info.tcl 
Execute               source /data1/Xilinx/Vivado/2019.2/common/technology/xilinx/interface/xilinx_interface.hlp 
Execute                 source /data1/Xilinx/Vivado/2019.2/common/technology/xilinx/interface/maxi.hlp 
Execute                 source /data1/Xilinx/Vivado/2019.2/common/technology/xilinx/interface/saxilite.hlp 
Execute               source /data1/Xilinx/Vivado/2019.2/common/technology/xilinx/common/dsp48.hlp 
Execute         source /data1/Xilinx/Vivado/2019.2/common/technology/xilinx/virtexuplus/virtexuplus_fpv7.gen 
Execute           source /data1/Xilinx/Vivado/2019.2/common/technology/xilinx/common/xilinx_fp.gen 
INFO: [HLS 200-10] Setting target device to 'xcvu9p-flga2104-2L-e'
Execute       ap_part_info -name xcvu9p-flga2104-2L-e -data info 
Execute       get_default_platform 
Command     set_part done; 2.25 sec.
Execute     ap_part_info -data single -name xcvu9p-flga2104-2L-e 
Execute     ap_part_info -name xcvu9p-flga2104-2L-e -data resources 
Execute     ap_part_info -name xcvu9p-flga2104-2L-e -data info 
Execute     ap_part_info -name xcvu9p-flga2104-2L-e -data info 
Execute     config_chip_info -quiet -resource {SLICE 147780} {LUT 1182240} {FF 2364480} {DSP48E 6840} {BRAM 4320} {URAM 960} {SLR 3} 
Execute     ap_part_info -name xcvu9p-flga2104-2L-e -data info 
Execute     config_chip_info -quiet -speed medium 
Command   open_solution done; 2.51 sec.
Execute   set_part xcvu9p-flga2104-2L-e 
Execute     ap_part_info -name xcvu9p-flga2104-2L-e -data single -quiet 
Execute     ap_part_info -name xcvu9p-flga2104-2L-e -data info 
Execute     add_library xilinx/virtexuplus/virtexuplus:xcvu9p:-flga2104:-2L-e 
Execute       get_default_platform 
Execute       open_platform DefaultPlatform 
Execute       import_lib /data1/Xilinx/Vivado/2019.2/common/technology/xilinx/virtexuplus/virtexuplus 
Execute         source /data1/Xilinx/Vivado/2019.2/common/technology/xilinx/common/xilinx.lib 
Execute           source /data1/Xilinx/Vivado/2019.2/common/technology/xilinx/interface/xilinx_interface.lib 
Execute             source /data1/Xilinx/Vivado/2019.2/common/technology/xilinx/interface/plb46.lib 
Execute             source /data1/Xilinx/Vivado/2019.2/common/technology/xilinx/interface/fsl.lib 
Execute             source /data1/Xilinx/Vivado/2019.2/common/technology/xilinx/interface/axi4.lib 
Execute             source /data1/Xilinx/Vivado/2019.2/common/technology/xilinx/interface/maxi.lib 
Execute             source /data1/Xilinx/Vivado/2019.2/common/technology/xilinx/interface/saxilite.lib 
Execute           source /data1/Xilinx/Vivado/2019.2/common/technology/xilinx/common/dsp48.lib 
Execute           source /data1/Xilinx/Vivado/2019.2/common/technology/xilinx/ip/xfft.lib 
Execute           source /data1/Xilinx/Vivado/2019.2/common/technology/xilinx/ip/xfir.lib 
Execute           source /data1/Xilinx/Vivado/2019.2/common/technology/xilinx/ip/dds_compiler.lib 
Execute         source /data1/Xilinx/Vivado/2019.2/common/technology/xilinx/common/xilinx.hlp 
Execute           source /data1/Xilinx/Vivado/2019.2/common/technology/xilinx/common/target_info.tcl 
Execute           source /data1/Xilinx/Vivado/2019.2/common/technology/xilinx/interface/xilinx_interface.hlp 
Execute             source /data1/Xilinx/Vivado/2019.2/common/technology/xilinx/interface/maxi.hlp 
Execute             source /data1/Xilinx/Vivado/2019.2/common/technology/xilinx/interface/saxilite.hlp 
Execute           source /data1/Xilinx/Vivado/2019.2/common/technology/xilinx/common/dsp48.hlp 
Execute         source /data1/Xilinx/Vivado/2019.2/common/technology/xilinx/virtexuplus/dsp48e2.hlp 
Execute         source /data1/Xilinx/Vivado/2019.2/common/technology/xilinx/common/xilinx.hlp 
Execute           source /data1/Xilinx/Vivado/2019.2/common/technology/xilinx/common/target_info.tcl 
Execute           source /data1/Xilinx/Vivado/2019.2/common/technology/xilinx/interface/xilinx_interface.hlp 
Execute             source /data1/Xilinx/Vivado/2019.2/common/technology/xilinx/interface/maxi.hlp 
Execute             source /data1/Xilinx/Vivado/2019.2/common/technology/xilinx/interface/saxilite.hlp 
Execute           source /data1/Xilinx/Vivado/2019.2/common/technology/xilinx/common/dsp48.hlp 
Execute       source /data1/Xilinx/Vivado/2019.2/common/technology/xilinx/virtexuplus/virtexuplus.gen 
Execute         source /data1/Xilinx/Vivado/2019.2/common/technology/xilinx/common/xilinx.gen 
Execute           source /data1/Xilinx/Vivado/2019.2/common/technology/xilinx/interface/plb46.gen 
Execute           source /data1/Xilinx/Vivado/2019.2/common/technology/xilinx/interface/fsl.gen 
Execute           source /data1/Xilinx/Vivado/2019.2/common/technology/xilinx/interface/axi4.gen 
Execute           source /data1/Xilinx/Vivado/2019.2/common/technology/xilinx/interface/nativeAXI4.gen 
Execute             source /data1/Xilinx/Vivado/2019.2/common/technology/xilinx/interface/saxilite.gen 
Execute             source /data1/Xilinx/Vivado/2019.2/common/technology/xilinx/interface/maxi.gen 
Execute           source /data1/Xilinx/Vivado/2019.2/common/technology/xilinx/scripts/xilinxcoregen.gen 
Execute           source /data1/Xilinx/Vivado/2019.2/common/technology/xilinx/interface/XilEDKCoreGen.gen 
Execute           source /data1/Xilinx/Vivado/2019.2/common/technology/xilinx/ip/dds_compiler.gen 
Execute           source /data1/Xilinx/Vivado/2019.2/common/technology/xilinx/ip/util.gen 
Execute           source /data1/Xilinx/Vivado/2019.2/common/technology/xilinx/ip/xfft.gen 
Execute           source /data1/Xilinx/Vivado/2019.2/common/technology/xilinx/ip/xfir.gen 
Execute           source /data1/Xilinx/Vivado/2019.2/common/technology/xilinx/common/dsp48.gen 
Command         ap_source done; 0.12 sec.
Command       ap_source done; 0.12 sec.
Execute       ap_part_info -data single -name xcvu9p-flga2104-2L-e 
Execute       ap_part_info -name xcvu9p-flga2104-2L-e -data resources 
Execute       ap_part_info -name xcvu9p-flga2104-2L-e -data info 
Execute       ap_part_info -name xcvu9p-flga2104-2L-e -data info 
Execute       config_chip_info -quiet -resource {SLICE 147780} {LUT 1182240} {FF 2364480} {DSP48E 6840} {BRAM 4320} {URAM 960} {SLR 3} 
Execute       ap_part_info -name xcvu9p-flga2104-2L-e -data info 
Execute       config_chip_info -quiet -speed medium 
Command     add_library done; 0.19 sec.
Execute     add_library xilinx/virtexuplus/virtexuplus_fpv7 
Execute       get_default_platform 
Execute       open_platform DefaultPlatform 
Execute       import_lib /data1/Xilinx/Vivado/2019.2/common/technology/xilinx/virtexuplus/virtexuplus_fpv7 
Execute         source /data1/Xilinx/Vivado/2019.2/common/technology/xilinx/common/xilinx_fp.lib 
Execute         source /data1/Xilinx/Vivado/2019.2/common/technology/xilinx/common/xilinx_fp.hlp 
Execute           source /data1/Xilinx/Vivado/2019.2/common/technology/xilinx/common/xilinx.hlp 
Execute             source /data1/Xilinx/Vivado/2019.2/common/technology/xilinx/common/target_info.tcl 
Execute             source /data1/Xilinx/Vivado/2019.2/common/technology/xilinx/interface/xilinx_interface.hlp 
Execute               source /data1/Xilinx/Vivado/2019.2/common/technology/xilinx/interface/maxi.hlp 
Execute               source /data1/Xilinx/Vivado/2019.2/common/technology/xilinx/interface/saxilite.hlp 
Execute             source /data1/Xilinx/Vivado/2019.2/common/technology/xilinx/common/dsp48.hlp 
Execute       source /data1/Xilinx/Vivado/2019.2/common/technology/xilinx/virtexuplus/virtexuplus_fpv7.gen 
Execute         source /data1/Xilinx/Vivado/2019.2/common/technology/xilinx/common/xilinx_fp.gen 
Execute     ap_part_info -name xcvu9p-flga2104-2L-e -data info 
Execute     get_default_platform 
Command   set_part done; 0.32 sec.
Execute   create_clock -period 2.7777 -name default 
Execute   csynth_design 
Execute     get_config_compile -dump_cfg 
Execute     get_config_compile -effort 
Execute     get_config_compile -enable_clang39 
Execute     get_config_compile -g 
Execute     get_config_compile -ng 
Execute     get_config_compile -opt_fp 
Execute     get_config_compile -skip_cdt 
Execute     get_config_compile -skip_syncheck 
Execute     get_config_compile -skip_transform 
Execute     get_config_compile -keep_printf 
Execute     elaborate -effort=medium -skip_syncheck=0 -keep_printf=0 -skip_cdt=0 -skip_transform=0 -ng=0 -g=0 -opt_fp=0 -from_csynth_design=1 
Execute       get_config_schedule -relax_ii_for_timing 
INFO: [SCHED 204-61] Option 'relax_ii_for_timing' is enabled, will increase II to preserve clock frequency constraints.
Execute       get_config_schedule -suppress_dependence_error_break 
INFO: [HLS 200-10] Analyzing design file 'src/stream.cc' ... 
INFO-FLOW: Compiling one TU...
Execute       is_m_axi_addr64 
INFO-FLOW: Handling src/stream.cc as C++
Execute       ap_part_info -name xcvu9p-flga2104-2L-e -data info 
Execute       is_encrypted src/stream.cc 
Execute       ap_part_info -name xcvu9p-flga2104-2L-e -data info 
INFO-FLOW: Running: GCC PP
INFO-FLOW: Source preprocessing
Execute       clang  -fno-limit-debug-info -gcc-toolchain "/data1/Xilinx/Vivado/2019.2/lnx64/tools/gcc" -hls  -fno-exceptions  -D__llvm__  -E "src/stream.cc"     -fno-math-errno -c -emit-llvm -O0  -mllvm -disable-llvm-optzns -fno-threadsafe-statics  -fno-use-cxa-atexit  -fno-threadsafe-statics -fno-use-cxa-atexit -D__CLANG_3_1__ -DAESL_SYN -D__SYNTHESIS__ -D__HLS_SYN__ -I "/data1/Xilinx/Vivado/2019.2/common/technology/autopilot" -I "/data1/Xilinx/Vivado/2019.2/common/technology/autopilot/ap_sysc" -include etc/autopilot_ssdm_op.h -D__DSP48E2__  -o "/afs/cern.ch/user/m/millerca/vivado_hls/send_packets/stream_variable/proj/solution/.autopilot/db/stream.pp.0.cc" 
INFO-FLOW: exec /data1/Xilinx/Vivado/2019.2/lnx64/tools/clang/bin/clang -fno-limit-debug-info -gcc-toolchain /data1/Xilinx/Vivado/2019.2/lnx64/tools/gcc -hls -fno-exceptions -D__llvm__ -E src/stream.cc -fno-math-errno -c -emit-llvm -O0 -mllvm -disable-llvm-optzns -fno-threadsafe-statics -fno-use-cxa-atexit -fno-threadsafe-statics -fno-use-cxa-atexit -D__CLANG_3_1__ -DAESL_SYN -D__SYNTHESIS__ -D__HLS_SYN__ -I /data1/Xilinx/Vivado/2019.2/common/technology/autopilot -I /data1/Xilinx/Vivado/2019.2/common/technology/autopilot/ap_sysc -include etc/autopilot_ssdm_op.h -D__DSP48E2__ -o /afs/cern.ch/user/m/millerca/vivado_hls/send_packets/stream_variable/proj/solution/.autopilot/db/stream.pp.0.cc
Command       clang done; 2.39 sec.
Execute       tidy_31 xilinx-xfmat-array-geometry /afs/cern.ch/user/m/millerca/vivado_hls/send_packets/stream_variable/proj/solution/.autopilot/db/stream.pp.0.cc std=gnu++98 
INFO-FLOW: exec /data1/Xilinx/Vivado/2019.2/lnx64/tools/clang-3.9-csynth/bin/tidy-3.1 -header-filter=.* -checks=-*,xilinx-xfmat-array-geometry -quiet -fix /afs/cern.ch/user/m/millerca/vivado_hls/send_packets/stream_variable/proj/solution/.autopilot/db/stream.pp.0.cc -- -std=gnu++98 -fhls -ferror-limit=0
Command       tidy_31 done; 0.84 sec.
INFO-FLOW: Syntax Checking before pre-processing...
Execute       clang -syntaxcheck -src /afs/cern.ch/user/m/millerca/vivado_hls/send_packets/stream_variable/proj/solution/.autopilot/db/stream.pp.0.cc  -fno-limit-debug-info -gcc-toolchain "/data1/Xilinx/Vivado/2019.2/lnx64/tools/gcc" -hls    -fno-math-errno -c -emit-llvm -O0  -mllvm -disable-llvm-optzns -fno-threadsafe-statics  -fno-use-cxa-atexit  -fno-threadsafe-statics -fno-use-cxa-atexit -D__CLANG_3_1__ -DAESL_SYN -D__SYNTHESIS__ -D__HLS_SYN__ -I "/data1/Xilinx/Vivado/2019.2/common/technology/autopilot" -I "/data1/Xilinx/Vivado/2019.2/common/technology/autopilot/ap_sysc" -include etc/autopilot_ssdm_op.h -D__DSP48E2__  "/afs/cern.ch/user/m/millerca/vivado_hls/send_packets/stream_variable/proj/solution/.autopilot/db/stream.pp.0.cc"  -o "/afs/cern.ch/user/m/millerca/vivado_hls/send_packets/stream_variable/proj/solution/.autopilot/db/useless.bc"  
INFO-FLOW: exec /data1/Xilinx/Vivado/2019.2/lnx64/tools/clang/bin/clang -fno-limit-debug-info -gcc-toolchain /data1/Xilinx/Vivado/2019.2/lnx64/tools/gcc -hls -fno-math-errno -c -emit-llvm -O0 -mllvm -disable-llvm-optzns -fno-threadsafe-statics -fno-use-cxa-atexit -fno-threadsafe-statics -fno-use-cxa-atexit -D__CLANG_3_1__ -DAESL_SYN -D__SYNTHESIS__ -D__HLS_SYN__ -I /data1/Xilinx/Vivado/2019.2/common/technology/autopilot -I /data1/Xilinx/Vivado/2019.2/common/technology/autopilot/ap_sysc -include etc/autopilot_ssdm_op.h -D__DSP48E2__ /afs/cern.ch/user/m/millerca/vivado_hls/send_packets/stream_variable/proj/solution/.autopilot/db/stream.pp.0.cc -o /afs/cern.ch/user/m/millerca/vivado_hls/send_packets/stream_variable/proj/solution/.autopilot/db/useless.bc
Command       clang done; 2.72 sec.
INFO-FLOW: Done: GCC PP time: 5.9 seconds per iteration
Execute       source /data1/Xilinx/Vivado/2019.2/tps/tcl/tcllib1.11.1/yaml/huddle.tcl 
Execute       source /data1/Xilinx/Vivado/2019.2/tps/tcl/tcllib1.11.1/yaml/json2huddle.tcl 
Execute         source /data1/Xilinx/Vivado/2019.2/tps/tcl/tcllib1.11.1/try/try.tcl 
Execute       list_core -type functional_unit 
Execute       tidy_31 xilinx-systemc-detector /afs/cern.ch/user/m/millerca/vivado_hls/send_packets/stream_variable/proj/solution/.autopilot/db/stream.pp.0.cc std=gnu++98 -directive=/afs/cern.ch/user/m/millerca/vivado_hls/send_packets/stream_variable/proj/solution/.autopilot/db/.systemc_flag 
INFO-FLOW: exec /data1/Xilinx/Vivado/2019.2/lnx64/tools/clang-3.9-csynth/bin/tidy-3.1 -header-filter=.* -checks=-*,xilinx-systemc-detector -import-directive=/afs/cern.ch/user/m/millerca/vivado_hls/send_packets/stream_variable/proj/solution/.autopilot/db/.systemc_flag -quiet -fix-errors /afs/cern.ch/user/m/millerca/vivado_hls/send_packets/stream_variable/proj/solution/.autopilot/db/stream.pp.0.cc -- -std=gnu++98 -fhls -ferror-limit=0
Command       tidy_31 done; 0.77 sec.
INFO-FLOW: Running: tidy-3.1 CDT preprocess
Execute       tidy_31 xilinx-directive2pragma /afs/cern.ch/user/m/millerca/vivado_hls/send_packets/stream_variable/proj/solution/.autopilot/db/stream.pp.0.cc std=gnu++98 -directive=/afs/cern.ch/user/m/millerca/vivado_hls/send_packets/stream_variable/proj/solution/.autopilot/db/all.directive.json 
INFO-FLOW: exec /data1/Xilinx/Vivado/2019.2/lnx64/tools/clang-3.9-csynth/bin/tidy-3.1 -header-filter=.* -checks=-*,xilinx-directive2pragma -import-directive=/afs/cern.ch/user/m/millerca/vivado_hls/send_packets/stream_variable/proj/solution/.autopilot/db/all.directive.json -quiet -fix-errors /afs/cern.ch/user/m/millerca/vivado_hls/send_packets/stream_variable/proj/solution/.autopilot/db/stream.pp.0.cc -- -std=gnu++98 -fhls -ferror-limit=0
Command       tidy_31 done; 0.77 sec.
Execute       get_config_dataflow -strict_mode 
Execute       ap_eval exec -ignorestderr /data1/Xilinx/Vivado/2019.2/lnx64/tools/clang-3.9-csynth/bin/xilinx-dataflow-lawyer -export-fixes=/afs/cern.ch/user/m/millerca/vivado_hls/send_packets/stream_variable/proj/solution/.autopilot/db/xilinx-dataflow-lawyer.stream.pp.0.cc.diag.yml /afs/cern.ch/user/m/millerca/vivado_hls/send_packets/stream_variable/proj/solution/.autopilot/db/stream.pp.0.cc -- -std=gnu++98 -fhls -ferror-limit=0 -fstrict-dataflow > /afs/cern.ch/user/m/millerca/vivado_hls/send_packets/stream_variable/proj/solution/.autopilot/db/xilinx-dataflow-lawyer.stream.pp.0.cc.out.log 2> /afs/cern.ch/user/m/millerca/vivado_hls/send_packets/stream_variable/proj/solution/.autopilot/db/xilinx-dataflow-lawyer.stream.pp.0.cc.err.log 
Command       ap_eval done; 0.88 sec.
Execute       tidy_31 -errorcheck xilinx-constantarray-param,xilinx-resource-pragma-transformer,xilinx-xfmat-array-geometry /afs/cern.ch/user/m/millerca/vivado_hls/send_packets/stream_variable/proj/solution/.autopilot/db/stream.pp.0.cc std=gnu++98 
Execute         ap_eval exec -ignorestderr /data1/Xilinx/Vivado/2019.2/lnx64/tools/clang-3.9-csynth/bin/tidy-3.1 -export-fixes=/afs/cern.ch/user/m/millerca/vivado_hls/send_packets/stream_variable/proj/solution/.autopilot/db/tidy-3.1.stream.pp.0.cc.diag.yml -header-filter=.* -checks=-*,xilinx-constantarray-param,xilinx-resource-pragma-transformer,xilinx-xfmat-array-geometry -quiet -fix-errors /afs/cern.ch/user/m/millerca/vivado_hls/send_packets/stream_variable/proj/solution/.autopilot/db/stream.pp.0.cc -- -std=gnu++98 -fhls -ferror-limit=0 > /afs/cern.ch/user/m/millerca/vivado_hls/send_packets/stream_variable/proj/solution/.autopilot/db/tidy-3.1.stream.pp.0.cc.out.log 2> /afs/cern.ch/user/m/millerca/vivado_hls/send_packets/stream_variable/proj/solution/.autopilot/db/tidy-3.1.stream.pp.0.cc.err.log 
Command         ap_eval done; 1.58 sec.
Execute         source /data1/Xilinx/Vivado/2019.2/tps/tcl/tcllib1.11.1/yaml/yaml.tcl 
Execute           source /data1/Xilinx/Vivado/2019.2/tps/tcl/tcllib1.11.1/cmdline/cmdline.tcl 
Execute         ap_eval exec -ignorestderr /data1/Xilinx/Vivado/2019.2/lnx64/tools/clang-3.9-csynth/bin/xilinx-legacy-rewriter /afs/cern.ch/user/m/millerca/vivado_hls/send_packets/stream_variable/proj/solution/.autopilot/db/stream.pp.0.cc -- -std=gnu++98 -fhls -ferror-limit=0 > /afs/cern.ch/user/m/millerca/vivado_hls/send_packets/stream_variable/proj/solution/.autopilot/db/xilinx-legacy-rewriter.stream.pp.0.cc.out.log 2> /afs/cern.ch/user/m/millerca/vivado_hls/send_packets/stream_variable/proj/solution/.autopilot/db/xilinx-legacy-rewriter.stream.pp.0.cc.err.log 
Command         ap_eval done; 0.77 sec.
Command       tidy_31 done; 2.4 sec.
INFO-FLOW: Done: tidy-3.1 CDT preprocess time: 4 seconds per iteration
INFO-FLOW: Pragma Handling...
Execute       tidy_31 xilinx-ssdm-intrinsics-arguments /afs/cern.ch/user/m/millerca/vivado_hls/send_packets/stream_variable/proj/solution/.autopilot/db/stream.pragma.1.cc std=gnu++98 
INFO-FLOW: exec /data1/Xilinx/Vivado/2019.2/lnx64/tools/clang-3.9-csynth/bin/tidy-3.1 -header-filter=.* -checks=-*,xilinx-ssdm-intrinsics-arguments -quiet -fix-errors /afs/cern.ch/user/m/millerca/vivado_hls/send_packets/stream_variable/proj/solution/.autopilot/db/stream.pragma.1.cc -- -std=gnu++98 -fhls -ferror-limit=0
Command       tidy_31 done; 1.59 sec.
Execute       ap_part_info -name xcvu9p-flga2104-2L-e -data info 
INFO-FLOW: Processing labels
Execute       clang -src /afs/cern.ch/user/m/millerca/vivado_hls/send_packets/stream_variable/proj/solution/.autopilot/db/stream.pragma.2.cc  -fno-limit-debug-info -gcc-toolchain /data1/Xilinx/Vivado/2019.2/lnx64/tools/gcc -hls -hls-analyze-label -hls-analyze-pragma -fno-exceptions  -D__llvm__  -w  "/afs/cern.ch/user/m/millerca/vivado_hls/send_packets/stream_variable/proj/solution/.autopilot/db/stream.pragma.2.cc"    -fno-math-errno -c -emit-llvm -O0  -mllvm -disable-llvm-optzns -fno-threadsafe-statics  -fno-use-cxa-atexit -DAESL_SYN -D__SYNTHESIS__ -D__HLS_SYN__ -I "/data1/Xilinx/Vivado/2019.2/common/technology/autopilot" -I "/data1/Xilinx/Vivado/2019.2/common/technology/autopilot/ap_sysc" -include etc/autopilot_ssdm_op.h -D__DSP48E2__ -g -o "/afs/cern.ch/user/m/millerca/vivado_hls/send_packets/stream_variable/proj/solution/.autopilot/db/stream.bc" 
INFO-FLOW: exec /data1/Xilinx/Vivado/2019.2/lnx64/tools/clang/bin/clang -fno-limit-debug-info -gcc-toolchain /data1/Xilinx/Vivado/2019.2/lnx64/tools/gcc -hls -hls-analyze-label -hls-analyze-pragma -fno-exceptions -D__llvm__ -w /afs/cern.ch/user/m/millerca/vivado_hls/send_packets/stream_variable/proj/solution/.autopilot/db/stream.pragma.2.cc -fno-math-errno -c -emit-llvm -O0 -mllvm -disable-llvm-optzns -fno-threadsafe-statics -fno-use-cxa-atexit -DAESL_SYN -D__SYNTHESIS__ -D__HLS_SYN__ -I /data1/Xilinx/Vivado/2019.2/common/technology/autopilot -I /data1/Xilinx/Vivado/2019.2/common/technology/autopilot/ap_sysc -include etc/autopilot_ssdm_op.h -D__DSP48E2__ -g -o /afs/cern.ch/user/m/millerca/vivado_hls/send_packets/stream_variable/proj/solution/.autopilot/db/stream.bc
Command       clang done; 2.77 sec.
INFO-FLOW: Linking Debug ...
Execute       llvm-ld /afs/cern.ch/user/m/millerca/vivado_hls/send_packets/stream_variable/proj/solution/.autopilot/db/stream.g.bc -hls-opt -except-internalize streamv -L/data1/Xilinx/Vivado/2019.2/lnx64/lib -lhlsm -lhlsmc++ -o /afs/cern.ch/user/m/millerca/vivado_hls/send_packets/stream_variable/proj/solution/.autopilot/db/a.g 
Command       llvm-ld done; 1.3 sec.
INFO: [HLS 200-111] Finished Linking Time (s): cpu = 00:00:17 ; elapsed = 00:00:20 . Memory (MB): peak = 1056.160 ; gain = 536.129 ; free physical = 609 ; free virtual = 5224
INFO: [HLS 200-111] Finished Checking Pragmas Time (s): cpu = 00:00:17 ; elapsed = 00:00:20 . Memory (MB): peak = 1056.160 ; gain = 536.129 ; free physical = 609 ; free virtual = 5224
Execute       get_config_sdx -target 
Execute       opt_and_import_c a -opt_level=2 -skip_syncheck=0 -ng=0 -keep_printf=0 
Execute         cleanup_all_models 
INFO: [HLS 200-10] Starting code transformations ...
Execute         transform -promote-dbg-pointer /afs/cern.ch/user/m/millerca/vivado_hls/send_packets/stream_variable/proj/solution/.autopilot/db/a.pp.bc -o /afs/cern.ch/user/m/millerca/vivado_hls/send_packets/stream_variable/proj/solution/.autopilot/db/a.pp.0.bc -f 
Execute         llvm-ld /afs/cern.ch/user/m/millerca/vivado_hls/send_packets/stream_variable/proj/solution/.autopilot/db/a.pp.0.bc -disable-opt -L/data1/Xilinx/Vivado/2019.2/lnx64/lib -lfloatconversion -o /afs/cern.ch/user/m/millerca/vivado_hls/send_packets/stream_variable/proj/solution/.autopilot/db/a.g.0 
Command         llvm-ld done; 1.34 sec.
INFO-FLOW: Running Standard Transforms...
Execute         transform -hls -share-std-xform -demangle-name -inline-byval-memcpy -always-inline -promote-dbg-pointer -interface-preproc -mem2reg -scalarrepl -mem2reg -keep-read-access -instcombine -dce -promote-dbg-pointer -bitop-raise -loop-simplify -indvarspre -indvars -loop-simplify -xunroll -constprop -instcombine -simplifycfg -indvars -simplifycfg -dce -globaldce -basicaa -simplifycfg -mem2reg -globalopt -global-constprop -deadargelim -instcombine -simplifycfg -prune-eh -simplifycfg -scalarrepl -instcombine -reassociate -licm -simplifycfg -loop-simplify -indvars -instcombine -simplifycfg -mem2reg -loop-simplify -indvars -instcombine -gvn -gvn -instcombine -adce -break-crit-edges -simplifycfg -loop-delete -global-array-opt -dce -dse -adce -find-syn-modules -top streamv -deadargelim -mem2reg -instcombine -dce -presyn-prepare -auto-rom-infer -interface-preproc -syn-check -check-rec-only -find-region -simplifycfg -func-extr -function-inline -globaldce -mem2reg -instcombine -dce -gvn -globaldce -adce -adse -constprop -instcombine -bit-constprop -instcombine -dce -simplifycfg -bitop-raise -simplifycfg -dce -loop-delete -reassociate -globalopt -global-privatize -mem2reg -dce -global-constprop -pointer-simplify -constprop -dce -func-inst -deadargelim -auto-shift-reg-idiom -promote-dbg-pointer -norm-name /afs/cern.ch/user/m/millerca/vivado_hls/send_packets/stream_variable/proj/solution/.autopilot/db/a.g.0.bc -o /afs/cern.ch/user/m/millerca/vivado_hls/send_packets/stream_variable/proj/solution/.autopilot/db/a.g.1.bc -f -phase std-opt 
INFO: [HLS 200-111] Finished Standard Transforms Time (s): cpu = 00:00:18 ; elapsed = 00:00:22 . Memory (MB): peak = 1056.160 ; gain = 536.129 ; free physical = 604 ; free virtual = 5222
INFO: [HLS 200-10] Checking synthesizability ...
INFO-FLOW: Checking Synthesizability 1/2..
Execute         transform -hls -syn-check -check-rec-only -disaggr -scalarrepl -norm-name -dce -mem2reg -instcombine -function-uniquify -directive-preproc -mem2reg -dse -dce -auto-rom-infer -dce -pag -array-normalize -instcombine -dce -warn-fifo-pointer -array-seg-normalize -instcombine -dce -array-flatten -instcombine -dce -array-burst -dce -deadargelim -promote-global-argument -simplifycfg -mem2reg -globaldce -dce -deadargelim -dce -instcombine -function-inline -globaldce -dce -doublePtrSimplify -doublePtrElim -dce -doublePtrSimplify -promote-dbg-pointer -dce -scalarrepl -dse -adse -instcombine -ptrLegalization -simplifycfg -dce -instcombine -pointer-simplify -ptrArgReplace -dce -instcombine -resolve-double-ptr -disaggr -scalarrepl -norm-name -dce -mem2reg -instcombine -ptrLegalization -simplifycfg -deadargelim -instcombine -dce -inst-simplify -function-uniquify -directive-preproc -mem2reg -dse -dce -globaldce -check-dspbuiltin /afs/cern.ch/user/m/millerca/vivado_hls/send_packets/stream_variable/proj/solution/.autopilot/db/a.g.1.bc -o /afs/cern.ch/user/m/millerca/vivado_hls/send_packets/stream_variable/proj/solution/.autopilot/db/a.g.2.prechk.bc -f 
INFO-FLOW: Checking Synthesizability 2/2..
Execute         transform -syn-check /afs/cern.ch/user/m/millerca/vivado_hls/send_packets/stream_variable/proj/solution/.autopilot/db/a.g.2.prechk.bc -o /afs/cern.ch/user/m/millerca/vivado_hls/send_packets/stream_variable/proj/solution/.autopilot/db/a.g.2.bc -f -phase syn-check 
INFO: [HLS 200-111] Finished Checking Synthesizability Time (s): cpu = 00:00:18 ; elapsed = 00:00:22 . Memory (MB): peak = 1056.160 ; gain = 536.129 ; free physical = 600 ; free virtual = 5218
INFO-FLOW: Compiler optimizing ...
INFO-FLOW: Share syncheck's 1.bc for syn flow: copy /afs/cern.ch/user/m/millerca/vivado_hls/send_packets/stream_variable/proj/solution/.autopilot/db/a.g.1.bc to /afs/cern.ch/user/m/millerca/vivado_hls/send_packets/stream_variable/proj/solution/.autopilot/db/a.o.1.bc
INFO-FLOW: Presyn 1...
Execute         transform -hls -tmp /afs/cern.ch/user/m/millerca/vivado_hls/send_packets/stream_variable/proj/solution/.autopilot/db -interface-port-rename -type-info -function-uniquify -directive-preproc -mem2reg -dse -dce -disaggr -scalarrepl -norm-name -deadargelim -mem2reg -instcombine -dce -simplifycfg -auto-rom-infer -dce -function-uniquify -resource-proc -clib-intrinsic-prepare -dce -func-buffer -dce -pag -array-normalize -func-legal -instcombine -gvn -constprop -dce -simplifycfg -mem2reg -globaldce -resolve-double-ptr -dce -deadargelim -dce -instcombine -ptrArgReplace -mem2reg -dce -array-seg-normalize -deadargelim -instcombine -dce -pointer-simplify -dce -port-alignment -dce -interface-preproc -data-pack -instcombine -dce -basicaa -aggr-aa -aggrmodref-aa -aggr-aa -gvn -gvn -basicaa -aggr-aa -aggrmodref-aa -aggr-aa -dse -adse -adce -loop-simplify -indvars -instcombine -gvn -loop-simplify -mem2reg -dce -find-region -instcombine -auto-loop-pipeline -inst-simplify -interface-preproc -cfgopt -instcombine -indvars -auto-loop-unroll -loop-simplify -loop-bound -xunroll -constprop -instcombine -simplifycfg -indvars -simplifycfg -dce -globaldce -clean-region -attach-range -gvn -inst-simplify -constprop -simplifycfg -dce -pointer-simplify -dce -globalopt -constprop -dce -array-promote -constprop -dce -ptrArgReplace -mem2reg -simplifycfg -dce -auto-par -instcombine -dce -array-transform-check -array-reshape -instcombine -simplifycfg -dce -ptrArgReplace -deadargelim -mem2reg -instcombine -simplifycfg -dce -indvars -loop-simplify -loop-bound -xunroll -constprop -instcombine -simplifycfg -indvars -simplifycfg -dce -globaldce -basicaa -aggr-aa -aggrmodref-aa -aggr-aa -dse -duplicate-dataflow-processes -globaldce -instcombine -array-partition -instcombine -simplifycfg -dce -ptrArgReplace -global-constprop -deadargelim -mem2reg -func-legal -dce -global-constprop -deadargelim -mem2reg -simplifycfg -dce -merge-param -deadargelim -globalopt -constprop -dce -array-promote -constprop -dce -ptrArgReplace -mem2reg -simplifycfg -dce -mem-intrinsic-preproc -dce -global-internalize -global-privatize -mem2reg -globaldce -promote-global-argument -ptrArgReplace -mem2reg -dce -globalopt -mergereturn -simplify-global-access -mem2reg -dce -pointer-simplify -dce -functionattrs -basicaa -aggr-aa -aggrmodref-aa -aggr-aa -gvn -gvn -basicaa -aggr-aa -aggrmodref-aa -aggr-aa -dse -adse -adce -dce -norm-name -function-inline -complex-op-raise -inst-simplify -globaldce -func-inst -constprop -instcombine -simplifycfg -dce -func-legal -dce -loop-bound -arraycheck -bitwidthmin -on-by-dataflow -loop-delete -instcombine -simplifycfg -globaldce -dce -gvn -deadargelim -dce -loop-simplify -clean-region -simplifycfg -propagate-stable-arguments -loop-stream -instcombine -simplifycfg -dce -globaldce -duplicate-dataflow-processes -stream-intrinsic-preproc -dce -check-ap-stream -loop-simplify -eliminate-keepreads -extract-dataflow-in-loop -loop-simplify -dce -gvn -deadargelim -dse -check-dataflow-syntax -legalize-stream-variable -legalize-global -extract-subproc -dce -dead-channel-elimination -canonicalize-gep -globaldce -dce -gvn -deadargelim -annotate-dataflow-channels -scalar-propagation -deadargelim -globaldce -mem2reg -check-dataflow-channels -function-stream -dce -globaldce -prop-fifo-spec -internal-stream-gen -canonicalize-gep -globaldce -dce -gvn -deadargelim -mergereturn -indvars -loop-simplify -instcombine -array-stream -array-seg-normalize -array-partition -func-legal -instcombine -simplifycfg -dce -bundle-memfifo-ops -deadargelim -function-uniquify -directive-preproc -mem2reg -dse -dce -group-axi-access -licm -simplifycfg -dce -loop-delete -norm-name /afs/cern.ch/user/m/millerca/vivado_hls/send_packets/stream_variable/proj/solution/.autopilot/db/a.o.1.bc -o /afs/cern.ch/user/m/millerca/vivado_hls/send_packets/stream_variable/proj/solution/.autopilot/db/a.o.1.tmp.bc -f 
INFO: [XFORM 203-502] Unrolling all loops for pipelining in function 'streamv' (src/stream.cc:10).
INFO: [HLS 200-489] Unrolling loop 'Loop-1' (src/stream.cc:28) in function 'streamv' completely with a factor of 4.
INFO: [HLS 200-489] Unrolling loop 'Loop-2' (src/stream.cc:39) in function 'streamv' completely with a factor of 4.
INFO: [HLS 200-489] Unrolling loop 'Loop-3' (src/stream.cc:47) in function 'streamv' completely with a factor of 4.
INFO: [XFORM 203-101] Partitioning array 'brams.V'  in dimension 1 completely.
INFO: [XFORM 203-101] Partitioning array 'candin.V' (src/stream.cc:10) in dimension 1 completely.
INFO: [XFORM 203-101] Partitioning array 'prep.V' (src/stream.cc:12) in dimension 1 completely.
Command         transform done; 0.23 sec.
INFO-FLOW: Presyn 2...
Execute         transform -hls -keep-callgraph -scalarrepl -mem2reg -port-alignment -attach-range -dce -pipe-mux-gen -indvars -loop-bound -inst-simplify -instcombine -dce -merge-array-access -mem2reg -dce -clean-region -mergereturn -if-conv -instcombine -dce -constprop -basicaa -aggr-aa -aggrmodref-aa -aggr-aa -gvn -gvn -basicaa -aggr-aa -aggrmodref-aa -aggr-aa -dse -adse -adce -scalarrepl -mem2reg -global-constprop -deadargelim -deadargelim -instcombine -dce -simplifycfg -ptrArgReplace -mem2reg -function-inline -globaldce -mem2reg -instcombine -dce -expr-balance -instcombine -dce -bitwidthmin -interface-preproc -directive-preproc -inst-rectify -instcombine -dce -functionattrs -constprop -instcombine -bit-constprop -simplify-global-access -globalopt -globaldce -inst-simplify -instcombine -elimdeaddata -dce -loop-delete -simplifycfg -loop-simplify -auto-burst -norm-name /afs/cern.ch/user/m/millerca/vivado_hls/send_packets/stream_variable/proj/solution/.autopilot/db/a.o.1.tmp.bc -o /afs/cern.ch/user/m/millerca/vivado_hls/send_packets/stream_variable/proj/solution/.autopilot/db/a.o.2.bc -f -phase presyn 
INFO: [XFORM 203-401] Performing if-conversion on hyperblock to (src/stream.cc:46:9) in function 'streamv'... converting 34 basic blocks.
INFO: [XFORM 203-11] Balancing expressions in function 'streamv' (src/stream.cc:10)...3 expression(s) balanced.
Command         transform done; 0.11 sec.
INFO: [HLS 200-111] Finished Pre-synthesis Time (s): cpu = 00:00:19 ; elapsed = 00:00:22 . Memory (MB): peak = 1056.160 ; gain = 536.129 ; free physical = 577 ; free virtual = 5196
INFO-FLOW: Building ssdm...
Execute         transform -hls -function-uniquify -auto-function-inline -globaldce -ptrArgReplace -mem2reg -dce -reset-lda -loop-simplify -indvars -licm -loop-dep -loop-bound -licm -loop-simplify -flattenloopnest -array-flatten -gvn -instcombine -dce -array-map -dce -func-legal -gvn -adce -instcombine -cfgopt -simplifycfg -loop-simplify -array-burst -promote-global-argument -dce -ptrLegalization -axi4-lower -array-seg-normalize -basicaa -aggrmodref-aa -globalsmodref-aa -aggr-aa -gvn -gvn -basicaa -aggrmodref-aa -globalsmodref-aa -aggr-aa -dse -adse -adce -licm -inst-simplify -dce -globaldce -instcombine -array-stream -eliminate-keepreads -instcombine -dce -deadargelim -doublePtrSimplify -doublePtrElim -dce -doublePtrSimplify -promote-dbg-pointer -dce -scalarrepl -mem2reg -disaggr -norm-name -mem2reg -instcombine -dse -adse -adce -ptrLegalization -dce -auto-rom-infer -array-flatten -dce -instcombine -check-doubleptr -loop-rot -constprop -cfgopt -simplifycfg -loop-simplify -indvars -pointer-simplify -dce -loop-bound -loop-simplify -loop-preproc -constprop -global-constprop -gvn -mem2reg -instcombine -dce -loop-bound -loop-merge -dce -bitwidthmin -deadargelim -dce -canonicalize-dataflow -dce -scalar-propagation -deadargelim -globaldce -mem2reg -read-loop-dep -interface-preproc -directive-preproc -interface-gen -bram-byte-enable -deadargelim -inst-simplify -dce -gvn -mem2reg -instcombine -dce -adse -loop-bound -instcombine -cfgopt -simplifycfg -loop-simplify -clean-region -io-protocol -find-region -mem2reg -bitop-raise -complex-op-raise -inst-simplify -inst-rectify -instcombine -adce -deadargelim -loop-simplify -phi-opt -bitop-raise -cfgopt -simplifycfg -strip-dead-prototypes -interface-lower -bitop-lower -intrinsic-lower -auto-function-inline -basicaa -aggrmodref-aa -globalsmodref-aa -aggr-aa -inst-simplify -simplifycfg -loop-simplify -mergereturn -inst-simplify -inst-rectify -dce -load-elim -bitop-lower -loop-rewind -pointer-simplify -dce -cfgopt -dce -loop-bound -loop-dep -read-loop-dep -dce -check-stream -norm-name -legalize -validate-dataflow -inst-clarity -bitwidth -dump-loop-dep-to-ir -check-all-ssdm -cdfg-build /afs/cern.ch/user/m/millerca/vivado_hls/send_packets/stream_variable/proj/solution/.autopilot/db/a.o.2.bc -o /afs/cern.ch/user/m/millerca/vivado_hls/send_packets/stream_variable/proj/solution/.autopilot/db/a.o.3.bc -f -phase build-ssdm 
INFO: [HLS 200-472] Inferring partial write operation for 'brams.V.0' (src/stream.cc:49:11)
Command         transform done; 0.18 sec.
INFO: [HLS 200-111] Finished Architecture Synthesis Time (s): cpu = 00:00:19 ; elapsed = 00:00:22 . Memory (MB): peak = 1056.160 ; gain = 536.129 ; free physical = 575 ; free virtual = 5195
INFO-FLOW: Finish building internal data model.
Command       opt_and_import_c done; 2.19 sec.
Command     elaborate done; 19.16 sec.
Execute     autosyn -from_csynth_design=1 
INFO: [HLS 200-10] Starting hardware synthesis ...
INFO-FLOW: Synthesizing C/C++ design ...
INFO: [HLS 200-10] Synthesizing 'streamv' ...
Execute       ap_set_top_model streamv 
Execute       get_model_list streamv -filter all-wo-channel -topdown 
Execute       preproc_iomode -model streamv 
Execute       get_model_list streamv -filter all-wo-channel 
INFO-FLOW: Model list for configure: streamv
INFO-FLOW: Configuring Module : streamv ...
Execute       set_default_model streamv 
Execute       apply_spec_resource_limit streamv 
INFO-FLOW: Model list for preprocess: streamv
INFO-FLOW: Preprocessing Module: streamv ...
Execute       set_default_model streamv 
Execute       cdfg_preprocess -model streamv 
Execute       rtl_gen_preprocess streamv 
WARNING: [SYN 201-107] Renaming port name 'streamv/write' to 'streamv/write_r' to avoid the conflict with HDL keywords or other object names.
INFO-FLOW: Model list for synthesis: streamv
INFO: [HLS 200-10] ----------------------------------------------------------------
INFO: [HLS 200-42] -- Implementing module 'streamv' 
INFO: [HLS 200-10] ----------------------------------------------------------------
Execute       set_default_model streamv 
Execute       schedule -model streamv 
INFO: [SCHED 204-11] Starting scheduling ...
INFO: [SCHED 204-61] Pipelining function 'streamv'.
INFO: [SCHED 204-61] Pipelining result : Target II = 1, Final II = 1, Depth = 4.
INFO: [SCHED 204-11] Finished scheduling.
Command       schedule done; 0.12 sec.
INFO: [HLS 200-111]  Elapsed time: 22.41 seconds; current allocated memory: 111.757 MB.
Execute       syn_report -verbosereport -o /afs/cern.ch/user/m/millerca/vivado_hls/send_packets/stream_variable/proj/solution/.autopilot/db/streamv.verbose.sched.rpt 
Execute       db_write -o /afs/cern.ch/user/m/millerca/vivado_hls/send_packets/stream_variable/proj/solution/.autopilot/db/streamv.sched.adb -f 
INFO-FLOW: Finish scheduling streamv.
Execute       set_default_model streamv 
Execute       bind -model streamv 
BIND OPTION: model=streamv
INFO: [BIND 205-100] Starting micro-architecture generation ...
INFO: [BIND 205-101] Performing variable lifetime analysis.
INFO: [BIND 205-101] Exploring resource sharing.
INFO: [BIND 205-101] Binding ...
INFO: [BIND 205-100] Finished micro-architecture generation.
INFO: [HLS 200-111]  Elapsed time: 0.16 seconds; current allocated memory: 112.277 MB.
Execute       syn_report -verbosereport -o /afs/cern.ch/user/m/millerca/vivado_hls/send_packets/stream_variable/proj/solution/.autopilot/db/streamv.verbose.bind.rpt 
Command       syn_report done; 0.14 sec.
Execute       db_write -o /afs/cern.ch/user/m/millerca/vivado_hls/send_packets/stream_variable/proj/solution/.autopilot/db/streamv.bind.adb -f 
INFO-FLOW: Finish binding streamv.
Execute       get_model_list streamv -filter all-wo-channel 
INFO-FLOW: Preprocessing for RTLGen ...
Execute       rtl_gen_preprocess streamv 
INFO-FLOW: Model list for RTL generation: streamv
INFO: [HLS 200-10] ----------------------------------------------------------------
INFO: [HLS 200-10] -- Generating RTL for module 'streamv' 
INFO: [HLS 200-10] ----------------------------------------------------------------
Execute       get_config_rtl -module_prefix 
Execute       get_config_rtl -module_auto_prefix 
Execute       create_rtl_model streamv -vendor xilinx -mg_file /afs/cern.ch/user/m/millerca/vivado_hls/send_packets/stream_variable/proj/solution/.autopilot/db/streamv.compgen.tcl 
INFO: [RTGEN 206-500] Setting interface mode on port 'streamv/candin_0_V' to 'ap_none'.
INFO: [RTGEN 206-500] Setting interface mode on port 'streamv/candin_1_V' to 'ap_none'.
INFO: [RTGEN 206-500] Setting interface mode on port 'streamv/candin_2_V' to 'ap_none'.
INFO: [RTGEN 206-500] Setting interface mode on port 'streamv/candin_3_V' to 'ap_none'.
INFO: [RTGEN 206-500] Setting interface mode on port 'streamv/candout_V' to 'ap_vld'.
INFO: [RTGEN 206-500] Setting interface mode on port 'streamv/eventstart' to 'ap_none'.
INFO: [RTGEN 206-500] Setting interface mode on port 'streamv/lastvalid' to 'ap_none'.
INFO: [RTGEN 206-500] Setting interface mode on port 'streamv/first' to 'ap_vld'.
INFO: [RTGEN 206-500] Setting interface mode on port 'streamv/last' to 'ap_vld'.
INFO: [RTGEN 206-500] Setting interface mode on function 'streamv' to 'ap_ctrl_hs'.
WARNING: [RTGEN 206-101] Register 'write_r' is power-on initialization.
WARNING: [RTGEN 206-101] Register 'ptrsep_V' is power-on initialization.
WARNING: [RTGEN 206-101] Register 'wrptr_V' is power-on initialization.
WARNING: [RTGEN 206-101] Register 'rdptr_V' is power-on initialization.
WARNING: [RTGEN 206-101] Register 'readidx_V' is power-on initialization.
INFO: [SYN 201-210] Renamed object name 'streamv_mux_42_67_1_1' to 'streamv_mux_42_67bkb' due to the length limit 20
INFO: [RTGEN 206-100] Generating core module 'streamv_mux_42_67bkb': 1 instance(s).
INFO: [RTGEN 206-100] Finished creating RTL model for 'streamv'.
Command       create_rtl_model done; 0.11 sec.
INFO: [HLS 200-111]  Elapsed time: 0.36 seconds; current allocated memory: 113.274 MB.
Execute       source /afs/cern.ch/user/m/millerca/vivado_hls/send_packets/stream_variable/proj/solution/.autopilot/db/streamv.rtl_wrap.cfg.tcl 
Execute       gen_rtl streamv -istop -style xilinx -tracefl mytrace -tracefmt vcd -traceopt all -f -lang sc -o /afs/cern.ch/user/m/millerca/vivado_hls/send_packets/stream_variable/proj/solution/syn/systemc/streamv -synmodules streamv 
Execute       gen_rtl streamv -istop -style xilinx -f -lang vhdl -o /afs/cern.ch/user/m/millerca/vivado_hls/send_packets/stream_variable/proj/solution/syn/vhdl/streamv 
Execute       gen_rtl streamv -istop -style xilinx -f -lang vlog -o /afs/cern.ch/user/m/millerca/vivado_hls/send_packets/stream_variable/proj/solution/syn/verilog/streamv 
Execute       syn_report -csynth -model streamv -o /afs/cern.ch/user/m/millerca/vivado_hls/send_packets/stream_variable/proj/solution/syn/report/streamv_csynth.rpt 
Execute       syn_report -rtlxml -model streamv -o /afs/cern.ch/user/m/millerca/vivado_hls/send_packets/stream_variable/proj/solution/syn/report/streamv_csynth.xml 
Execute       syn_report -verbosereport -model streamv -o /afs/cern.ch/user/m/millerca/vivado_hls/send_packets/stream_variable/proj/solution/.autopilot/db/streamv.verbose.rpt 
Command       syn_report done; 0.19 sec.
Execute       db_write -model streamv -f -o /afs/cern.ch/user/m/millerca/vivado_hls/send_packets/stream_variable/proj/solution/.autopilot/db/streamv.adb 
Command       db_write done; 0.11 sec.
Execute       gen_tb_info streamv -p /afs/cern.ch/user/m/millerca/vivado_hls/send_packets/stream_variable/proj/solution/.autopilot/db -o /afs/cern.ch/user/m/millerca/vivado_hls/send_packets/stream_variable/proj/solution/.autopilot/db/streamv 
Execute       export_constraint_db -f -tool general -o /afs/cern.ch/user/m/millerca/vivado_hls/send_packets/stream_variable/proj/solution/.autopilot/db/streamv.constraint.tcl 
Execute       syn_report -designview -model streamv -o /afs/cern.ch/user/m/millerca/vivado_hls/send_packets/stream_variable/proj/solution/.autopilot/db/streamv.design.xml 
Execute       get_config_rtl -disable_wave_debug 
Execute       syn_report -wcfg -model streamv -o /afs/cern.ch/user/m/millerca/vivado_hls/send_packets/stream_variable/proj/solution/.autopilot/db/streamv_dataflow_ana.wcfg 
Execute       syn_report -protoinst -model streamv -o /afs/cern.ch/user/m/millerca/vivado_hls/send_packets/stream_variable/proj/solution/.autopilot/db/streamv.protoinst 
Execute       get_config_debug -directory 
Execute       sc_get_clocks streamv 
Execute       get_config_export -vivado_clock 
Execute       sc_get_portdomain streamv 
INFO-FLOW: Model list for RTL component generation: streamv
INFO-FLOW: Handling components in module [streamv] ... 
Execute       source /afs/cern.ch/user/m/millerca/vivado_hls/send_packets/stream_variable/proj/solution/.autopilot/db/streamv.compgen.tcl 
INFO-FLOW: Found component streamv_mux_42_67bkb.
INFO-FLOW: Append model streamv_mux_42_67bkb
INFO-FLOW: Found component streamv_brams_V_0.
INFO-FLOW: Append model streamv_brams_V_0
INFO-FLOW: Append model streamv
INFO-FLOW: Generating RTL model list ...
INFO-FLOW: All models in this session: streamv_mux_42_67bkb streamv_brams_V_0 streamv
INFO-FLOW: To file: write model streamv_mux_42_67bkb
INFO-FLOW: To file: write model streamv_brams_V_0
INFO-FLOW: To file: write model streamv
INFO-FLOW: Finished generating RTL model list.


INFO-FLOW: RTL Generation done.
INFO-FLOW: CAS Generation done.
INFO-FLOW: CBC Generation done.
Execute       syn_report -model streamv -printsummary 
INFO: [HLS 200-789] **** Estimated Fmax: 464.25 MHz
INFO-FLOW: DBG:CMD: auto_generate_csynth_design
INFO-FLOW: DBG:CMD:     auto_generate --sim-model -phase csynth_design -d /afs/cern.ch/user/m/millerca/vivado_hls/send_packets/stream_variable/proj/solution
Execute       source /afs/cern.ch/user/m/millerca/vivado_hls/send_packets/stream_variable/proj/solution/.autopilot/db/global.setting.tcl 
INFO-FLOW: DBG:CMD: read_platform_lib /afs/cern.ch/user/m/millerca/vivado_hls/send_packets/stream_variable/proj/solution/.autopilot/db/global.setting.tcl
Execute       source /data1/Xilinx/Vivado/2019.2/common/technology/generic/autopilot/common.gen 
Execute         source /data1/Xilinx/Vivado/2019.2/common/technology/generic/autopilot/APCoreGen.gen 
Execute       source /data1/Xilinx/Vivado/2019.2/common/technology/generic/autopilot/op.gen 
Execute       source /data1/Xilinx/Vivado/2019.2/common/technology/generic/autopilot/op_simcore.gen 
Execute       source /data1/Xilinx/Vivado/2019.2/common/technology/generic/autopilot/interface.gen 
Execute       source /afs/cern.ch/user/m/millerca/vivado_hls/send_packets/stream_variable/proj/solution/.autopilot/db/global.setting.tcl 
Execute       source /data1/Xilinx/Vivado/2019.2/common/technology/xilinx/virtexuplus/virtexuplus.gen 
Execute         source /data1/Xilinx/Vivado/2019.2/common/technology/xilinx/common/xilinx.gen 
Execute           source /data1/Xilinx/Vivado/2019.2/common/technology/xilinx/interface/plb46.gen 
Execute           source /data1/Xilinx/Vivado/2019.2/common/technology/xilinx/interface/fsl.gen 
Execute           source /data1/Xilinx/Vivado/2019.2/common/technology/xilinx/interface/axi4.gen 
Execute           source /data1/Xilinx/Vivado/2019.2/common/technology/xilinx/interface/nativeAXI4.gen 
Execute             source /data1/Xilinx/Vivado/2019.2/common/technology/xilinx/interface/saxilite.gen 
Execute             source /data1/Xilinx/Vivado/2019.2/common/technology/xilinx/interface/maxi.gen 
Execute           source /data1/Xilinx/Vivado/2019.2/common/technology/xilinx/scripts/xilinxcoregen.gen 
Execute           source /data1/Xilinx/Vivado/2019.2/common/technology/xilinx/interface/XilEDKCoreGen.gen 
Execute           source /data1/Xilinx/Vivado/2019.2/common/technology/xilinx/ip/dds_compiler.gen 
Execute           source /data1/Xilinx/Vivado/2019.2/common/technology/xilinx/ip/util.gen 
Execute           source /data1/Xilinx/Vivado/2019.2/common/technology/xilinx/ip/xfft.gen 
Execute           source /data1/Xilinx/Vivado/2019.2/common/technology/xilinx/ip/xfir.gen 
Execute           source /data1/Xilinx/Vivado/2019.2/common/technology/xilinx/common/dsp48.gen 
Command         ap_source done; 0.12 sec.
Command       ap_source done; 0.12 sec.
Execute       source /data1/Xilinx/Vivado/2019.2/common/technology/xilinx/virtexuplus/virtexuplus_fpv7.gen 
Execute         source /data1/Xilinx/Vivado/2019.2/common/technology/xilinx/common/xilinx_fp.gen 
INFO-FLOW: DBG:CMD:   using AESL_AUTOCG::g_clock_period=2.778 (was NA)
INFO-FLOW: DBG:CMD:       generate_ip_cores sim=1 export=0 expOnly=0 dstVlogDir=syn/verilog
Execute       source /afs/cern.ch/user/m/millerca/vivado_hls/send_packets/stream_variable/proj/solution/.autopilot/db/global.setting.tcl 
Execute       ap_part_info -name xcvu9p-flga2104-2L-e -data names -quiet 
Execute       ap_part_info -name xcvu9p-flga2104-2L-e -data info -quiet 
Execute       source /afs/cern.ch/user/m/millerca/vivado_hls/send_packets/stream_variable/proj/solution/.autopilot/db/global.setting.tcl 
Execute       source /afs/cern.ch/user/m/millerca/vivado_hls/send_packets/stream_variable/proj/solution/.autopilot/db/global.setting.tcl 
Execute       source /afs/cern.ch/user/m/millerca/vivado_hls/send_packets/stream_variable/proj/solution/.autopilot/db/streamv.compgen.tcl 
Execute         ap_part_info -name xcvu9p-flga2104-2L-e -data names -quiet 
Execute         ap_part_info -name xcvu9p-flga2104-2L-e -data info -quiet 
INFO: [RTMG 210-278] Implementing memory 'streamv_brams_V_0_ram (RAM)' using block RAMs with power-on initialization.
Execute         ap_part_info -name xcvu9p-flga2104-2L-e -data names -quiet 
Execute         ap_part_info -name xcvu9p-flga2104-2L-e -data info -quiet 
INFO-FLOW: DBG:CMD:     auto_generate -export -impltomg_flag -rtl both -tool Vivado -pcore_version 1.00.a -phase csynth_design -d /afs/cern.ch/user/m/millerca/vivado_hls/send_packets/stream_variable/proj/solution
Execute       source /afs/cern.ch/user/m/millerca/vivado_hls/send_packets/stream_variable/proj/solution/.autopilot/db/global.setting.tcl 
INFO-FLOW: DBG:CMD: read_platform_lib /afs/cern.ch/user/m/millerca/vivado_hls/send_packets/stream_variable/proj/solution/.autopilot/db/global.setting.tcl
Execute       source /data1/Xilinx/Vivado/2019.2/common/technology/generic/autopilot/common.gen 
Execute         source /data1/Xilinx/Vivado/2019.2/common/technology/generic/autopilot/APCoreGen.gen 
Execute       source /data1/Xilinx/Vivado/2019.2/common/technology/generic/autopilot/op.gen 
Execute       source /data1/Xilinx/Vivado/2019.2/common/technology/generic/autopilot/op_simcore.gen 
Execute       source /data1/Xilinx/Vivado/2019.2/common/technology/generic/autopilot/interface.gen 
Execute       source /afs/cern.ch/user/m/millerca/vivado_hls/send_packets/stream_variable/proj/solution/.autopilot/db/global.setting.tcl 
Execute       source /data1/Xilinx/Vivado/2019.2/common/technology/xilinx/virtexuplus/virtexuplus.gen 
Execute         source /data1/Xilinx/Vivado/2019.2/common/technology/xilinx/common/xilinx.gen 
Execute           source /data1/Xilinx/Vivado/2019.2/common/technology/xilinx/interface/plb46.gen 
Execute           source /data1/Xilinx/Vivado/2019.2/common/technology/xilinx/interface/fsl.gen 
Execute           source /data1/Xilinx/Vivado/2019.2/common/technology/xilinx/interface/axi4.gen 
Execute           source /data1/Xilinx/Vivado/2019.2/common/technology/xilinx/interface/nativeAXI4.gen 
Execute             source /data1/Xilinx/Vivado/2019.2/common/technology/xilinx/interface/saxilite.gen 
Execute             source /data1/Xilinx/Vivado/2019.2/common/technology/xilinx/interface/maxi.gen 
Execute           source /data1/Xilinx/Vivado/2019.2/common/technology/xilinx/scripts/xilinxcoregen.gen 
Execute           source /data1/Xilinx/Vivado/2019.2/common/technology/xilinx/interface/XilEDKCoreGen.gen 
Execute           source /data1/Xilinx/Vivado/2019.2/common/technology/xilinx/ip/dds_compiler.gen 
Execute           source /data1/Xilinx/Vivado/2019.2/common/technology/xilinx/ip/util.gen 
Execute           source /data1/Xilinx/Vivado/2019.2/common/technology/xilinx/ip/xfft.gen 
Execute           source /data1/Xilinx/Vivado/2019.2/common/technology/xilinx/ip/xfir.gen 
Execute           source /data1/Xilinx/Vivado/2019.2/common/technology/xilinx/common/dsp48.gen 
Command         ap_source done; 0.13 sec.
Command       ap_source done; 0.13 sec.
Execute       source /data1/Xilinx/Vivado/2019.2/common/technology/xilinx/virtexuplus/virtexuplus_fpv7.gen 
Execute         source /data1/Xilinx/Vivado/2019.2/common/technology/xilinx/common/xilinx_fp.gen 
INFO-FLOW: DBG:CMD:       initCTypeInfo top_module=streamv xml_exists=0
Execute       source /afs/cern.ch/user/m/millerca/vivado_hls/send_packets/stream_variable/proj/solution/.autopilot/db/streamv.rtl_wrap.cfg.tcl 
Execute       source /afs/cern.ch/user/m/millerca/vivado_hls/send_packets/stream_variable/proj/solution/.autopilot/db/streamv.rtl_wrap.cfg.tcl 
Execute       source /afs/cern.ch/user/m/millerca/vivado_hls/send_packets/stream_variable/proj/solution/.autopilot/db/streamv.rtl_wrap.cfg.tcl 
Execute       source /afs/cern.ch/user/m/millerca/vivado_hls/send_packets/stream_variable/proj/solution/.autopilot/db/streamv.tbgen.tcl 
Execute       source /afs/cern.ch/user/m/millerca/vivado_hls/send_packets/stream_variable/proj/solution/.autopilot/db/streamv.tbgen.tcl 
INFO-FLOW: DBG:CMD:       export_impl_rtl
INFO-FLOW: DBG:CMD:       generate_ip_cores sim=0 export=0 expOnly=0 dstVlogDir=impl/.verilog
Execute       source /afs/cern.ch/user/m/millerca/vivado_hls/send_packets/stream_variable/proj/solution/.autopilot/db/global.setting.tcl 
Execute       source /afs/cern.ch/user/m/millerca/vivado_hls/send_packets/stream_variable/proj/solution/.autopilot/db/streamv.compgen.tcl 
INFO-FLOW: DBG:CMD:       generate_ip_cores sim=0 export=1 expOnly=1 dstVlogDir=impl/.pcores/verilog
Execute       source /afs/cern.ch/user/m/millerca/vivado_hls/send_packets/stream_variable/proj/solution/.autopilot/db/global.setting.tcl 
Execute       source /afs/cern.ch/user/m/millerca/vivado_hls/send_packets/stream_variable/proj/solution/.autopilot/db/streamv.compgen.tcl 
Execute         ap_part_info -name xcvu9p-flga2104-2L-e -data names -quiet 
Execute         ap_part_info -name xcvu9p-flga2104-2L-e -data info -quiet 
Execute         ap_part_info -name xcvu9p-flga2104-2L-e -data names -quiet 
Execute         ap_part_info -name xcvu9p-flga2104-2L-e -data info -quiet 
Execute         ap_part_info -name xcvu9p-flga2104-2L-e -data names -quiet 
Execute         ap_part_info -name xcvu9p-flga2104-2L-e -data info -quiet 
Execute         ap_part_info -name xcvu9p-flga2104-2L-e -data names -quiet 
Execute         ap_part_info -name xcvu9p-flga2104-2L-e -data info -quiet 
Execute         ap_part_info -name xcvu9p-flga2104-2L-e -data names -quiet 
Execute         ap_part_info -name xcvu9p-flga2104-2L-e -data info -quiet 
Execute         ap_part_info -name xcvu9p-flga2104-2L-e -data names -quiet 
Execute         ap_part_info -name xcvu9p-flga2104-2L-e -data info -quiet 
Execute         ap_part_info -name xcvu9p-flga2104-2L-e -data names -quiet 
Execute         ap_part_info -name xcvu9p-flga2104-2L-e -data info -quiet 
Execute         ap_part_info -name xcvu9p-flga2104-2L-e -data names -quiet 
Execute         ap_part_info -name xcvu9p-flga2104-2L-e -data info -quiet 
Execute         ap_part_info -name xcvu9p-flga2104-2L-e -data names -quiet 
Execute         ap_part_info -name xcvu9p-flga2104-2L-e -data info -quiet 
Execute         ap_part_info -name xcvu9p-flga2104-2L-e -data names -quiet 
Execute         ap_part_info -name xcvu9p-flga2104-2L-e -data info -quiet 
Execute         ap_part_info -name xcvu9p-flga2104-2L-e -data names -quiet 
Execute         ap_part_info -name xcvu9p-flga2104-2L-e -data info -quiet 
Execute         ap_part_info -name xcvu9p-flga2104-2L-e -data names -quiet 
Execute         ap_part_info -name xcvu9p-flga2104-2L-e -data info -quiet 
Execute         ap_part_info -name xcvu9p-flga2104-2L-e -data names -quiet 
Execute         ap_part_info -name xcvu9p-flga2104-2L-e -data info -quiet 
Execute         ap_part_info -name xcvu9p-flga2104-2L-e -data names -quiet 
Execute         ap_part_info -name xcvu9p-flga2104-2L-e -data info -quiet 
Execute         ap_part_info -name xcvu9p-flga2104-2L-e -data names -quiet 
Execute         ap_part_info -name xcvu9p-flga2104-2L-e -data info -quiet 
Execute         ap_part_info -name xcvu9p-flga2104-2L-e -data names -quiet 
Execute         ap_part_info -name xcvu9p-flga2104-2L-e -data info -quiet 
Execute         ap_part_info -name xcvu9p-flga2104-2L-e -data names -quiet 
Execute         ap_part_info -name xcvu9p-flga2104-2L-e -data info -quiet 
Command       ap_source done; 0.22 sec.
Execute       ap_part_info -name xcvu9p-flga2104-2L-e -data names -quiet 
Execute       ap_part_info -name xcvu9p-flga2104-2L-e -data info -quiet 
INFO-FLOW: DBG:CMD:       generate_ip_cores sim=0 export=0 expOnly=0 dstVlogDir=impl/.pcores/verilog_sim
Execute       source /afs/cern.ch/user/m/millerca/vivado_hls/send_packets/stream_variable/proj/solution/.autopilot/db/global.setting.tcl 
Execute       source /afs/cern.ch/user/m/millerca/vivado_hls/send_packets/stream_variable/proj/solution/.autopilot/db/streamv.compgen.tcl 
Execute       ap_part_info -name xcvu9p-flga2104-2L-e -data names -quiet 
Execute       ap_part_info -name xcvu9p-flga2104-2L-e -data info -quiet 
Execute       ap_part_info -name xcvu9p-flga2104-2L-e -data names -quiet 
Execute       ap_part_info -name xcvu9p-flga2104-2L-e -data info -quiet 
Execute       source /afs/cern.ch/user/m/millerca/vivado_hls/send_packets/stream_variable/proj/solution/.autopilot/db/global.setting.tcl 
Execute       ap_part_info -name xcvu9p-flga2104-2L-e -data names -quiet 
Execute       ap_part_info -name xcvu9p-flga2104-2L-e -data info -quiet 
Execute       source /afs/cern.ch/user/m/millerca/vivado_hls/send_packets/stream_variable/proj/solution/.autopilot/db/streamv.constraint.tcl 
Execute       source /afs/cern.ch/user/m/millerca/vivado_hls/send_packets/stream_variable/proj/solution/.autopilot/db/streamv.tbgen.tcl 
INFO-FLOW: DBG:CMD:       hasPcoreIpAdapter=false #gSsdmPorts=22
INFO-FLOW: DBG:CMD: Skipping loadAnalyze_DB, #g_database=10
INFO-FLOW: DBG:CMD:       generate_json is_phase_csynth=1 g_has_adaptors=false generate_bd_files=0 #modelList=3 #gSsdmPorts=22
Execute       source /data1/Xilinx/Vivado/2019.2/tps/tcl/tcllib1.11.1/fileutil/fileutil.tcl 
Execute       source /afs/cern.ch/user/m/millerca/vivado_hls/send_packets/stream_variable/proj/solution/.autopilot/db/global.setting.tcl 
Execute       source /afs/cern.ch/user/m/millerca/vivado_hls/send_packets/stream_variable/proj/solution/.autopilot/db/global.setting.tcl 
Execute       get_config_export -xo 
Execute       source /afs/cern.ch/user/m/millerca/vivado_hls/send_packets/stream_variable/proj/solution/.autopilot/db/streamv.tbgen.tcl 
Execute       source /afs/cern.ch/user/m/millerca/vivado_hls/send_packets/stream_variable/proj/solution/.autopilot/db/streamv.tbgen.tcl 
Execute       source /afs/cern.ch/user/m/millerca/vivado_hls/send_packets/stream_variable/proj/solution/.autopilot/db/streamv.tbgen.tcl 
Execute       source /afs/cern.ch/user/m/millerca/vivado_hls/send_packets/stream_variable/proj/solution/.autopilot/db/streamv.tbgen.tcl 
Execute       source /afs/cern.ch/user/m/millerca/vivado_hls/send_packets/stream_variable/proj/solution/.autopilot/db/streamv.tbgen.tcl 
Execute       source /afs/cern.ch/user/m/millerca/vivado_hls/send_packets/stream_variable/proj/solution/.autopilot/db/streamv.tbgen.tcl 
Execute       source /afs/cern.ch/user/m/millerca/vivado_hls/send_packets/stream_variable/proj/solution/.autopilot/db/global.setting.tcl 
Execute       get_config_sdx -target 
Execute       source /afs/cern.ch/user/m/millerca/vivado_hls/send_packets/stream_variable/proj/solution/.autopilot/db/streamv.rtl_wrap.cfg.tcl 
Execute       source /afs/cern.ch/user/m/millerca/vivado_hls/send_packets/stream_variable/proj/solution/.autopilot/db/streamv.compgen.dataonly.tcl 
Execute       source /afs/cern.ch/user/m/millerca/vivado_hls/send_packets/stream_variable/proj/solution/.autopilot/db/global.setting.tcl 
Execute       ap_part_info -name xcvu9p-flga2104-2L-e -data names -quiet 
Execute       ap_part_info -name xcvu9p-flga2104-2L-e -data info -quiet 
Execute       source /afs/cern.ch/user/m/millerca/vivado_hls/send_packets/stream_variable/proj/solution/.autopilot/db/streamv.constraint.tcl 
Execute       sc_get_clocks streamv 
Execute       ap_part_info -name xcvu9p-flga2104-2L-e -data names -quiet 
Execute       ap_part_info -name xcvu9p-flga2104-2L-e -data info -quiet 
Execute       source /afs/cern.ch/user/m/millerca/vivado_hls/send_packets/stream_variable/proj/solution/.autopilot/db/global.setting.tcl 
Execute       get_config_debug -directory 
Execute       source /afs/cern.ch/user/m/millerca/vivado_hls/send_packets/stream_variable/proj/solution/.autopilot/db/streamv.tbgen.tcl 
Execute       get_config_sdx -target 
Execute       get_config_sdx -profile 
Execute       get_config_rtl -kernel_profile 
Execute       get_config_rtl -stall_sig_gen 
Execute       get_config_rtl -profile 
INFO-FLOW: DBG:CMD: add_json_sdx_info kernel file does not exist, skipping opencl info: /afs/cern.ch/user/m/millerca/vivado_hls/send_packets/stream_variable/proj/solution/.autopilot/db/kernel.internal.xml
INFO-FLOW: DBG:CMD:       delete-temp-dirs (skipped for debug)
INFO: [HLS 200-111] Finished generating all RTL models Time (s): cpu = 00:00:20 ; elapsed = 00:00:25 . Memory (MB): peak = 1056.160 ; gain = 536.129 ; free physical = 567 ; free virtual = 5190
INFO: [VHDL 208-304] Generating VHDL RTL for streamv.
INFO: [VLOG 209-307] Generating Verilog RTL for streamv.
Command     autosyn done; 2.93 sec.
Command   csynth_design done; 22.1 sec.
Command ap_source done; 24.95 sec.
Execute cleanup_all 
