

================================================================
== Vivado HLS Report for 'adder'
================================================================
* Date:           Mon Mar 21 12:49:51 2022

* Version:        2019.2.1 (Build 2724168 on Thu Dec 05 05:19:09 MST 2019)
* Project:        proj
* Solution:       solution
* Product family: virtexuplus
* Target device:  xcvu9p-flga2104-2L-e


================================================================
== Performance Estimates
================================================================
+ Timing: 
    * Summary: 
    +--------+---------+----------+------------+
    |  Clock |  Target | Estimated| Uncertainty|
    +--------+---------+----------+------------+
    |ap_clk  | 3.12 ns | 0.543 ns |   0.39 ns  |
    +--------+---------+----------+------------+

+ Latency: 
    * Summary: 
    +---------+---------+----------+----------+-----+-----+---------+
    |  Latency (cycles) |  Latency (absolute) |  Interval | Pipeline|
    |   min   |   max   |    min   |    max   | min | max |   Type  |
    +---------+---------+----------+----------+-----+-----+---------+
    |        0|        0|   0 ns   |   0 ns   |    0|    0|   none  |
    +---------+---------+----------+----------+-----+-----+---------+

    + Detail: 
        * Instance: 
        N/A

        * Loop: 
        N/A

============================================================
+ Verbose Summary: Synthesis Manager
============================================================
InlineROM: 1
ExposeGlobal: 0
============================================================
+ Verbose Summary: CDFG Model
============================================================
IsTopModel: 1
ResetActiveHigh: 1
IsCombinational: 0
IsDatapathOnly: 0
HasWiredReturn: 1
HasMFsm: 0
HasVarLatency: 0
IsPipeline: 0
IsRtlPipelined: 0
IsInstanceOverlapped: 0
IsDontTouch: 0
HasImplIP: 0
IsGatedGlobalClock: 0


============================================================
+ Verbose Summary: Schedule
============================================================
* Number of FSM states : 1
* Pipeline : 0
* Dataflow Pipeline: 0

* FSM state transitions: 
1 --> 

* FSM state operations: 

State 1 <SV = 0> <Delay = 0.54>
ST_1 : Operation 2 [1/1] (0.00ns)   --->   "call void (...)* @_ssdm_op_SpecBitsMap(i11 0), !map !28"   --->   Operation 2 'specbitsmap' <Predicate = true> <Delay = 0.00>
ST_1 : Operation 3 [1/1] (0.00ns)   --->   "call void (...)* @_ssdm_op_SpecBitsMap(i10 %a_V), !map !34"   --->   Operation 3 'specbitsmap' <Predicate = true> <Delay = 0.00>
ST_1 : Operation 4 [1/1] (0.00ns)   --->   "call void (...)* @_ssdm_op_SpecBitsMap(i10 %b_V), !map !38"   --->   Operation 4 'specbitsmap' <Predicate = true> <Delay = 0.00>
ST_1 : Operation 5 [1/1] (0.00ns)   --->   "call void (...)* @_ssdm_op_SpecTopModule([6 x i8]* @adder_str) nounwind"   --->   Operation 5 'spectopmodule' <Predicate = true> <Delay = 0.00>
ST_1 : Operation 6 [1/1] (0.00ns)   --->   "%b_V_read = call i10 @_ssdm_op_Read.ap_auto.i10(i10 %b_V)" [src/addfunc.cc:4]   --->   Operation 6 'read' 'b_V_read' <Predicate = true> <Delay = 0.00>
ST_1 : Operation 7 [1/1] (0.00ns)   --->   "%a_V_read = call i10 @_ssdm_op_Read.ap_auto.i10(i10 %a_V)" [src/addfunc.cc:4]   --->   Operation 7 'read' 'a_V_read' <Predicate = true> <Delay = 0.00>
ST_1 : Operation 8 [1/1] (0.00ns)   --->   "%lhs_V = sext i10 %a_V_read to i11" [src/addfunc.cc:4]   --->   Operation 8 'sext' 'lhs_V' <Predicate = true> <Delay = 0.00>
ST_1 : Operation 9 [1/1] (0.00ns)   --->   "%rhs_V = sext i10 %b_V_read to i11" [src/addfunc.cc:4]   --->   Operation 9 'sext' 'rhs_V' <Predicate = true> <Delay = 0.00>
ST_1 : Operation 10 [1/1] (0.54ns)   --->   "%ret_V = add nsw i11 %rhs_V, %lhs_V" [src/addfunc.cc:4]   --->   Operation 10 'add' 'ret_V' <Predicate = true> <Delay = 0.54> <Core = "AddSub">   --->   Core 14 'AddSub' <Latency = 0> <II = 1> <Delay = 0.54> <FuncUnit> <Opcode : 'add' 'sub'> <InPorts = 2> <OutPorts = 1>
ST_1 : Operation 11 [1/1] (0.00ns)   --->   "ret i11 %ret_V" [src/addfunc.cc:5]   --->   Operation 11 'ret' <Predicate = true> <Delay = 0.00>


============================================================
+ Verbose Summary: Binding
============================================================
STG Binding: 
---------------- STG Properties BEGIN ----------------
- Is combinational: 1
- Is one-state seq: 0
- Is datapath-only: 0
- Is pipelined: 0
- Is top level: 1
Port [ Return ] is wired: 1; IO mode=ap_ctrl_hs:ce=0
Port [ a_V]:  wired=1; compound=0; hidden=0; nouse=0; global=0; static=0; extern=0; dir=0; type=0; pingpong=0; private_global=0; IO mode=ap_none:ce=0
Port [ b_V]:  wired=1; compound=0; hidden=0; nouse=0; global=0; static=0; extern=0; dir=0; type=0; pingpong=0; private_global=0; IO mode=ap_none:ce=0
---------------- STG Properties END ------------------

---------------- Datapath Model BEGIN ----------------

<LifeTime>
<method=bitvector/>
specbitsmap_ln0   (specbitsmap  ) [ 00]
specbitsmap_ln0   (specbitsmap  ) [ 00]
specbitsmap_ln0   (specbitsmap  ) [ 00]
spectopmodule_ln0 (spectopmodule) [ 00]
b_V_read          (read         ) [ 00]
a_V_read          (read         ) [ 00]
lhs_V             (sext         ) [ 00]
rhs_V             (sext         ) [ 00]
ret_V             (add          ) [ 00]
ret_ln5           (ret          ) [ 00]
</LifeTime>

<model>

<comp_list>
<comp id="0" class="1000" name="a_V">
<pin_list>
<pin id="1" dir="1" index="0" bw="1" slack="0"/>
</pin_list>
<bind>
<StgValue><ssdm name="a_V"/></StgValue>
</bind>
</comp>

<comp id="2" class="1000" name="b_V">
<pin_list>
<pin id="3" dir="1" index="0" bw="1" slack="0"/>
</pin_list>
<bind>
<StgValue><ssdm name="b_V"/></StgValue>
</bind>
</comp>

<comp id="4" class="1001" name="const_4">
<pin_list>
<pin id="5" dir="1" index="0" bw="1" slack="2147483647"/>
</pin_list>
<bind>
<StgValue><ssdm name="_ssdm_op_SpecBitsMap"/></StgValue>
</bind>
</comp>

<comp id="6" class="1001" name="const_6">
<pin_list>
<pin id="7" dir="1" index="0" bw="1" slack="2147483647"/>
</pin_list>
<bind>
<StgValue><ssdm name=""/></StgValue>
</bind>
</comp>

<comp id="8" class="1001" name="const_8">
<pin_list>
<pin id="9" dir="1" index="0" bw="1" slack="2147483647"/>
</pin_list>
<bind>
<StgValue><ssdm name="_ssdm_op_SpecTopModule"/></StgValue>
</bind>
</comp>

<comp id="10" class="1001" name="const_10">
<pin_list>
<pin id="11" dir="1" index="0" bw="1" slack="2147483647"/>
</pin_list>
<bind>
<StgValue><ssdm name="adder_str"/></StgValue>
</bind>
</comp>

<comp id="12" class="1001" name="const_12">
<pin_list>
<pin id="13" dir="1" index="0" bw="1" slack="0"/>
</pin_list>
<bind>
<StgValue><ssdm name="_ssdm_op_Read.ap_auto.i10"/></StgValue>
</bind>
</comp>

<comp id="14" class="1004" name="b_V_read_read_fu_14">
<pin_list>
<pin id="15" dir="0" index="0" bw="10" slack="0"/>
<pin id="16" dir="0" index="1" bw="10" slack="0"/>
<pin id="17" dir="1" index="2" bw="10" slack="0"/>
</pin_list>
<bind>
<opcode="read(1150) " fcode="read"/>
<opset="b_V_read/1 "/>
</bind>
</comp>

<comp id="20" class="1004" name="a_V_read_read_fu_20">
<pin_list>
<pin id="21" dir="0" index="0" bw="10" slack="0"/>
<pin id="22" dir="0" index="1" bw="10" slack="0"/>
<pin id="23" dir="1" index="2" bw="10" slack="0"/>
</pin_list>
<bind>
<opcode="read(1150) " fcode="read"/>
<opset="a_V_read/1 "/>
</bind>
</comp>

<comp id="26" class="1004" name="lhs_V_fu_26">
<pin_list>
<pin id="27" dir="0" index="0" bw="10" slack="0"/>
<pin id="28" dir="1" index="1" bw="11" slack="0"/>
</pin_list>
<bind>
<opcode="sext(35) " fcode="sext"/>
<opset="lhs_V/1 "/>
</bind>
</comp>

<comp id="30" class="1004" name="rhs_V_fu_30">
<pin_list>
<pin id="31" dir="0" index="0" bw="10" slack="0"/>
<pin id="32" dir="1" index="1" bw="11" slack="0"/>
</pin_list>
<bind>
<opcode="sext(35) " fcode="sext"/>
<opset="rhs_V/1 "/>
</bind>
</comp>

<comp id="34" class="1004" name="ret_V_fu_34">
<pin_list>
<pin id="35" dir="0" index="0" bw="10" slack="0"/>
<pin id="36" dir="0" index="1" bw="10" slack="0"/>
<pin id="37" dir="1" index="2" bw="11" slack="2147483647"/>
</pin_list>
<bind>
<opcode="add(8) " fcode="add"/>
<opset="ret_V/1 "/>
</bind>
</comp>

</comp_list>

<net_list>
<net id="18"><net_src comp="12" pin="0"/><net_sink comp="14" pin=0"/></net>

<net id="19"><net_src comp="2" pin="0"/><net_sink comp="14" pin=1"/></net>

<net id="24"><net_src comp="12" pin="0"/><net_sink comp="20" pin=0"/></net>

<net id="25"><net_src comp="0" pin="0"/><net_sink comp="20" pin=1"/></net>

<net id="29"><net_src comp="20" pin="2"/><net_sink comp="26" pin=0"/></net>

<net id="33"><net_src comp="14" pin="2"/><net_sink comp="30" pin=0"/></net>

<net id="38"><net_src comp="30" pin="1"/><net_sink comp="34" pin=0"/></net>

<net id="39"><net_src comp="26" pin="1"/><net_sink comp="34" pin=1"/></net>

</net_list>

</model> 
---------------- Datapath Model END ------------------

* FSMD analyzer results:
  - Output states:
 - Input state : 
	Port: adder : a_V | {1 }
	Port: adder : b_V | {1 }
  - Chain level:
	State 1
		ret_V : 1
		ret_ln5 : 2


============================================================
+ Verbose Summary: Datapath Resource usage 
============================================================

* Functional unit list:
|----------|---------------------|---------|---------|
| Operation|   Functional Unit   |    FF   |   LUT   |
|----------|---------------------|---------|---------|
|    add   |     ret_V_fu_34     |    0    |    10   |
|----------|---------------------|---------|---------|
|   read   | b_V_read_read_fu_14 |    0    |    0    |
|          | a_V_read_read_fu_20 |    0    |    0    |
|----------|---------------------|---------|---------|
|   sext   |     lhs_V_fu_26     |    0    |    0    |
|          |     rhs_V_fu_30     |    0    |    0    |
|----------|---------------------|---------|---------|
|   Total  |                     |    0    |    10   |
|----------|---------------------|---------|---------|

Memories:
N/A

* Register list:
N/A

* Multiplexer (MUX) list: 
|--------|------|------|------|--------|
|  Comp  |  Pin | Size |  BW  | S x BW |
|--------|------|------|------|--------|
|  Total |      |      |      |    0   |
|--------|------|------|------|--------|



* Summary:
+-----------+--------+--------+
|           |   FF   |   LUT  |
+-----------+--------+--------+
|  Function |    0   |   10   |
|   Memory  |    -   |    -   |
|Multiplexer|    -   |    -   |
|  Register |    -   |    -   |
+-----------+--------+--------+
|   Total   |    0   |   10   |
+-----------+--------+--------+
