INFO-FLOW: Workspace /afs/cern.ch/user/m/millerca/vivado_hls/send_packets/write_header/proj/solution opened at Thu Jun 02 15:19:59 CEST 2022
Execute     config_clock -quiet -name default -period 2.778 -default=false 
INFO: [SYN 201-201] Setting up clock 'default' with a period of 2.778ns.
Execute     open_platform DefaultPlatform 
Execute     import_lib /data1/Xilinx/Vivado/2019.2/common/technology/xilinx/virtexuplus/virtexuplus 
Execute       source /data1/Xilinx/Vivado/2019.2/common/technology/xilinx/common/xilinx.lib 
Execute         source /data1/Xilinx/Vivado/2019.2/common/technology/xilinx/interface/xilinx_interface.lib 
Execute           source /data1/Xilinx/Vivado/2019.2/common/technology/xilinx/interface/plb46.lib 
Execute           source /data1/Xilinx/Vivado/2019.2/common/technology/xilinx/interface/fsl.lib 
Execute           source /data1/Xilinx/Vivado/2019.2/common/technology/xilinx/interface/axi4.lib 
Execute           source /data1/Xilinx/Vivado/2019.2/common/technology/xilinx/interface/maxi.lib 
Execute           source /data1/Xilinx/Vivado/2019.2/common/technology/xilinx/interface/saxilite.lib 
Execute         source /data1/Xilinx/Vivado/2019.2/common/technology/xilinx/common/dsp48.lib 
Execute         source /data1/Xilinx/Vivado/2019.2/common/technology/xilinx/ip/xfft.lib 
Execute         source /data1/Xilinx/Vivado/2019.2/common/technology/xilinx/ip/xfir.lib 
Execute         source /data1/Xilinx/Vivado/2019.2/common/technology/xilinx/ip/dds_compiler.lib 
Execute       source /data1/Xilinx/Vivado/2019.2/common/technology/xilinx/common/xilinx.hlp 
Execute         source /data1/Xilinx/Vivado/2019.2/common/technology/xilinx/common/target_info.tcl 
Execute         source /data1/Xilinx/Vivado/2019.2/common/technology/xilinx/interface/xilinx_interface.hlp 
Execute           source /data1/Xilinx/Vivado/2019.2/common/technology/xilinx/interface/maxi.hlp 
Execute           source /data1/Xilinx/Vivado/2019.2/common/technology/xilinx/interface/saxilite.hlp 
Execute         source /data1/Xilinx/Vivado/2019.2/common/technology/xilinx/common/dsp48.hlp 
Execute       source /data1/Xilinx/Vivado/2019.2/common/technology/xilinx/virtexuplus/dsp48e2.hlp 
Execute       source /data1/Xilinx/Vivado/2019.2/common/technology/xilinx/common/xilinx.hlp 
Execute         source /data1/Xilinx/Vivado/2019.2/common/technology/xilinx/common/target_info.tcl 
Execute         source /data1/Xilinx/Vivado/2019.2/common/technology/xilinx/interface/xilinx_interface.hlp 
Execute           source /data1/Xilinx/Vivado/2019.2/common/technology/xilinx/interface/maxi.hlp 
Execute           source /data1/Xilinx/Vivado/2019.2/common/technology/xilinx/interface/saxilite.hlp 
Execute         source /data1/Xilinx/Vivado/2019.2/common/technology/xilinx/common/dsp48.hlp 
Execute     source /data1/Xilinx/Vivado/2019.2/common/technology/xilinx/virtexuplus/virtexuplus.gen 
Execute       source /data1/Xilinx/Vivado/2019.2/common/technology/xilinx/common/xilinx.gen 
Execute         source /data1/Xilinx/Vivado/2019.2/common/technology/xilinx/interface/plb46.gen 
Execute         source /data1/Xilinx/Vivado/2019.2/common/technology/xilinx/interface/fsl.gen 
Execute         source /data1/Xilinx/Vivado/2019.2/common/technology/xilinx/interface/axi4.gen 
Execute         source /data1/Xilinx/Vivado/2019.2/common/technology/xilinx/interface/nativeAXI4.gen 
Execute           source /data1/Xilinx/Vivado/2019.2/common/technology/xilinx/interface/saxilite.gen 
Execute           source /data1/Xilinx/Vivado/2019.2/common/technology/xilinx/interface/maxi.gen 
Execute         source /data1/Xilinx/Vivado/2019.2/common/technology/xilinx/scripts/xilinxcoregen.gen 
Execute         source /data1/Xilinx/Vivado/2019.2/common/technology/xilinx/interface/XilEDKCoreGen.gen 
Execute         source /data1/Xilinx/Vivado/2019.2/common/technology/xilinx/ip/dds_compiler.gen 
Execute         source /data1/Xilinx/Vivado/2019.2/common/technology/xilinx/ip/util.gen 
Execute         source /data1/Xilinx/Vivado/2019.2/common/technology/xilinx/ip/xfft.gen 
Execute         source /data1/Xilinx/Vivado/2019.2/common/technology/xilinx/ip/xfir.gen 
Execute         source /data1/Xilinx/Vivado/2019.2/common/technology/xilinx/common/dsp48.gen 
Command       ap_source done; 0.12 sec.
Command     ap_source done; 0.12 sec.
Execute     open_platform DefaultPlatform 
Execute     import_lib /data1/Xilinx/Vivado/2019.2/common/technology/xilinx/virtexuplus/virtexuplus_fpv7 
Execute       source /data1/Xilinx/Vivado/2019.2/common/technology/xilinx/common/xilinx_fp.lib 
Execute       source /data1/Xilinx/Vivado/2019.2/common/technology/xilinx/common/xilinx_fp.hlp 
Execute         source /data1/Xilinx/Vivado/2019.2/common/technology/xilinx/common/xilinx.hlp 
Execute           source /data1/Xilinx/Vivado/2019.2/common/technology/xilinx/common/target_info.tcl 
Execute           source /data1/Xilinx/Vivado/2019.2/common/technology/xilinx/interface/xilinx_interface.hlp 
Execute             source /data1/Xilinx/Vivado/2019.2/common/technology/xilinx/interface/maxi.hlp 
Execute             source /data1/Xilinx/Vivado/2019.2/common/technology/xilinx/interface/saxilite.hlp 
Execute           source /data1/Xilinx/Vivado/2019.2/common/technology/xilinx/common/dsp48.hlp 
Execute     source /data1/Xilinx/Vivado/2019.2/common/technology/xilinx/virtexuplus/virtexuplus_fpv7.gen 
Execute       source /data1/Xilinx/Vivado/2019.2/common/technology/xilinx/common/xilinx_fp.gen 
Execute     set_part xcvu9p-flga2104-2L-e 
Execute       ap_part_info -name xcvu9p-flga2104-2L-e -data single -quiet 
Command       ap_part_info done; 1.99 sec.
Execute       ap_part_info -name xcvu9p-flga2104-2L-e -data info 
Execute       add_library xilinx/virtexuplus/virtexuplus:xcvu9p:-flga2104:-2L-e 
Execute         get_default_platform 
Execute         ap_part_info -data single -name xcvu9p-flga2104-2L-e 
Execute         ap_part_info -name xcvu9p-flga2104-2L-e -data resources 
Execute         ap_part_info -name xcvu9p-flga2104-2L-e -data info 
Execute         ap_part_info -name xcvu9p-flga2104-2L-e -data info 
Execute         config_chip_info -quiet -resource {SLICE 147780} {LUT 1182240} {FF 2364480} {DSP48E 6840} {BRAM 4320} {URAM 960} {SLR 3} 
Execute         ap_part_info -name xcvu9p-flga2104-2L-e -data info 
Execute         config_chip_info -quiet -speed medium 
Execute       add_library xilinx/virtexuplus/virtexuplus_fpv7 
Execute         get_default_platform 
INFO: [HLS 200-10] Setting target device to 'xcvu9p-flga2104-2L-e'
Execute       ap_part_info -name xcvu9p-flga2104-2L-e -data info 
Execute       get_default_platform 
Command     set_part done; 2.15 sec.
Execute     ap_part_info -data single -name xcvu9p-flga2104-2L-e 
Execute     ap_part_info -name xcvu9p-flga2104-2L-e -data resources 
Execute     ap_part_info -name xcvu9p-flga2104-2L-e -data info 
Execute     ap_part_info -name xcvu9p-flga2104-2L-e -data info 
Execute     config_chip_info -quiet -resource {SLICE 147780} {LUT 1182240} {FF 2364480} {DSP48E 6840} {BRAM 4320} {URAM 960} {SLR 3} 
Execute     ap_part_info -name xcvu9p-flga2104-2L-e -data info 
Execute     config_chip_info -quiet -speed medium 
Command   open_solution done; 2.37 sec.
Execute   set_part xcvu9p-flga2104-2L-e 
Execute     ap_part_info -name xcvu9p-flga2104-2L-e -data single -quiet 
Execute     ap_part_info -name xcvu9p-flga2104-2L-e -data info 
Execute     add_library xilinx/virtexuplus/virtexuplus:xcvu9p:-flga2104:-2L-e 
Execute       get_default_platform 
Execute       ap_part_info -data single -name xcvu9p-flga2104-2L-e 
Execute       ap_part_info -name xcvu9p-flga2104-2L-e -data resources 
Execute       ap_part_info -name xcvu9p-flga2104-2L-e -data info 
Execute       ap_part_info -name xcvu9p-flga2104-2L-e -data info 
Execute       config_chip_info -quiet -resource {SLICE 147780} {LUT 1182240} {FF 2364480} {DSP48E 6840} {BRAM 4320} {URAM 960} {SLR 3} 
Execute       ap_part_info -name xcvu9p-flga2104-2L-e -data info 
Execute       config_chip_info -quiet -speed medium 
Execute     add_library xilinx/virtexuplus/virtexuplus_fpv7 
Execute       get_default_platform 
Execute     ap_part_info -name xcvu9p-flga2104-2L-e -data info 
Execute     get_default_platform 
Command   set_part done; 0.13 sec.
Execute   create_clock -period 2.7777 -name default 
Execute   csynth_design 
Execute     get_config_compile -dump_cfg 
Execute     get_config_compile -effort 
Execute     get_config_compile -enable_clang39 
Execute     get_config_compile -g 
Execute     get_config_compile -ng 
Execute     get_config_compile -opt_fp 
Execute     get_config_compile -skip_cdt 
Execute     get_config_compile -skip_syncheck 
Execute     get_config_compile -skip_transform 
Execute     get_config_compile -keep_printf 
Execute     elaborate -effort=medium -skip_syncheck=0 -keep_printf=0 -skip_cdt=0 -skip_transform=0 -ng=0 -g=0 -opt_fp=0 -from_csynth_design=1 
Execute       get_config_schedule -relax_ii_for_timing 
INFO: [SCHED 204-61] Option 'relax_ii_for_timing' is enabled, will increase II to preserve clock frequency constraints.
Execute       get_config_schedule -suppress_dependence_error_break 
INFO: [HLS 200-10] Analyzing design file 'src/header.cc' ... 
INFO-FLOW: Compiling one TU...
Execute       is_m_axi_addr64 
INFO-FLOW: Handling src/header.cc as C++
Execute       ap_part_info -name xcvu9p-flga2104-2L-e -data info 
Execute       is_encrypted src/header.cc 
Execute       ap_part_info -name xcvu9p-flga2104-2L-e -data info 
INFO-FLOW: Running: GCC PP
INFO-FLOW: Source preprocessing
Execute       clang  -fno-limit-debug-info -gcc-toolchain "/data1/Xilinx/Vivado/2019.2/lnx64/tools/gcc" -hls  -fno-exceptions  -D__llvm__  -E "src/header.cc"     -fno-math-errno -c -emit-llvm -O0  -mllvm -disable-llvm-optzns -fno-threadsafe-statics  -fno-use-cxa-atexit  -fno-threadsafe-statics -fno-use-cxa-atexit -D__CLANG_3_1__ -DAESL_SYN -D__SYNTHESIS__ -D__HLS_SYN__ -I "/data1/Xilinx/Vivado/2019.2/common/technology/autopilot" -I "/data1/Xilinx/Vivado/2019.2/common/technology/autopilot/ap_sysc" -include etc/autopilot_ssdm_op.h -D__DSP48E2__  -o "/afs/cern.ch/user/m/millerca/vivado_hls/send_packets/write_header/proj/solution/.autopilot/db/header.pp.0.cc" 
INFO-FLOW: exec /data1/Xilinx/Vivado/2019.2/lnx64/tools/clang/bin/clang -fno-limit-debug-info -gcc-toolchain /data1/Xilinx/Vivado/2019.2/lnx64/tools/gcc -hls -fno-exceptions -D__llvm__ -E src/header.cc -fno-math-errno -c -emit-llvm -O0 -mllvm -disable-llvm-optzns -fno-threadsafe-statics -fno-use-cxa-atexit -fno-threadsafe-statics -fno-use-cxa-atexit -D__CLANG_3_1__ -DAESL_SYN -D__SYNTHESIS__ -D__HLS_SYN__ -I /data1/Xilinx/Vivado/2019.2/common/technology/autopilot -I /data1/Xilinx/Vivado/2019.2/common/technology/autopilot/ap_sysc -include etc/autopilot_ssdm_op.h -D__DSP48E2__ -o /afs/cern.ch/user/m/millerca/vivado_hls/send_packets/write_header/proj/solution/.autopilot/db/header.pp.0.cc
Command       clang done; 2.24 sec.
Execute       tidy_31 xilinx-xfmat-array-geometry /afs/cern.ch/user/m/millerca/vivado_hls/send_packets/write_header/proj/solution/.autopilot/db/header.pp.0.cc std=gnu++98 
INFO-FLOW: exec /data1/Xilinx/Vivado/2019.2/lnx64/tools/clang-3.9-csynth/bin/tidy-3.1 -header-filter=.* -checks=-*,xilinx-xfmat-array-geometry -quiet -fix /afs/cern.ch/user/m/millerca/vivado_hls/send_packets/write_header/proj/solution/.autopilot/db/header.pp.0.cc -- -std=gnu++98 -fhls -ferror-limit=0
Command       tidy_31 done; 0.96 sec.
INFO-FLOW: Syntax Checking before pre-processing...
Execute       clang -syntaxcheck -src /afs/cern.ch/user/m/millerca/vivado_hls/send_packets/write_header/proj/solution/.autopilot/db/header.pp.0.cc  -fno-limit-debug-info -gcc-toolchain "/data1/Xilinx/Vivado/2019.2/lnx64/tools/gcc" -hls    -fno-math-errno -c -emit-llvm -O0  -mllvm -disable-llvm-optzns -fno-threadsafe-statics  -fno-use-cxa-atexit  -fno-threadsafe-statics -fno-use-cxa-atexit -D__CLANG_3_1__ -DAESL_SYN -D__SYNTHESIS__ -D__HLS_SYN__ -I "/data1/Xilinx/Vivado/2019.2/common/technology/autopilot" -I "/data1/Xilinx/Vivado/2019.2/common/technology/autopilot/ap_sysc" -include etc/autopilot_ssdm_op.h -D__DSP48E2__  "/afs/cern.ch/user/m/millerca/vivado_hls/send_packets/write_header/proj/solution/.autopilot/db/header.pp.0.cc"  -o "/afs/cern.ch/user/m/millerca/vivado_hls/send_packets/write_header/proj/solution/.autopilot/db/useless.bc"  
INFO-FLOW: exec /data1/Xilinx/Vivado/2019.2/lnx64/tools/clang/bin/clang -fno-limit-debug-info -gcc-toolchain /data1/Xilinx/Vivado/2019.2/lnx64/tools/gcc -hls -fno-math-errno -c -emit-llvm -O0 -mllvm -disable-llvm-optzns -fno-threadsafe-statics -fno-use-cxa-atexit -fno-threadsafe-statics -fno-use-cxa-atexit -D__CLANG_3_1__ -DAESL_SYN -D__SYNTHESIS__ -D__HLS_SYN__ -I /data1/Xilinx/Vivado/2019.2/common/technology/autopilot -I /data1/Xilinx/Vivado/2019.2/common/technology/autopilot/ap_sysc -include etc/autopilot_ssdm_op.h -D__DSP48E2__ /afs/cern.ch/user/m/millerca/vivado_hls/send_packets/write_header/proj/solution/.autopilot/db/header.pp.0.cc -o /afs/cern.ch/user/m/millerca/vivado_hls/send_packets/write_header/proj/solution/.autopilot/db/useless.bc
Command       clang done; 2.67 sec.
INFO-FLOW: Done: GCC PP time: 5.9 seconds per iteration
Execute       source /data1/Xilinx/Vivado/2019.2/tps/tcl/tcllib1.11.1/yaml/huddle.tcl 
Execute       source /data1/Xilinx/Vivado/2019.2/tps/tcl/tcllib1.11.1/yaml/json2huddle.tcl 
Execute         source /data1/Xilinx/Vivado/2019.2/tps/tcl/tcllib1.11.1/try/try.tcl 
Execute       list_core -type functional_unit 
Execute       tidy_31 xilinx-systemc-detector /afs/cern.ch/user/m/millerca/vivado_hls/send_packets/write_header/proj/solution/.autopilot/db/header.pp.0.cc std=gnu++98 -directive=/afs/cern.ch/user/m/millerca/vivado_hls/send_packets/write_header/proj/solution/.autopilot/db/.systemc_flag 
INFO-FLOW: exec /data1/Xilinx/Vivado/2019.2/lnx64/tools/clang-3.9-csynth/bin/tidy-3.1 -header-filter=.* -checks=-*,xilinx-systemc-detector -import-directive=/afs/cern.ch/user/m/millerca/vivado_hls/send_packets/write_header/proj/solution/.autopilot/db/.systemc_flag -quiet -fix-errors /afs/cern.ch/user/m/millerca/vivado_hls/send_packets/write_header/proj/solution/.autopilot/db/header.pp.0.cc -- -std=gnu++98 -fhls -ferror-limit=0
Command       tidy_31 done; 0.76 sec.
INFO-FLOW: Running: tidy-3.1 CDT preprocess
Execute       tidy_31 xilinx-directive2pragma /afs/cern.ch/user/m/millerca/vivado_hls/send_packets/write_header/proj/solution/.autopilot/db/header.pp.0.cc std=gnu++98 -directive=/afs/cern.ch/user/m/millerca/vivado_hls/send_packets/write_header/proj/solution/.autopilot/db/all.directive.json 
INFO-FLOW: exec /data1/Xilinx/Vivado/2019.2/lnx64/tools/clang-3.9-csynth/bin/tidy-3.1 -header-filter=.* -checks=-*,xilinx-directive2pragma -import-directive=/afs/cern.ch/user/m/millerca/vivado_hls/send_packets/write_header/proj/solution/.autopilot/db/all.directive.json -quiet -fix-errors /afs/cern.ch/user/m/millerca/vivado_hls/send_packets/write_header/proj/solution/.autopilot/db/header.pp.0.cc -- -std=gnu++98 -fhls -ferror-limit=0
Command       tidy_31 done; 0.72 sec.
Execute       get_config_dataflow -strict_mode 
Execute       ap_eval exec -ignorestderr /data1/Xilinx/Vivado/2019.2/lnx64/tools/clang-3.9-csynth/bin/xilinx-dataflow-lawyer -export-fixes=/afs/cern.ch/user/m/millerca/vivado_hls/send_packets/write_header/proj/solution/.autopilot/db/xilinx-dataflow-lawyer.header.pp.0.cc.diag.yml /afs/cern.ch/user/m/millerca/vivado_hls/send_packets/write_header/proj/solution/.autopilot/db/header.pp.0.cc -- -std=gnu++98 -fhls -ferror-limit=0 -fstrict-dataflow > /afs/cern.ch/user/m/millerca/vivado_hls/send_packets/write_header/proj/solution/.autopilot/db/xilinx-dataflow-lawyer.header.pp.0.cc.out.log 2> /afs/cern.ch/user/m/millerca/vivado_hls/send_packets/write_header/proj/solution/.autopilot/db/xilinx-dataflow-lawyer.header.pp.0.cc.err.log 
Command       ap_eval done; 0.81 sec.
Execute       tidy_31 -errorcheck xilinx-constantarray-param,xilinx-resource-pragma-transformer,xilinx-xfmat-array-geometry /afs/cern.ch/user/m/millerca/vivado_hls/send_packets/write_header/proj/solution/.autopilot/db/header.pp.0.cc std=gnu++98 
Execute         ap_eval exec -ignorestderr /data1/Xilinx/Vivado/2019.2/lnx64/tools/clang-3.9-csynth/bin/tidy-3.1 -export-fixes=/afs/cern.ch/user/m/millerca/vivado_hls/send_packets/write_header/proj/solution/.autopilot/db/tidy-3.1.header.pp.0.cc.diag.yml -header-filter=.* -checks=-*,xilinx-constantarray-param,xilinx-resource-pragma-transformer,xilinx-xfmat-array-geometry -quiet -fix-errors /afs/cern.ch/user/m/millerca/vivado_hls/send_packets/write_header/proj/solution/.autopilot/db/header.pp.0.cc -- -std=gnu++98 -fhls -ferror-limit=0 > /afs/cern.ch/user/m/millerca/vivado_hls/send_packets/write_header/proj/solution/.autopilot/db/tidy-3.1.header.pp.0.cc.out.log 2> /afs/cern.ch/user/m/millerca/vivado_hls/send_packets/write_header/proj/solution/.autopilot/db/tidy-3.1.header.pp.0.cc.err.log 
Command         ap_eval done; 0.91 sec.
Execute         ap_eval exec -ignorestderr /data1/Xilinx/Vivado/2019.2/lnx64/tools/clang-3.9-csynth/bin/xilinx-legacy-rewriter /afs/cern.ch/user/m/millerca/vivado_hls/send_packets/write_header/proj/solution/.autopilot/db/header.pp.0.cc -- -std=gnu++98 -fhls -ferror-limit=0 > /afs/cern.ch/user/m/millerca/vivado_hls/send_packets/write_header/proj/solution/.autopilot/db/xilinx-legacy-rewriter.header.pp.0.cc.out.log 2> /afs/cern.ch/user/m/millerca/vivado_hls/send_packets/write_header/proj/solution/.autopilot/db/xilinx-legacy-rewriter.header.pp.0.cc.err.log 
Command         ap_eval done; 0.61 sec.
Command       tidy_31 done; 1.53 sec.
INFO-FLOW: Done: tidy-3.1 CDT preprocess time: 3.1 seconds per iteration
INFO-FLOW: Pragma Handling...
Execute       tidy_31 xilinx-ssdm-intrinsics-arguments /afs/cern.ch/user/m/millerca/vivado_hls/send_packets/write_header/proj/solution/.autopilot/db/header.pragma.1.cc std=gnu++98 
INFO-FLOW: exec /data1/Xilinx/Vivado/2019.2/lnx64/tools/clang-3.9-csynth/bin/tidy-3.1 -header-filter=.* -checks=-*,xilinx-ssdm-intrinsics-arguments -quiet -fix-errors /afs/cern.ch/user/m/millerca/vivado_hls/send_packets/write_header/proj/solution/.autopilot/db/header.pragma.1.cc -- -std=gnu++98 -fhls -ferror-limit=0
Command       tidy_31 done; 0.96 sec.
Execute       ap_part_info -name xcvu9p-flga2104-2L-e -data info 
INFO-FLOW: Processing labels
Execute       clang -src /afs/cern.ch/user/m/millerca/vivado_hls/send_packets/write_header/proj/solution/.autopilot/db/header.pragma.2.cc  -fno-limit-debug-info -gcc-toolchain /data1/Xilinx/Vivado/2019.2/lnx64/tools/gcc -hls -hls-analyze-label -hls-analyze-pragma -fno-exceptions  -D__llvm__  -w  "/afs/cern.ch/user/m/millerca/vivado_hls/send_packets/write_header/proj/solution/.autopilot/db/header.pragma.2.cc"    -fno-math-errno -c -emit-llvm -O0  -mllvm -disable-llvm-optzns -fno-threadsafe-statics  -fno-use-cxa-atexit -DAESL_SYN -D__SYNTHESIS__ -D__HLS_SYN__ -I "/data1/Xilinx/Vivado/2019.2/common/technology/autopilot" -I "/data1/Xilinx/Vivado/2019.2/common/technology/autopilot/ap_sysc" -include etc/autopilot_ssdm_op.h -D__DSP48E2__ -g -o "/afs/cern.ch/user/m/millerca/vivado_hls/send_packets/write_header/proj/solution/.autopilot/db/header.bc" 
INFO-FLOW: exec /data1/Xilinx/Vivado/2019.2/lnx64/tools/clang/bin/clang -fno-limit-debug-info -gcc-toolchain /data1/Xilinx/Vivado/2019.2/lnx64/tools/gcc -hls -hls-analyze-label -hls-analyze-pragma -fno-exceptions -D__llvm__ -w /afs/cern.ch/user/m/millerca/vivado_hls/send_packets/write_header/proj/solution/.autopilot/db/header.pragma.2.cc -fno-math-errno -c -emit-llvm -O0 -mllvm -disable-llvm-optzns -fno-threadsafe-statics -fno-use-cxa-atexit -DAESL_SYN -D__SYNTHESIS__ -D__HLS_SYN__ -I /data1/Xilinx/Vivado/2019.2/common/technology/autopilot -I /data1/Xilinx/Vivado/2019.2/common/technology/autopilot/ap_sysc -include etc/autopilot_ssdm_op.h -D__DSP48E2__ -g -o /afs/cern.ch/user/m/millerca/vivado_hls/send_packets/write_header/proj/solution/.autopilot/db/header.bc
Command       clang done; 2.75 sec.
INFO-FLOW: Linking Debug ...
Execute       llvm-ld /afs/cern.ch/user/m/millerca/vivado_hls/send_packets/write_header/proj/solution/.autopilot/db/header.g.bc -hls-opt -except-internalize writeheader -L/data1/Xilinx/Vivado/2019.2/lnx64/lib -lhlsm -lhlsmc++ -o /afs/cern.ch/user/m/millerca/vivado_hls/send_packets/write_header/proj/solution/.autopilot/db/a.g 
Command       llvm-ld done; 1.15 sec.
INFO: [HLS 200-111] Finished Linking Time (s): cpu = 00:00:16 ; elapsed = 00:00:18 . Memory (MB): peak = 1050.223 ; gain = 530.191 ; free physical = 593 ; free virtual = 5215
INFO: [HLS 200-111] Finished Checking Pragmas Time (s): cpu = 00:00:16 ; elapsed = 00:00:18 . Memory (MB): peak = 1050.223 ; gain = 530.191 ; free physical = 593 ; free virtual = 5215
Execute       get_config_sdx -target 
Execute       opt_and_import_c a -opt_level=2 -skip_syncheck=0 -ng=0 -keep_printf=0 
Execute         cleanup_all_models 
INFO: [HLS 200-10] Starting code transformations ...
Execute         transform -promote-dbg-pointer /afs/cern.ch/user/m/millerca/vivado_hls/send_packets/write_header/proj/solution/.autopilot/db/a.pp.bc -o /afs/cern.ch/user/m/millerca/vivado_hls/send_packets/write_header/proj/solution/.autopilot/db/a.pp.0.bc -f 
Execute         llvm-ld /afs/cern.ch/user/m/millerca/vivado_hls/send_packets/write_header/proj/solution/.autopilot/db/a.pp.0.bc -disable-opt -L/data1/Xilinx/Vivado/2019.2/lnx64/lib -lfloatconversion -o /afs/cern.ch/user/m/millerca/vivado_hls/send_packets/write_header/proj/solution/.autopilot/db/a.g.0 
Command         llvm-ld done; 1.14 sec.
INFO-FLOW: Running Standard Transforms...
Execute         transform -hls -share-std-xform -demangle-name -inline-byval-memcpy -always-inline -promote-dbg-pointer -interface-preproc -mem2reg -scalarrepl -mem2reg -keep-read-access -instcombine -dce -promote-dbg-pointer -bitop-raise -loop-simplify -indvarspre -indvars -loop-simplify -xunroll -constprop -instcombine -simplifycfg -indvars -simplifycfg -dce -globaldce -basicaa -simplifycfg -mem2reg -globalopt -global-constprop -deadargelim -instcombine -simplifycfg -prune-eh -simplifycfg -scalarrepl -instcombine -reassociate -licm -simplifycfg -loop-simplify -indvars -instcombine -simplifycfg -mem2reg -loop-simplify -indvars -instcombine -gvn -gvn -instcombine -adce -break-crit-edges -simplifycfg -loop-delete -global-array-opt -dce -dse -adce -find-syn-modules -top writeheader -deadargelim -mem2reg -instcombine -dce -presyn-prepare -auto-rom-infer -interface-preproc -syn-check -check-rec-only -find-region -simplifycfg -func-extr -function-inline -globaldce -mem2reg -instcombine -dce -gvn -globaldce -adce -adse -constprop -instcombine -bit-constprop -instcombine -dce -simplifycfg -bitop-raise -simplifycfg -dce -loop-delete -reassociate -globalopt -global-privatize -mem2reg -dce -global-constprop -pointer-simplify -constprop -dce -func-inst -deadargelim -auto-shift-reg-idiom -promote-dbg-pointer -norm-name /afs/cern.ch/user/m/millerca/vivado_hls/send_packets/write_header/proj/solution/.autopilot/db/a.g.0.bc -o /afs/cern.ch/user/m/millerca/vivado_hls/send_packets/write_header/proj/solution/.autopilot/db/a.g.1.bc -f -phase std-opt 
INFO: [HLS 200-111] Finished Standard Transforms Time (s): cpu = 00:00:17 ; elapsed = 00:00:19 . Memory (MB): peak = 1050.223 ; gain = 530.191 ; free physical = 590 ; free virtual = 5213
INFO: [HLS 200-10] Checking synthesizability ...
INFO-FLOW: Checking Synthesizability 1/2..
Execute         transform -hls -syn-check -check-rec-only -disaggr -scalarrepl -norm-name -dce -mem2reg -instcombine -function-uniquify -directive-preproc -mem2reg -dse -dce -auto-rom-infer -dce -pag -array-normalize -instcombine -dce -warn-fifo-pointer -array-seg-normalize -instcombine -dce -array-flatten -instcombine -dce -array-burst -dce -deadargelim -promote-global-argument -simplifycfg -mem2reg -globaldce -dce -deadargelim -dce -instcombine -function-inline -globaldce -dce -doublePtrSimplify -doublePtrElim -dce -doublePtrSimplify -promote-dbg-pointer -dce -scalarrepl -dse -adse -instcombine -ptrLegalization -simplifycfg -dce -instcombine -pointer-simplify -ptrArgReplace -dce -instcombine -resolve-double-ptr -disaggr -scalarrepl -norm-name -dce -mem2reg -instcombine -ptrLegalization -simplifycfg -deadargelim -instcombine -dce -inst-simplify -function-uniquify -directive-preproc -mem2reg -dse -dce -globaldce -check-dspbuiltin /afs/cern.ch/user/m/millerca/vivado_hls/send_packets/write_header/proj/solution/.autopilot/db/a.g.1.bc -o /afs/cern.ch/user/m/millerca/vivado_hls/send_packets/write_header/proj/solution/.autopilot/db/a.g.2.prechk.bc -f 
INFO-FLOW: Checking Synthesizability 2/2..
Execute         transform -syn-check /afs/cern.ch/user/m/millerca/vivado_hls/send_packets/write_header/proj/solution/.autopilot/db/a.g.2.prechk.bc -o /afs/cern.ch/user/m/millerca/vivado_hls/send_packets/write_header/proj/solution/.autopilot/db/a.g.2.bc -f -phase syn-check 
INFO: [HLS 200-111] Finished Checking Synthesizability Time (s): cpu = 00:00:17 ; elapsed = 00:00:19 . Memory (MB): peak = 1050.223 ; gain = 530.191 ; free physical = 588 ; free virtual = 5211
INFO-FLOW: Compiler optimizing ...
INFO-FLOW: Share syncheck's 1.bc for syn flow: copy /afs/cern.ch/user/m/millerca/vivado_hls/send_packets/write_header/proj/solution/.autopilot/db/a.g.1.bc to /afs/cern.ch/user/m/millerca/vivado_hls/send_packets/write_header/proj/solution/.autopilot/db/a.o.1.bc
INFO-FLOW: Presyn 1...
Execute         transform -hls -tmp /afs/cern.ch/user/m/millerca/vivado_hls/send_packets/write_header/proj/solution/.autopilot/db -interface-port-rename -type-info -function-uniquify -directive-preproc -mem2reg -dse -dce -disaggr -scalarrepl -norm-name -deadargelim -mem2reg -instcombine -dce -simplifycfg -auto-rom-infer -dce -function-uniquify -resource-proc -clib-intrinsic-prepare -dce -func-buffer -dce -pag -array-normalize -func-legal -instcombine -gvn -constprop -dce -simplifycfg -mem2reg -globaldce -resolve-double-ptr -dce -deadargelim -dce -instcombine -ptrArgReplace -mem2reg -dce -array-seg-normalize -deadargelim -instcombine -dce -pointer-simplify -dce -port-alignment -dce -interface-preproc -data-pack -instcombine -dce -basicaa -aggr-aa -aggrmodref-aa -aggr-aa -gvn -gvn -basicaa -aggr-aa -aggrmodref-aa -aggr-aa -dse -adse -adce -loop-simplify -indvars -instcombine -gvn -loop-simplify -mem2reg -dce -find-region -instcombine -auto-loop-pipeline -inst-simplify -interface-preproc -cfgopt -instcombine -indvars -auto-loop-unroll -loop-simplify -loop-bound -xunroll -constprop -instcombine -simplifycfg -indvars -simplifycfg -dce -globaldce -clean-region -attach-range -gvn -inst-simplify -constprop -simplifycfg -dce -pointer-simplify -dce -globalopt -constprop -dce -array-promote -constprop -dce -ptrArgReplace -mem2reg -simplifycfg -dce -auto-par -instcombine -dce -array-transform-check -array-reshape -instcombine -simplifycfg -dce -ptrArgReplace -deadargelim -mem2reg -instcombine -simplifycfg -dce -indvars -loop-simplify -loop-bound -xunroll -constprop -instcombine -simplifycfg -indvars -simplifycfg -dce -globaldce -basicaa -aggr-aa -aggrmodref-aa -aggr-aa -dse -duplicate-dataflow-processes -globaldce -instcombine -array-partition -instcombine -simplifycfg -dce -ptrArgReplace -global-constprop -deadargelim -mem2reg -func-legal -dce -global-constprop -deadargelim -mem2reg -simplifycfg -dce -merge-param -deadargelim -globalopt -constprop -dce -array-promote -constprop -dce -ptrArgReplace -mem2reg -simplifycfg -dce -mem-intrinsic-preproc -dce -global-internalize -global-privatize -mem2reg -globaldce -promote-global-argument -ptrArgReplace -mem2reg -dce -globalopt -mergereturn -simplify-global-access -mem2reg -dce -pointer-simplify -dce -functionattrs -basicaa -aggr-aa -aggrmodref-aa -aggr-aa -gvn -gvn -basicaa -aggr-aa -aggrmodref-aa -aggr-aa -dse -adse -adce -dce -norm-name -function-inline -complex-op-raise -inst-simplify -globaldce -func-inst -constprop -instcombine -simplifycfg -dce -func-legal -dce -loop-bound -arraycheck -bitwidthmin -on-by-dataflow -loop-delete -instcombine -simplifycfg -globaldce -dce -gvn -deadargelim -dce -loop-simplify -clean-region -simplifycfg -propagate-stable-arguments -loop-stream -instcombine -simplifycfg -dce -globaldce -duplicate-dataflow-processes -stream-intrinsic-preproc -dce -check-ap-stream -loop-simplify -eliminate-keepreads -extract-dataflow-in-loop -loop-simplify -dce -gvn -deadargelim -dse -check-dataflow-syntax -legalize-stream-variable -legalize-global -extract-subproc -dce -dead-channel-elimination -canonicalize-gep -globaldce -dce -gvn -deadargelim -annotate-dataflow-channels -scalar-propagation -deadargelim -globaldce -mem2reg -check-dataflow-channels -function-stream -dce -globaldce -prop-fifo-spec -internal-stream-gen -canonicalize-gep -globaldce -dce -gvn -deadargelim -mergereturn -indvars -loop-simplify -instcombine -array-stream -array-seg-normalize -array-partition -func-legal -instcombine -simplifycfg -dce -bundle-memfifo-ops -deadargelim -function-uniquify -directive-preproc -mem2reg -dse -dce -group-axi-access -licm -simplifycfg -dce -loop-delete -norm-name /afs/cern.ch/user/m/millerca/vivado_hls/send_packets/write_header/proj/solution/.autopilot/db/a.o.1.bc -o /afs/cern.ch/user/m/millerca/vivado_hls/send_packets/write_header/proj/solution/.autopilot/db/a.o.1.tmp.bc -f 
INFO-FLOW: Presyn 2...
Execute         transform -hls -keep-callgraph -scalarrepl -mem2reg -port-alignment -attach-range -dce -pipe-mux-gen -indvars -loop-bound -inst-simplify -instcombine -dce -merge-array-access -mem2reg -dce -clean-region -mergereturn -if-conv -instcombine -dce -constprop -basicaa -aggr-aa -aggrmodref-aa -aggr-aa -gvn -gvn -basicaa -aggr-aa -aggrmodref-aa -aggr-aa -dse -adse -adce -scalarrepl -mem2reg -global-constprop -deadargelim -deadargelim -instcombine -dce -simplifycfg -ptrArgReplace -mem2reg -function-inline -globaldce -mem2reg -instcombine -dce -expr-balance -instcombine -dce -bitwidthmin -interface-preproc -directive-preproc -inst-rectify -instcombine -dce -functionattrs -constprop -instcombine -bit-constprop -simplify-global-access -globalopt -globaldce -inst-simplify -instcombine -elimdeaddata -dce -loop-delete -simplifycfg -loop-simplify -auto-burst -norm-name /afs/cern.ch/user/m/millerca/vivado_hls/send_packets/write_header/proj/solution/.autopilot/db/a.o.1.tmp.bc -o /afs/cern.ch/user/m/millerca/vivado_hls/send_packets/write_header/proj/solution/.autopilot/db/a.o.2.bc -f -phase presyn 
INFO: [XFORM 203-401] Performing if-conversion on hyperblock to (src/header.cc:13:1) in function 'writeheader'... converting 3 basic blocks.
INFO: [HLS 200-111] Finished Pre-synthesis Time (s): cpu = 00:00:17 ; elapsed = 00:00:19 . Memory (MB): peak = 1050.223 ; gain = 530.191 ; free physical = 569 ; free virtual = 5193
INFO-FLOW: Building ssdm...
Execute         transform -hls -function-uniquify -auto-function-inline -globaldce -ptrArgReplace -mem2reg -dce -reset-lda -loop-simplify -indvars -licm -loop-dep -loop-bound -licm -loop-simplify -flattenloopnest -array-flatten -gvn -instcombine -dce -array-map -dce -func-legal -gvn -adce -instcombine -cfgopt -simplifycfg -loop-simplify -array-burst -promote-global-argument -dce -ptrLegalization -axi4-lower -array-seg-normalize -basicaa -aggrmodref-aa -globalsmodref-aa -aggr-aa -gvn -gvn -basicaa -aggrmodref-aa -globalsmodref-aa -aggr-aa -dse -adse -adce -licm -inst-simplify -dce -globaldce -instcombine -array-stream -eliminate-keepreads -instcombine -dce -deadargelim -doublePtrSimplify -doublePtrElim -dce -doublePtrSimplify -promote-dbg-pointer -dce -scalarrepl -mem2reg -disaggr -norm-name -mem2reg -instcombine -dse -adse -adce -ptrLegalization -dce -auto-rom-infer -array-flatten -dce -instcombine -check-doubleptr -loop-rot -constprop -cfgopt -simplifycfg -loop-simplify -indvars -pointer-simplify -dce -loop-bound -loop-simplify -loop-preproc -constprop -global-constprop -gvn -mem2reg -instcombine -dce -loop-bound -loop-merge -dce -bitwidthmin -deadargelim -dce -canonicalize-dataflow -dce -scalar-propagation -deadargelim -globaldce -mem2reg -read-loop-dep -interface-preproc -directive-preproc -interface-gen -bram-byte-enable -deadargelim -inst-simplify -dce -gvn -mem2reg -instcombine -dce -adse -loop-bound -instcombine -cfgopt -simplifycfg -loop-simplify -clean-region -io-protocol -find-region -mem2reg -bitop-raise -complex-op-raise -inst-simplify -inst-rectify -instcombine -adce -deadargelim -loop-simplify -phi-opt -bitop-raise -cfgopt -simplifycfg -strip-dead-prototypes -interface-lower -bitop-lower -intrinsic-lower -auto-function-inline -basicaa -aggrmodref-aa -globalsmodref-aa -aggr-aa -inst-simplify -simplifycfg -loop-simplify -mergereturn -inst-simplify -inst-rectify -dce -load-elim -bitop-lower -loop-rewind -pointer-simplify -dce -cfgopt -dce -loop-bound -loop-dep -read-loop-dep -dce -check-stream -norm-name -legalize -validate-dataflow -inst-clarity -bitwidth -dump-loop-dep-to-ir -check-all-ssdm -cdfg-build /afs/cern.ch/user/m/millerca/vivado_hls/send_packets/write_header/proj/solution/.autopilot/db/a.o.2.bc -o /afs/cern.ch/user/m/millerca/vivado_hls/send_packets/write_header/proj/solution/.autopilot/db/a.o.3.bc -f -phase build-ssdm 
INFO: [HLS 200-111] Finished Architecture Synthesis Time (s): cpu = 00:00:17 ; elapsed = 00:00:19 . Memory (MB): peak = 1050.223 ; gain = 530.191 ; free physical = 568 ; free virtual = 5192
INFO-FLOW: Finish building internal data model.
Command       opt_and_import_c done; 1.41 sec.
Command     elaborate done; 16.4 sec.
Execute     autosyn -from_csynth_design=1 
INFO: [HLS 200-10] Starting hardware synthesis ...
INFO-FLOW: Synthesizing C/C++ design ...
INFO: [HLS 200-10] Synthesizing 'writeheader' ...
Execute       ap_set_top_model writeheader 
Execute       get_model_list writeheader -filter all-wo-channel -topdown 
Execute       preproc_iomode -model writeheader 
Execute       get_model_list writeheader -filter all-wo-channel 
INFO-FLOW: Model list for configure: writeheader
INFO-FLOW: Configuring Module : writeheader ...
Execute       set_default_model writeheader 
Execute       apply_spec_resource_limit writeheader 
INFO-FLOW: Model list for preprocess: writeheader
INFO-FLOW: Preprocessing Module: writeheader ...
Execute       set_default_model writeheader 
Execute       cdfg_preprocess -model writeheader 
Execute       rtl_gen_preprocess writeheader 
WARNING: [SYN 201-107] Renaming port name 'writeheader/write' to 'writeheader/write_r' to avoid the conflict with HDL keywords or other object names.
INFO-FLOW: Model list for synthesis: writeheader
INFO: [HLS 200-10] ----------------------------------------------------------------
INFO: [HLS 200-42] -- Implementing module 'writeheader' 
INFO: [HLS 200-10] ----------------------------------------------------------------
Execute       set_default_model writeheader 
Execute       schedule -model writeheader 
INFO: [SCHED 204-11] Starting scheduling ...
INFO: [SCHED 204-61] Pipelining function 'writeheader'.
INFO: [SCHED 204-61] Pipelining result : Target II = 1, Final II = 1, Depth = 1.
INFO: [SCHED 204-11] Finished scheduling.
INFO: [HLS 200-111]  Elapsed time: 19.22 seconds; current allocated memory: 102.372 MB.
Execute       syn_report -verbosereport -o /afs/cern.ch/user/m/millerca/vivado_hls/send_packets/write_header/proj/solution/.autopilot/db/writeheader.verbose.sched.rpt 
Execute       db_write -o /afs/cern.ch/user/m/millerca/vivado_hls/send_packets/write_header/proj/solution/.autopilot/db/writeheader.sched.adb -f 
INFO-FLOW: Finish scheduling writeheader.
Execute       set_default_model writeheader 
Execute       bind -model writeheader 
BIND OPTION: model=writeheader
INFO: [BIND 205-100] Starting micro-architecture generation ...
INFO: [BIND 205-101] Performing variable lifetime analysis.
INFO: [BIND 205-101] Exploring resource sharing.
INFO: [BIND 205-101] Binding ...
INFO: [BIND 205-100] Finished micro-architecture generation.
INFO: [HLS 200-111]  Elapsed time: 0.03 seconds; current allocated memory: 102.470 MB.
Execute       syn_report -verbosereport -o /afs/cern.ch/user/m/millerca/vivado_hls/send_packets/write_header/proj/solution/.autopilot/db/writeheader.verbose.bind.rpt 
Execute       db_write -o /afs/cern.ch/user/m/millerca/vivado_hls/send_packets/write_header/proj/solution/.autopilot/db/writeheader.bind.adb -f 
INFO-FLOW: Finish binding writeheader.
Execute       get_model_list writeheader -filter all-wo-channel 
INFO-FLOW: Preprocessing for RTLGen ...
Execute       rtl_gen_preprocess writeheader 
INFO-FLOW: Model list for RTL generation: writeheader
INFO: [HLS 200-10] ----------------------------------------------------------------
INFO: [HLS 200-10] -- Generating RTL for module 'writeheader' 
INFO: [HLS 200-10] ----------------------------------------------------------------
Execute       get_config_rtl -module_prefix 
Execute       get_config_rtl -module_auto_prefix 
Execute       create_rtl_model writeheader -vendor xilinx -mg_file /afs/cern.ch/user/m/millerca/vivado_hls/send_packets/write_header/proj/solution/.autopilot/db/writeheader.compgen.tcl 
INFO: [RTGEN 206-500] Setting interface mode on port 'writeheader/bx_V' to 'ap_none'.
INFO: [RTGEN 206-500] Setting interface mode on port 'writeheader/orbit_V' to 'ap_none'.
INFO: [RTGEN 206-500] Setting interface mode on port 'writeheader/run_V' to 'ap_none'.
INFO: [RTGEN 206-500] Setting interface mode on port 'writeheader/write_r' to 'ap_none'.
INFO: [RTGEN 206-500] Setting interface mode on function 'writeheader' to 'ap_ctrl_hs'.
INFO: [RTGEN 206-100] Finished creating RTL model for 'writeheader'.
INFO: [HLS 200-111]  Elapsed time: 0.07 seconds; current allocated memory: 102.670 MB.
Execute       source /afs/cern.ch/user/m/millerca/vivado_hls/send_packets/write_header/proj/solution/.autopilot/db/writeheader.rtl_wrap.cfg.tcl 
Execute       gen_rtl writeheader -istop -style xilinx -tracefl mytrace -tracefmt vcd -traceopt all -f -lang sc -o /afs/cern.ch/user/m/millerca/vivado_hls/send_packets/write_header/proj/solution/syn/systemc/writeheader -synmodules writeheader 
Execute       gen_rtl writeheader -istop -style xilinx -f -lang vhdl -o /afs/cern.ch/user/m/millerca/vivado_hls/send_packets/write_header/proj/solution/syn/vhdl/writeheader 
Execute       gen_rtl writeheader -istop -style xilinx -f -lang vlog -o /afs/cern.ch/user/m/millerca/vivado_hls/send_packets/write_header/proj/solution/syn/verilog/writeheader 
Execute       syn_report -csynth -model writeheader -o /afs/cern.ch/user/m/millerca/vivado_hls/send_packets/write_header/proj/solution/syn/report/writeheader_csynth.rpt 
Execute       syn_report -rtlxml -model writeheader -o /afs/cern.ch/user/m/millerca/vivado_hls/send_packets/write_header/proj/solution/syn/report/writeheader_csynth.xml 
Execute       syn_report -verbosereport -model writeheader -o /afs/cern.ch/user/m/millerca/vivado_hls/send_packets/write_header/proj/solution/.autopilot/db/writeheader.verbose.rpt 
Execute       db_write -model writeheader -f -o /afs/cern.ch/user/m/millerca/vivado_hls/send_packets/write_header/proj/solution/.autopilot/db/writeheader.adb 
Execute       gen_tb_info writeheader -p /afs/cern.ch/user/m/millerca/vivado_hls/send_packets/write_header/proj/solution/.autopilot/db -o /afs/cern.ch/user/m/millerca/vivado_hls/send_packets/write_header/proj/solution/.autopilot/db/writeheader 
Execute       export_constraint_db -f -tool general -o /afs/cern.ch/user/m/millerca/vivado_hls/send_packets/write_header/proj/solution/.autopilot/db/writeheader.constraint.tcl 
Execute       syn_report -designview -model writeheader -o /afs/cern.ch/user/m/millerca/vivado_hls/send_packets/write_header/proj/solution/.autopilot/db/writeheader.design.xml 
Execute       get_config_rtl -disable_wave_debug 
Execute       syn_report -wcfg -model writeheader -o /afs/cern.ch/user/m/millerca/vivado_hls/send_packets/write_header/proj/solution/.autopilot/db/writeheader_dataflow_ana.wcfg 
Execute       syn_report -protoinst -model writeheader -o /afs/cern.ch/user/m/millerca/vivado_hls/send_packets/write_header/proj/solution/.autopilot/db/writeheader.protoinst 
Execute       get_config_debug -directory 
Execute       sc_get_clocks writeheader 
Execute       get_config_export -vivado_clock 
Execute       sc_get_portdomain writeheader 
INFO-FLOW: Model list for RTL component generation: writeheader
INFO-FLOW: Handling components in module [writeheader] ... 
Execute       source /afs/cern.ch/user/m/millerca/vivado_hls/send_packets/write_header/proj/solution/.autopilot/db/writeheader.compgen.tcl 
INFO-FLOW: Append model writeheader
INFO-FLOW: Generating RTL model list ...
INFO-FLOW: All models in this session: writeheader
INFO-FLOW: To file: write model writeheader
INFO-FLOW: Finished generating RTL model list.


INFO-FLOW: RTL Generation done.
INFO-FLOW: CAS Generation done.
INFO-FLOW: CBC Generation done.
Execute       syn_report -model writeheader -printsummary 
INFO: [HLS 200-789] **** Estimated Fmax: 2433.09 MHz
INFO-FLOW: DBG:CMD: auto_generate_csynth_design
INFO-FLOW: DBG:CMD:     auto_generate --sim-model -phase csynth_design -d /afs/cern.ch/user/m/millerca/vivado_hls/send_packets/write_header/proj/solution
Execute       source /afs/cern.ch/user/m/millerca/vivado_hls/send_packets/write_header/proj/solution/.autopilot/db/global.setting.tcl 
INFO-FLOW: DBG:CMD: read_platform_lib /afs/cern.ch/user/m/millerca/vivado_hls/send_packets/write_header/proj/solution/.autopilot/db/global.setting.tcl
Execute       source /data1/Xilinx/Vivado/2019.2/common/technology/generic/autopilot/common.gen 
Execute         source /data1/Xilinx/Vivado/2019.2/common/technology/generic/autopilot/APCoreGen.gen 
Execute       source /data1/Xilinx/Vivado/2019.2/common/technology/generic/autopilot/op.gen 
Execute       source /data1/Xilinx/Vivado/2019.2/common/technology/generic/autopilot/op_simcore.gen 
Execute       source /data1/Xilinx/Vivado/2019.2/common/technology/generic/autopilot/interface.gen 
Execute       source /afs/cern.ch/user/m/millerca/vivado_hls/send_packets/write_header/proj/solution/.autopilot/db/global.setting.tcl 
Execute       source /data1/Xilinx/Vivado/2019.2/common/technology/xilinx/virtexuplus/virtexuplus.gen 
Execute         source /data1/Xilinx/Vivado/2019.2/common/technology/xilinx/common/xilinx.gen 
Execute           source /data1/Xilinx/Vivado/2019.2/common/technology/xilinx/interface/plb46.gen 
Execute           source /data1/Xilinx/Vivado/2019.2/common/technology/xilinx/interface/fsl.gen 
Execute           source /data1/Xilinx/Vivado/2019.2/common/technology/xilinx/interface/axi4.gen 
Execute           source /data1/Xilinx/Vivado/2019.2/common/technology/xilinx/interface/nativeAXI4.gen 
Execute             source /data1/Xilinx/Vivado/2019.2/common/technology/xilinx/interface/saxilite.gen 
Execute             source /data1/Xilinx/Vivado/2019.2/common/technology/xilinx/interface/maxi.gen 
Execute           source /data1/Xilinx/Vivado/2019.2/common/technology/xilinx/scripts/xilinxcoregen.gen 
Execute           source /data1/Xilinx/Vivado/2019.2/common/technology/xilinx/interface/XilEDKCoreGen.gen 
Execute           source /data1/Xilinx/Vivado/2019.2/common/technology/xilinx/ip/dds_compiler.gen 
Execute           source /data1/Xilinx/Vivado/2019.2/common/technology/xilinx/ip/util.gen 
Execute           source /data1/Xilinx/Vivado/2019.2/common/technology/xilinx/ip/xfft.gen 
Execute           source /data1/Xilinx/Vivado/2019.2/common/technology/xilinx/ip/xfir.gen 
Execute           source /data1/Xilinx/Vivado/2019.2/common/technology/xilinx/common/dsp48.gen 
Command         ap_source done; 0.12 sec.
Command       ap_source done; 0.12 sec.
Execute       source /data1/Xilinx/Vivado/2019.2/common/technology/xilinx/virtexuplus/virtexuplus_fpv7.gen 
Execute         source /data1/Xilinx/Vivado/2019.2/common/technology/xilinx/common/xilinx_fp.gen 
INFO-FLOW: DBG:CMD:   using AESL_AUTOCG::g_clock_period=2.778 (was NA)
INFO-FLOW: DBG:CMD:       generate_ip_cores sim=1 export=0 expOnly=0 dstVlogDir=syn/verilog
Execute       source /afs/cern.ch/user/m/millerca/vivado_hls/send_packets/write_header/proj/solution/.autopilot/db/global.setting.tcl 
Execute       ap_part_info -name xcvu9p-flga2104-2L-e -data names -quiet 
Execute       ap_part_info -name xcvu9p-flga2104-2L-e -data info -quiet 
Execute       source /afs/cern.ch/user/m/millerca/vivado_hls/send_packets/write_header/proj/solution/.autopilot/db/global.setting.tcl 
Execute       source /afs/cern.ch/user/m/millerca/vivado_hls/send_packets/write_header/proj/solution/.autopilot/db/global.setting.tcl 
Execute       source /afs/cern.ch/user/m/millerca/vivado_hls/send_packets/write_header/proj/solution/.autopilot/db/writeheader.compgen.tcl 
INFO-FLOW: DBG:CMD:     auto_generate -export -impltomg_flag -rtl both -tool Vivado -pcore_version 1.00.a -phase csynth_design -d /afs/cern.ch/user/m/millerca/vivado_hls/send_packets/write_header/proj/solution
Execute       source /afs/cern.ch/user/m/millerca/vivado_hls/send_packets/write_header/proj/solution/.autopilot/db/global.setting.tcl 
INFO-FLOW: DBG:CMD: read_platform_lib /afs/cern.ch/user/m/millerca/vivado_hls/send_packets/write_header/proj/solution/.autopilot/db/global.setting.tcl
Execute       source /data1/Xilinx/Vivado/2019.2/common/technology/generic/autopilot/common.gen 
Execute         source /data1/Xilinx/Vivado/2019.2/common/technology/generic/autopilot/APCoreGen.gen 
Execute       source /data1/Xilinx/Vivado/2019.2/common/technology/generic/autopilot/op.gen 
Execute       source /data1/Xilinx/Vivado/2019.2/common/technology/generic/autopilot/op_simcore.gen 
Execute       source /data1/Xilinx/Vivado/2019.2/common/technology/generic/autopilot/interface.gen 
Execute       source /afs/cern.ch/user/m/millerca/vivado_hls/send_packets/write_header/proj/solution/.autopilot/db/global.setting.tcl 
Execute       source /data1/Xilinx/Vivado/2019.2/common/technology/xilinx/virtexuplus/virtexuplus.gen 
Execute         source /data1/Xilinx/Vivado/2019.2/common/technology/xilinx/common/xilinx.gen 
Execute           source /data1/Xilinx/Vivado/2019.2/common/technology/xilinx/interface/plb46.gen 
Execute           source /data1/Xilinx/Vivado/2019.2/common/technology/xilinx/interface/fsl.gen 
Execute           source /data1/Xilinx/Vivado/2019.2/common/technology/xilinx/interface/axi4.gen 
Execute           source /data1/Xilinx/Vivado/2019.2/common/technology/xilinx/interface/nativeAXI4.gen 
Execute             source /data1/Xilinx/Vivado/2019.2/common/technology/xilinx/interface/saxilite.gen 
Execute             source /data1/Xilinx/Vivado/2019.2/common/technology/xilinx/interface/maxi.gen 
Execute           source /data1/Xilinx/Vivado/2019.2/common/technology/xilinx/scripts/xilinxcoregen.gen 
Execute           source /data1/Xilinx/Vivado/2019.2/common/technology/xilinx/interface/XilEDKCoreGen.gen 
Execute           source /data1/Xilinx/Vivado/2019.2/common/technology/xilinx/ip/dds_compiler.gen 
Execute           source /data1/Xilinx/Vivado/2019.2/common/technology/xilinx/ip/util.gen 
Execute           source /data1/Xilinx/Vivado/2019.2/common/technology/xilinx/ip/xfft.gen 
Execute           source /data1/Xilinx/Vivado/2019.2/common/technology/xilinx/ip/xfir.gen 
Execute           source /data1/Xilinx/Vivado/2019.2/common/technology/xilinx/common/dsp48.gen 
Command         ap_source done; 0.11 sec.
Command       ap_source done; 0.11 sec.
Execute       source /data1/Xilinx/Vivado/2019.2/common/technology/xilinx/virtexuplus/virtexuplus_fpv7.gen 
Execute         source /data1/Xilinx/Vivado/2019.2/common/technology/xilinx/common/xilinx_fp.gen 
INFO-FLOW: DBG:CMD:       initCTypeInfo top_module=writeheader xml_exists=0
Execute       source /afs/cern.ch/user/m/millerca/vivado_hls/send_packets/write_header/proj/solution/.autopilot/db/writeheader.rtl_wrap.cfg.tcl 
Execute       source /afs/cern.ch/user/m/millerca/vivado_hls/send_packets/write_header/proj/solution/.autopilot/db/writeheader.rtl_wrap.cfg.tcl 
Execute       source /afs/cern.ch/user/m/millerca/vivado_hls/send_packets/write_header/proj/solution/.autopilot/db/writeheader.rtl_wrap.cfg.tcl 
Execute       source /afs/cern.ch/user/m/millerca/vivado_hls/send_packets/write_header/proj/solution/.autopilot/db/writeheader.tbgen.tcl 
Execute       source /afs/cern.ch/user/m/millerca/vivado_hls/send_packets/write_header/proj/solution/.autopilot/db/writeheader.tbgen.tcl 
INFO-FLOW: DBG:CMD:       export_impl_rtl
INFO-FLOW: DBG:CMD:       generate_ip_cores sim=0 export=0 expOnly=0 dstVlogDir=impl/.verilog
Execute       source /afs/cern.ch/user/m/millerca/vivado_hls/send_packets/write_header/proj/solution/.autopilot/db/global.setting.tcl 
Execute       source /afs/cern.ch/user/m/millerca/vivado_hls/send_packets/write_header/proj/solution/.autopilot/db/writeheader.compgen.tcl 
INFO-FLOW: DBG:CMD:       generate_ip_cores sim=0 export=1 expOnly=1 dstVlogDir=impl/.pcores/verilog
Execute       source /afs/cern.ch/user/m/millerca/vivado_hls/send_packets/write_header/proj/solution/.autopilot/db/global.setting.tcl 
Execute       source /afs/cern.ch/user/m/millerca/vivado_hls/send_packets/write_header/proj/solution/.autopilot/db/writeheader.compgen.tcl 
Execute         ap_part_info -name xcvu9p-flga2104-2L-e -data names -quiet 
Execute         ap_part_info -name xcvu9p-flga2104-2L-e -data info -quiet 
Execute         ap_part_info -name xcvu9p-flga2104-2L-e -data names -quiet 
Execute         ap_part_info -name xcvu9p-flga2104-2L-e -data info -quiet 
Execute         ap_part_info -name xcvu9p-flga2104-2L-e -data names -quiet 
Execute         ap_part_info -name xcvu9p-flga2104-2L-e -data info -quiet 
Execute         ap_part_info -name xcvu9p-flga2104-2L-e -data names -quiet 
Execute         ap_part_info -name xcvu9p-flga2104-2L-e -data info -quiet 
Execute         ap_part_info -name xcvu9p-flga2104-2L-e -data names -quiet 
Execute         ap_part_info -name xcvu9p-flga2104-2L-e -data info -quiet 
Execute         ap_part_info -name xcvu9p-flga2104-2L-e -data names -quiet 
Execute         ap_part_info -name xcvu9p-flga2104-2L-e -data info -quiet 
Execute         ap_part_info -name xcvu9p-flga2104-2L-e -data names -quiet 
Execute         ap_part_info -name xcvu9p-flga2104-2L-e -data info -quiet 
Execute         ap_part_info -name xcvu9p-flga2104-2L-e -data names -quiet 
Execute         ap_part_info -name xcvu9p-flga2104-2L-e -data info -quiet 
Execute         ap_part_info -name xcvu9p-flga2104-2L-e -data names -quiet 
Execute         ap_part_info -name xcvu9p-flga2104-2L-e -data info -quiet 
Execute         ap_part_info -name xcvu9p-flga2104-2L-e -data names -quiet 
Execute         ap_part_info -name xcvu9p-flga2104-2L-e -data info -quiet 
Command       ap_source done; 0.11 sec.
Execute       ap_part_info -name xcvu9p-flga2104-2L-e -data names -quiet 
Execute       ap_part_info -name xcvu9p-flga2104-2L-e -data info -quiet 
INFO-FLOW: DBG:CMD:       generate_ip_cores sim=0 export=0 expOnly=0 dstVlogDir=impl/.pcores/verilog_sim
Execute       source /afs/cern.ch/user/m/millerca/vivado_hls/send_packets/write_header/proj/solution/.autopilot/db/global.setting.tcl 
Execute       source /afs/cern.ch/user/m/millerca/vivado_hls/send_packets/write_header/proj/solution/.autopilot/db/writeheader.compgen.tcl 
Execute       ap_part_info -name xcvu9p-flga2104-2L-e -data names -quiet 
Execute       ap_part_info -name xcvu9p-flga2104-2L-e -data info -quiet 
Execute       ap_part_info -name xcvu9p-flga2104-2L-e -data names -quiet 
Execute       ap_part_info -name xcvu9p-flga2104-2L-e -data info -quiet 
Execute       source /afs/cern.ch/user/m/millerca/vivado_hls/send_packets/write_header/proj/solution/.autopilot/db/global.setting.tcl 
Execute       ap_part_info -name xcvu9p-flga2104-2L-e -data names -quiet 
Execute       ap_part_info -name xcvu9p-flga2104-2L-e -data info -quiet 
Execute       source /afs/cern.ch/user/m/millerca/vivado_hls/send_packets/write_header/proj/solution/.autopilot/db/writeheader.constraint.tcl 
INFO-FLOW: DBG:CMD:       hasPcoreIpAdapter=false #gSsdmPorts=12
INFO-FLOW: DBG:CMD: Skipping loadAnalyze_DB, #g_database=5
INFO-FLOW: DBG:CMD:       generate_json is_phase_csynth=1 g_has_adaptors=false generate_bd_files=0 #modelList=1 #gSsdmPorts=12
Execute       source /data1/Xilinx/Vivado/2019.2/tps/tcl/tcllib1.11.1/fileutil/fileutil.tcl 
Execute         source /data1/Xilinx/Vivado/2019.2/tps/tcl/tcllib1.11.1/cmdline/cmdline.tcl 
Execute       source /afs/cern.ch/user/m/millerca/vivado_hls/send_packets/write_header/proj/solution/.autopilot/db/global.setting.tcl 
Execute       source /afs/cern.ch/user/m/millerca/vivado_hls/send_packets/write_header/proj/solution/.autopilot/db/global.setting.tcl 
Execute       get_config_export -xo 
Execute       source /afs/cern.ch/user/m/millerca/vivado_hls/send_packets/write_header/proj/solution/.autopilot/db/writeheader.tbgen.tcl 
Execute       source /afs/cern.ch/user/m/millerca/vivado_hls/send_packets/write_header/proj/solution/.autopilot/db/writeheader.tbgen.tcl 
Execute       source /afs/cern.ch/user/m/millerca/vivado_hls/send_packets/write_header/proj/solution/.autopilot/db/writeheader.tbgen.tcl 
Execute       source /afs/cern.ch/user/m/millerca/vivado_hls/send_packets/write_header/proj/solution/.autopilot/db/global.setting.tcl 
Execute       get_config_sdx -target 
Execute       source /afs/cern.ch/user/m/millerca/vivado_hls/send_packets/write_header/proj/solution/.autopilot/db/writeheader.rtl_wrap.cfg.tcl 
Execute       source /afs/cern.ch/user/m/millerca/vivado_hls/send_packets/write_header/proj/solution/.autopilot/db/writeheader.compgen.dataonly.tcl 
Execute       source /afs/cern.ch/user/m/millerca/vivado_hls/send_packets/write_header/proj/solution/.autopilot/db/global.setting.tcl 
Execute       ap_part_info -name xcvu9p-flga2104-2L-e -data names -quiet 
Execute       ap_part_info -name xcvu9p-flga2104-2L-e -data info -quiet 
Execute       source /afs/cern.ch/user/m/millerca/vivado_hls/send_packets/write_header/proj/solution/.autopilot/db/writeheader.constraint.tcl 
Execute       ap_part_info -name xcvu9p-flga2104-2L-e -data names -quiet 
Execute       ap_part_info -name xcvu9p-flga2104-2L-e -data info -quiet 
Execute       source /afs/cern.ch/user/m/millerca/vivado_hls/send_packets/write_header/proj/solution/.autopilot/db/global.setting.tcl 
Execute       get_config_debug -directory 
Execute       source /afs/cern.ch/user/m/millerca/vivado_hls/send_packets/write_header/proj/solution/.autopilot/db/writeheader.tbgen.tcl 
Execute       get_config_sdx -target 
Execute       get_config_sdx -profile 
Execute       get_config_rtl -kernel_profile 
Execute       get_config_rtl -stall_sig_gen 
Execute       get_config_rtl -profile 
INFO-FLOW: DBG:CMD: add_json_sdx_info kernel file does not exist, skipping opencl info: /afs/cern.ch/user/m/millerca/vivado_hls/send_packets/write_header/proj/solution/.autopilot/db/kernel.internal.xml
INFO-FLOW: DBG:CMD:       delete-temp-dirs (skipped for debug)
INFO: [HLS 200-111] Finished generating all RTL models Time (s): cpu = 00:00:17 ; elapsed = 00:00:23 . Memory (MB): peak = 1050.223 ; gain = 530.191 ; free physical = 566 ; free virtual = 5191
INFO: [VHDL 208-304] Generating VHDL RTL for writeheader.
INFO: [VLOG 209-307] Generating Verilog RTL for writeheader.
Command     autosyn done; 3.78 sec.
Command   csynth_design done; 20.18 sec.
Command ap_source done; 22.7 sec.
Execute cleanup_all 
