INFO: Applying HLS Y2K22 patch v1.2 for IP revision
INFO: [HLS 200-10] Running '/data1/Xilinx/Vivado/2019.2/bin/unwrapped/lnx64.o/vivado_hls'
INFO: [HLS 200-10] For user 'millerca' on host 'gpetruc-firmware.cern.ch' (Linux_x86_64 version 3.10.0-1160.36.2.el7.x86_64) on Thu Jun 02 14:23:15 CEST 2022
INFO: [HLS 200-10] On os "CentOS Linux release 7.9.2009 (Core) "
INFO: [HLS 200-10] In directory '/afs/cern.ch/user/m/millerca/vivado_hls/send_packets/stream'
Sourcing Tcl script '/afs/cern.ch/user/m/millerca/vivado_hls/send_packets/stream/proj/solution/csim.tcl'
INFO: [HLS 200-10] Opening project '/afs/cern.ch/user/m/millerca/vivado_hls/send_packets/stream/proj'.
INFO: [HLS 200-10] Opening solution '/afs/cern.ch/user/m/millerca/vivado_hls/send_packets/stream/proj/solution'.
INFO: [SYN 201-201] Setting up clock 'default' with a period of 2.778ns.
INFO: [HLS 200-10] Setting target device to 'xcvu9p-flga2104-2L-e'
INFO: [SIM 211-2] *************** CSIM start ***************
INFO: [SIM 211-4] CSIM will launch GCC as the compiler.
   Compiling ../../../../testbench.cc in debug mode
   Compiling ../../../../src/stream.cc in debug mode
   Generating csim.exe
ERROR: test #4, clock #0, candidate #0: 
lastvalid == true but not on last valid candidate 
@E Simulation failed: Function 'main' returns nonzero value '1'.
ERROR: [SIM 211-100] 'csim_design' failed: nonzero return value.
INFO: [SIM 211-3] *************** CSIM finish ***************
4
    while executing
"source /afs/cern.ch/user/m/millerca/vivado_hls/send_packets/stream/proj/solution/csim.tcl"
    invoked from within
"hls::main /afs/cern.ch/user/m/millerca/vivado_hls/send_packets/stream/proj/solution/csim.tcl"
    ("uplevel" body line 1)
    invoked from within
"uplevel 1 hls::main {*}$args"
    (procedure "hls_proc" line 5)
    invoked from within
"hls_proc $argv"
